CRITICAL - 2023-07-26 00:00:12 --> Undefined variable $msg_count
#0 C:\xampp\htdocs\app_bank_sumut\app\Controllers\LiveChatController.php(376): CodeIgniter\Debug\Exceptions->errorHandler(2, 'Undefined varia...', 'C:\\xampp\\htdocs...', 376)
#1 C:\xampp\htdocs\app_bank_sumut\system\CodeIgniter.php(832): App\Controllers\LiveChatController->getUnreadCountNav()
#2 C:\xampp\htdocs\app_bank_sumut\system\CodeIgniter.php(419): CodeIgniter\CodeIgniter->runController(Object(App\Controllers\LiveChatController))
#3 C:\xampp\htdocs\app_bank_sumut\system\CodeIgniter.php(326): CodeIgniter\CodeIgniter->handleRequest(NULL, Object(Config\Cache), false)
#4 C:\xampp\htdocs\app_bank_sumut\public\index.php(37): CodeIgniter\CodeIgniter->run()
#5 {main}
CRITICAL - 2023-07-26 00:01:12 --> Undefined variable $msg_count
#0 C:\xampp\htdocs\app_bank_sumut\app\Controllers\LiveChatController.php(376): CodeIgniter\Debug\Exceptions->errorHandler(2, 'Undefined varia...', 'C:\\xampp\\htdocs...', 376)
#1 C:\xampp\htdocs\app_bank_sumut\system\CodeIgniter.php(832): App\Controllers\LiveChatController->getUnreadCountNav()
#2 C:\xampp\htdocs\app_bank_sumut\system\CodeIgniter.php(419): CodeIgniter\CodeIgniter->runController(Object(App\Controllers\LiveChatController))
#3 C:\xampp\htdocs\app_bank_sumut\system\CodeIgniter.php(326): CodeIgniter\CodeIgniter->handleRequest(NULL, Object(Config\Cache), false)
#4 C:\xampp\htdocs\app_bank_sumut\public\index.php(37): CodeIgniter\CodeIgniter->run()
#5 {main}
CRITICAL - 2023-07-26 00:02:12 --> Undefined variable $msg_count
#0 C:\xampp\htdocs\app_bank_sumut\app\Controllers\LiveChatController.php(376): CodeIgniter\Debug\Exceptions->errorHandler(2, 'Undefined varia...', 'C:\\xampp\\htdocs...', 376)
#1 C:\xampp\htdocs\app_bank_sumut\system\CodeIgniter.php(832): App\Controllers\LiveChatController->getUnreadCountNav()
#2 C:\xampp\htdocs\app_bank_sumut\system\CodeIgniter.php(419): CodeIgniter\CodeIgniter->runController(Object(App\Controllers\LiveChatController))
#3 C:\xampp\htdocs\app_bank_sumut\system\CodeIgniter.php(326): CodeIgniter\CodeIgniter->handleRequest(NULL, Object(Config\Cache), false)
#4 C:\xampp\htdocs\app_bank_sumut\public\index.php(37): CodeIgniter\CodeIgniter->run()
#5 {main}
CRITICAL - 2023-07-26 00:03:12 --> Undefined variable $msg_count
#0 C:\xampp\htdocs\app_bank_sumut\app\Controllers\LiveChatController.php(376): CodeIgniter\Debug\Exceptions->errorHandler(2, 'Undefined varia...', 'C:\\xampp\\htdocs...', 376)
#1 C:\xampp\htdocs\app_bank_sumut\system\CodeIgniter.php(832): App\Controllers\LiveChatController->getUnreadCountNav()
#2 C:\xampp\htdocs\app_bank_sumut\system\CodeIgniter.php(419): CodeIgniter\CodeIgniter->runController(Object(App\Controllers\LiveChatController))
#3 C:\xampp\htdocs\app_bank_sumut\system\CodeIgniter.php(326): CodeIgniter\CodeIgniter->handleRequest(NULL, Object(Config\Cache), false)
#4 C:\xampp\htdocs\app_bank_sumut\public\index.php(37): CodeIgniter\CodeIgniter->run()
#5 {main}
CRITICAL - 2023-07-26 00:04:13 --> Undefined variable $msg_count
#0 C:\xampp\htdocs\app_bank_sumut\app\Controllers\LiveChatController.php(376): CodeIgniter\Debug\Exceptions->errorHandler(2, 'Undefined varia...', 'C:\\xampp\\htdocs...', 376)
#1 C:\xampp\htdocs\app_bank_sumut\system\CodeIgniter.php(832): App\Controllers\LiveChatController->getUnreadCountNav()
#2 C:\xampp\htdocs\app_bank_sumut\system\CodeIgniter.php(419): CodeIgniter\CodeIgniter->runController(Object(App\Controllers\LiveChatController))
#3 C:\xampp\htdocs\app_bank_sumut\system\CodeIgniter.php(326): CodeIgniter\CodeIgniter->handleRequest(NULL, Object(Config\Cache), false)
#4 C:\xampp\htdocs\app_bank_sumut\public\index.php(37): CodeIgniter\CodeIgniter->run()
#5 {main}
CRITICAL - 2023-07-26 00:05:12 --> Undefined variable $msg_count
#0 C:\xampp\htdocs\app_bank_sumut\app\Controllers\LiveChatController.php(376): CodeIgniter\Debug\Exceptions->errorHandler(2, 'Undefined varia...', 'C:\\xampp\\htdocs...', 376)
#1 C:\xampp\htdocs\app_bank_sumut\system\CodeIgniter.php(832): App\Controllers\LiveChatController->getUnreadCountNav()
#2 C:\xampp\htdocs\app_bank_sumut\system\CodeIgniter.php(419): CodeIgniter\CodeIgniter->runController(Object(App\Controllers\LiveChatController))
#3 C:\xampp\htdocs\app_bank_sumut\system\CodeIgniter.php(326): CodeIgniter\CodeIgniter->handleRequest(NULL, Object(Config\Cache), false)
#4 C:\xampp\htdocs\app_bank_sumut\public\index.php(37): CodeIgniter\CodeIgniter->run()
#5 {main}
CRITICAL - 2023-07-26 00:06:12 --> Undefined variable $msg_count
#0 C:\xampp\htdocs\app_bank_sumut\app\Controllers\LiveChatController.php(376): CodeIgniter\Debug\Exceptions->errorHandler(2, 'Undefined varia...', 'C:\\xampp\\htdocs...', 376)
#1 C:\xampp\htdocs\app_bank_sumut\system\CodeIgniter.php(832): App\Controllers\LiveChatController->getUnreadCountNav()
#2 C:\xampp\htdocs\app_bank_sumut\system\CodeIgniter.php(419): CodeIgniter\CodeIgniter->runController(Object(App\Controllers\LiveChatController))
#3 C:\xampp\htdocs\app_bank_sumut\system\CodeIgniter.php(326): CodeIgniter\CodeIgniter->handleRequest(NULL, Object(Config\Cache), false)
#4 C:\xampp\htdocs\app_bank_sumut\public\index.php(37): CodeIgniter\CodeIgniter->run()
#5 {main}
CRITICAL - 2023-07-26 00:07:12 --> Undefined variable $msg_count
#0 C:\xampp\htdocs\app_bank_sumut\app\Controllers\LiveChatController.php(376): CodeIgniter\Debug\Exceptions->errorHandler(2, 'Undefined varia...', 'C:\\xampp\\htdocs...', 376)
#1 C:\xampp\htdocs\app_bank_sumut\system\CodeIgniter.php(832): App\Controllers\LiveChatController->getUnreadCountNav()
#2 C:\xampp\htdocs\app_bank_sumut\system\CodeIgniter.php(419): CodeIgniter\CodeIgniter->runController(Object(App\Controllers\LiveChatController))
#3 C:\xampp\htdocs\app_bank_sumut\system\CodeIgniter.php(326): CodeIgniter\CodeIgniter->handleRequest(NULL, Object(Config\Cache), false)
#4 C:\xampp\htdocs\app_bank_sumut\public\index.php(37): CodeIgniter\CodeIgniter->run()
#5 {main}
CRITICAL - 2023-07-26 00:08:12 --> Undefined variable $msg_count
#0 C:\xampp\htdocs\app_bank_sumut\app\Controllers\LiveChatController.php(376): CodeIgniter\Debug\Exceptions->errorHandler(2, 'Undefined varia...', 'C:\\xampp\\htdocs...', 376)
#1 C:\xampp\htdocs\app_bank_sumut\system\CodeIgniter.php(832): App\Controllers\LiveChatController->getUnreadCountNav()
#2 C:\xampp\htdocs\app_bank_sumut\system\CodeIgniter.php(419): CodeIgniter\CodeIgniter->runController(Object(App\Controllers\LiveChatController))
#3 C:\xampp\htdocs\app_bank_sumut\system\CodeIgniter.php(326): CodeIgniter\CodeIgniter->handleRequest(NULL, Object(Config\Cache), false)
#4 C:\xampp\htdocs\app_bank_sumut\public\index.php(37): CodeIgniter\CodeIgniter->run()
#5 {main}
CRITICAL - 2023-07-26 00:09:12 --> Undefined variable $msg_count
#0 C:\xampp\htdocs\app_bank_sumut\app\Controllers\LiveChatController.php(376): CodeIgniter\Debug\Exceptions->errorHandler(2, 'Undefined varia...', 'C:\\xampp\\htdocs...', 376)
#1 C:\xampp\htdocs\app_bank_sumut\system\CodeIgniter.php(832): App\Controllers\LiveChatController->getUnreadCountNav()
#2 C:\xampp\htdocs\app_bank_sumut\system\CodeIgniter.php(419): CodeIgniter\CodeIgniter->runController(Object(App\Controllers\LiveChatController))
#3 C:\xampp\htdocs\app_bank_sumut\system\CodeIgniter.php(326): CodeIgniter\CodeIgniter->handleRequest(NULL, Object(Config\Cache), false)
#4 C:\xampp\htdocs\app_bank_sumut\public\index.php(37): CodeIgniter\CodeIgniter->run()
#5 {main}
CRITICAL - 2023-07-26 00:10:12 --> Undefined variable $msg_count
#0 C:\xampp\htdocs\app_bank_sumut\app\Controllers\LiveChatController.php(376): CodeIgniter\Debug\Exceptions->errorHandler(2, 'Undefined varia...', 'C:\\xampp\\htdocs...', 376)
#1 C:\xampp\htdocs\app_bank_sumut\system\CodeIgniter.php(832): App\Controllers\LiveChatController->getUnreadCountNav()
#2 C:\xampp\htdocs\app_bank_sumut\system\CodeIgniter.php(419): CodeIgniter\CodeIgniter->runController(Object(App\Controllers\LiveChatController))
#3 C:\xampp\htdocs\app_bank_sumut\system\CodeIgniter.php(326): CodeIgniter\CodeIgniter->handleRequest(NULL, Object(Config\Cache), false)
#4 C:\xampp\htdocs\app_bank_sumut\public\index.php(37): CodeIgniter\CodeIgniter->run()
#5 {main}
CRITICAL - 2023-07-26 00:11:12 --> Undefined variable $msg_count
#0 C:\xampp\htdocs\app_bank_sumut\app\Controllers\LiveChatController.php(376): CodeIgniter\Debug\Exceptions->errorHandler(2, 'Undefined varia...', 'C:\\xampp\\htdocs...', 376)
#1 C:\xampp\htdocs\app_bank_sumut\system\CodeIgniter.php(832): App\Controllers\LiveChatController->getUnreadCountNav()
#2 C:\xampp\htdocs\app_bank_sumut\system\CodeIgniter.php(419): CodeIgniter\CodeIgniter->runController(Object(App\Controllers\LiveChatController))
#3 C:\xampp\htdocs\app_bank_sumut\system\CodeIgniter.php(326): CodeIgniter\CodeIgniter->handleRequest(NULL, Object(Config\Cache), false)
#4 C:\xampp\htdocs\app_bank_sumut\public\index.php(37): CodeIgniter\CodeIgniter->run()
#5 {main}
CRITICAL - 2023-07-26 00:12:12 --> Undefined variable $msg_count
#0 C:\xampp\htdocs\app_bank_sumut\app\Controllers\LiveChatController.php(376): CodeIgniter\Debug\Exceptions->errorHandler(2, 'Undefined varia...', 'C:\\xampp\\htdocs...', 376)
#1 C:\xampp\htdocs\app_bank_sumut\system\CodeIgniter.php(832): App\Controllers\LiveChatController->getUnreadCountNav()
#2 C:\xampp\htdocs\app_bank_sumut\system\CodeIgniter.php(419): CodeIgniter\CodeIgniter->runController(Object(App\Controllers\LiveChatController))
#3 C:\xampp\htdocs\app_bank_sumut\system\CodeIgniter.php(326): CodeIgniter\CodeIgniter->handleRequest(NULL, Object(Config\Cache), false)
#4 C:\xampp\htdocs\app_bank_sumut\public\index.php(37): CodeIgniter\CodeIgniter->run()
#5 {main}
CRITICAL - 2023-07-26 00:13:12 --> Undefined variable $msg_count
#0 C:\xampp\htdocs\app_bank_sumut\app\Controllers\LiveChatController.php(376): CodeIgniter\Debug\Exceptions->errorHandler(2, 'Undefined varia...', 'C:\\xampp\\htdocs...', 376)
#1 C:\xampp\htdocs\app_bank_sumut\system\CodeIgniter.php(832): App\Controllers\LiveChatController->getUnreadCountNav()
#2 C:\xampp\htdocs\app_bank_sumut\system\CodeIgniter.php(419): CodeIgniter\CodeIgniter->runController(Object(App\Controllers\LiveChatController))
#3 C:\xampp\htdocs\app_bank_sumut\system\CodeIgniter.php(326): CodeIgniter\CodeIgniter->handleRequest(NULL, Object(Config\Cache), false)
#4 C:\xampp\htdocs\app_bank_sumut\public\index.php(37): CodeIgniter\CodeIgniter->run()
#5 {main}
CRITICAL - 2023-07-26 00:14:22 --> Call to a member function getResult() on null
#0 C:\xampp\htdocs\app_bank_sumut\system\CodeIgniter.php(832): App\Controllers\CartController->cartProses()
#1 C:\xampp\htdocs\app_bank_sumut\system\CodeIgniter.php(419): CodeIgniter\CodeIgniter->runController(Object(App\Controllers\CartController))
#2 C:\xampp\htdocs\app_bank_sumut\system\CodeIgniter.php(326): CodeIgniter\CodeIgniter->handleRequest(NULL, Object(Config\Cache), false)
#3 C:\xampp\htdocs\app_bank_sumut\public\index.php(37): CodeIgniter\CodeIgniter->run()
#4 {main}
CRITICAL - 2023-07-26 00:14:26 --> Call to a member function getResult() on null
#0 C:\xampp\htdocs\app_bank_sumut\system\CodeIgniter.php(832): App\Controllers\CartController->cartProses()
#1 C:\xampp\htdocs\app_bank_sumut\system\CodeIgniter.php(419): CodeIgniter\CodeIgniter->runController(Object(App\Controllers\CartController))
#2 C:\xampp\htdocs\app_bank_sumut\system\CodeIgniter.php(326): CodeIgniter\CodeIgniter->handleRequest(NULL, Object(Config\Cache), false)
#3 C:\xampp\htdocs\app_bank_sumut\public\index.php(37): CodeIgniter\CodeIgniter->run()
#4 {main}
CRITICAL - 2023-07-26 00:14:33 --> Undefined variable $serverHidden
#0 C:\xampp\htdocs\app_bank_sumut\app\Views\navigasi.php(271): CodeIgniter\Debug\Exceptions->errorHandler(2, 'Undefined varia...', 'C:\\xampp\\htdocs...', 271)
#1 C:\xampp\htdocs\app_bank_sumut\system\View\View.php(210): include('C:\\xampp\\htdocs...')
#2 C:\xampp\htdocs\app_bank_sumut\system\View\View.php(213): CodeIgniter\View\View->CodeIgniter\View\{closure}()
#3 C:\xampp\htdocs\app_bank_sumut\system\Common.php(1089): CodeIgniter\View\View->render('navigasi.php', Array, true)
#4 C:\xampp\htdocs\app_bank_sumut\app\Controllers\serverControler.php(108): view('navigasi.php')
#5 C:\xampp\htdocs\app_bank_sumut\system\CodeIgniter.php(832): App\Controllers\serverControler->viewServer('Client_lPjUE_24...')
#6 C:\xampp\htdocs\app_bank_sumut\system\CodeIgniter.php(419): CodeIgniter\CodeIgniter->runController(Object(App\Controllers\serverControler))
#7 C:\xampp\htdocs\app_bank_sumut\system\CodeIgniter.php(326): CodeIgniter\CodeIgniter->handleRequest(NULL, Object(Config\Cache), false)
#8 C:\xampp\htdocs\app_bank_sumut\public\index.php(37): CodeIgniter\CodeIgniter->run()
#9 {main}
CRITICAL - 2023-07-26 00:14:33 --> Call to a member function getResult() on null
#0 C:\xampp\htdocs\app_bank_sumut\system\CodeIgniter.php(832): App\Controllers\CartController->cartProses()
#1 C:\xampp\htdocs\app_bank_sumut\system\CodeIgniter.php(419): CodeIgniter\CodeIgniter->runController(Object(App\Controllers\CartController))
#2 C:\xampp\htdocs\app_bank_sumut\system\CodeIgniter.php(326): CodeIgniter\CodeIgniter->handleRequest(NULL, Object(Config\Cache), false)
#3 C:\xampp\htdocs\app_bank_sumut\public\index.php(37): CodeIgniter\CodeIgniter->run()
#4 {main}
CRITICAL - 2023-07-26 01:20:30 --> syntax error, unexpected token "}"
#0 C:\xampp\htdocs\app_bank_sumut\system\Router\Router.php(175): CodeIgniter\Router\Router->autoRoute('LiveChatControl...')
#1 C:\xampp\htdocs\app_bank_sumut\system\CodeIgniter.php(726): CodeIgniter\Router\Router->handle('LiveChatControl...')
#2 C:\xampp\htdocs\app_bank_sumut\system\CodeIgniter.php(368): CodeIgniter\CodeIgniter->tryToRouteIt(Object(CodeIgniter\Router\RouteCollection))
#3 C:\xampp\htdocs\app_bank_sumut\system\CodeIgniter.php(326): CodeIgniter\CodeIgniter->handleRequest(NULL, Object(Config\Cache), false)
#4 C:\xampp\htdocs\app_bank_sumut\public\index.php(37): CodeIgniter\CodeIgniter->run()
#5 {main}
CRITICAL - 2023-07-26 01:20:30 --> syntax error, unexpected token "}"
#0 C:\xampp\htdocs\app_bank_sumut\system\Router\Router.php(175): CodeIgniter\Router\Router->autoRoute('LiveChatControl...')
#1 C:\xampp\htdocs\app_bank_sumut\system\CodeIgniter.php(726): CodeIgniter\Router\Router->handle('LiveChatControl...')
#2 C:\xampp\htdocs\app_bank_sumut\system\CodeIgniter.php(368): CodeIgniter\CodeIgniter->tryToRouteIt(Object(CodeIgniter\Router\RouteCollection))
#3 C:\xampp\htdocs\app_bank_sumut\system\CodeIgniter.php(326): CodeIgniter\CodeIgniter->handleRequest(NULL, Object(Config\Cache), false)
#4 C:\xampp\htdocs\app_bank_sumut\public\index.php(37): CodeIgniter\CodeIgniter->run()
#5 {main}
CRITICAL - 2023-07-26 01:20:30 --> syntax error, unexpected token "}"
#0 C:\xampp\htdocs\app_bank_sumut\system\Router\Router.php(175): CodeIgniter\Router\Router->autoRoute('LiveChatControl...')
#1 C:\xampp\htdocs\app_bank_sumut\system\CodeIgniter.php(726): CodeIgniter\Router\Router->handle('LiveChatControl...')
#2 C:\xampp\htdocs\app_bank_sumut\system\CodeIgniter.php(368): CodeIgniter\CodeIgniter->tryToRouteIt(Object(CodeIgniter\Router\RouteCollection))
#3 C:\xampp\htdocs\app_bank_sumut\system\CodeIgniter.php(326): CodeIgniter\CodeIgniter->handleRequest(NULL, Object(Config\Cache), false)
#4 C:\xampp\htdocs\app_bank_sumut\public\index.php(37): CodeIgniter\CodeIgniter->run()
#5 {main}
CRITICAL - 2023-07-26 01:20:30 --> syntax error, unexpected token "}"
#0 C:\xampp\htdocs\app_bank_sumut\system\Router\Router.php(175): CodeIgniter\Router\Router->autoRoute('LiveChatControl...')
#1 C:\xampp\htdocs\app_bank_sumut\system\CodeIgniter.php(726): CodeIgniter\Router\Router->handle('LiveChatControl...')
#2 C:\xampp\htdocs\app_bank_sumut\system\CodeIgniter.php(368): CodeIgniter\CodeIgniter->tryToRouteIt(Object(CodeIgniter\Router\RouteCollection))
#3 C:\xampp\htdocs\app_bank_sumut\system\CodeIgniter.php(326): CodeIgniter\CodeIgniter->handleRequest(NULL, Object(Config\Cache), false)
#4 C:\xampp\htdocs\app_bank_sumut\public\index.php(37): CodeIgniter\CodeIgniter->run()
#5 {main}
CRITICAL - 2023-07-26 01:20:30 --> syntax error, unexpected token "}"
#0 C:\xampp\htdocs\app_bank_sumut\system\Router\Router.php(175): CodeIgniter\Router\Router->autoRoute('LiveChatControl...')
#1 C:\xampp\htdocs\app_bank_sumut\system\CodeIgniter.php(726): CodeIgniter\Router\Router->handle('LiveChatControl...')
#2 C:\xampp\htdocs\app_bank_sumut\system\CodeIgniter.php(368): CodeIgniter\CodeIgniter->tryToRouteIt(Object(CodeIgniter\Router\RouteCollection))
#3 C:\xampp\htdocs\app_bank_sumut\system\CodeIgniter.php(326): CodeIgniter\CodeIgniter->handleRequest(NULL, Object(Config\Cache), false)
#4 C:\xampp\htdocs\app_bank_sumut\public\index.php(37): CodeIgniter\CodeIgniter->run()
#5 {main}
CRITICAL - 2023-07-26 01:23:57 --> Call to undefined method App\Models\TicketModel::finAll
#0 C:\xampp\htdocs\app_bank_sumut\app\Controllers\LiveChatController.php(133): CodeIgniter\Model->__call('finAll', Array)
#1 C:\xampp\htdocs\app_bank_sumut\system\CodeIgniter.php(832): App\Controllers\LiveChatController->assignTicketCS()
#2 C:\xampp\htdocs\app_bank_sumut\system\CodeIgniter.php(419): CodeIgniter\CodeIgniter->runController(Object(App\Controllers\LiveChatController))
#3 C:\xampp\htdocs\app_bank_sumut\system\CodeIgniter.php(326): CodeIgniter\CodeIgniter->handleRequest(NULL, Object(Config\Cache), false)
#4 C:\xampp\htdocs\app_bank_sumut\public\index.php(37): CodeIgniter\CodeIgniter->run()
#5 {main}
CRITICAL - 2023-07-26 01:24:00 --> Call to undefined method App\Models\TicketModel::finAll
#0 C:\xampp\htdocs\app_bank_sumut\app\Controllers\LiveChatController.php(133): CodeIgniter\Model->__call('finAll', Array)
#1 C:\xampp\htdocs\app_bank_sumut\system\CodeIgniter.php(832): App\Controllers\LiveChatController->assignTicketCS()
#2 C:\xampp\htdocs\app_bank_sumut\system\CodeIgniter.php(419): CodeIgniter\CodeIgniter->runController(Object(App\Controllers\LiveChatController))
#3 C:\xampp\htdocs\app_bank_sumut\system\CodeIgniter.php(326): CodeIgniter\CodeIgniter->handleRequest(NULL, Object(Config\Cache), false)
#4 C:\xampp\htdocs\app_bank_sumut\public\index.php(37): CodeIgniter\CodeIgniter->run()
#5 {main}
CRITICAL - 2023-07-26 01:24:08 --> Call to undefined method App\Models\TicketModel::finAll
#0 C:\xampp\htdocs\app_bank_sumut\app\Controllers\LiveChatController.php(133): CodeIgniter\Model->__call('finAll', Array)
#1 C:\xampp\htdocs\app_bank_sumut\system\CodeIgniter.php(832): App\Controllers\LiveChatController->assignTicketCS()
#2 C:\xampp\htdocs\app_bank_sumut\system\CodeIgniter.php(419): CodeIgniter\CodeIgniter->runController(Object(App\Controllers\LiveChatController))
#3 C:\xampp\htdocs\app_bank_sumut\system\CodeIgniter.php(326): CodeIgniter\CodeIgniter->handleRequest(NULL, Object(Config\Cache), false)
#4 C:\xampp\htdocs\app_bank_sumut\public\index.php(37): CodeIgniter\CodeIgniter->run()
#5 {main}
CRITICAL - 2023-07-26 03:59:00 --> syntax error, unexpected variable "$generateChatID", expecting "function" or "const"
#0 C:\xampp\htdocs\app_bank_sumut\system\Router\Router.php(175): CodeIgniter\Router\Router->autoRoute('LiveChatControl...')
#1 C:\xampp\htdocs\app_bank_sumut\system\CodeIgniter.php(726): CodeIgniter\Router\Router->handle('LiveChatControl...')
#2 C:\xampp\htdocs\app_bank_sumut\system\CodeIgniter.php(368): CodeIgniter\CodeIgniter->tryToRouteIt(Object(CodeIgniter\Router\RouteCollection))
#3 C:\xampp\htdocs\app_bank_sumut\system\CodeIgniter.php(326): CodeIgniter\CodeIgniter->handleRequest(NULL, Object(Config\Cache), false)
#4 C:\xampp\htdocs\app_bank_sumut\public\index.php(37): CodeIgniter\CodeIgniter->run()
#5 {main}
CRITICAL - 2023-07-26 03:59:01 --> syntax error, unexpected variable "$generateChatID", expecting "function" or "const"
#0 C:\xampp\htdocs\app_bank_sumut\system\Router\Router.php(175): CodeIgniter\Router\Router->autoRoute('LiveChatControl...')
#1 C:\xampp\htdocs\app_bank_sumut\system\CodeIgniter.php(726): CodeIgniter\Router\Router->handle('LiveChatControl...')
#2 C:\xampp\htdocs\app_bank_sumut\system\CodeIgniter.php(368): CodeIgniter\CodeIgniter->tryToRouteIt(Object(CodeIgniter\Router\RouteCollection))
#3 C:\xampp\htdocs\app_bank_sumut\system\CodeIgniter.php(326): CodeIgniter\CodeIgniter->handleRequest(NULL, Object(Config\Cache), false)
#4 C:\xampp\htdocs\app_bank_sumut\public\index.php(37): CodeIgniter\CodeIgniter->run()
#5 {main}
CRITICAL - 2023-07-26 03:59:01 --> syntax error, unexpected variable "$generateChatID", expecting "function" or "const"
#0 C:\xampp\htdocs\app_bank_sumut\system\Router\Router.php(175): CodeIgniter\Router\Router->autoRoute('LiveChatControl...')
#1 C:\xampp\htdocs\app_bank_sumut\system\CodeIgniter.php(726): CodeIgniter\Router\Router->handle('LiveChatControl...')
#2 C:\xampp\htdocs\app_bank_sumut\system\CodeIgniter.php(368): CodeIgniter\CodeIgniter->tryToRouteIt(Object(CodeIgniter\Router\RouteCollection))
#3 C:\xampp\htdocs\app_bank_sumut\system\CodeIgniter.php(326): CodeIgniter\CodeIgniter->handleRequest(NULL, Object(Config\Cache), false)
#4 C:\xampp\htdocs\app_bank_sumut\public\index.php(37): CodeIgniter\CodeIgniter->run()
#5 {main}
CRITICAL - 2023-07-26 03:59:01 --> syntax error, unexpected variable "$generateChatID", expecting "function" or "const"
#0 C:\xampp\htdocs\app_bank_sumut\system\Router\Router.php(175): CodeIgniter\Router\Router->autoRoute('LiveChatControl...')
#1 C:\xampp\htdocs\app_bank_sumut\system\CodeIgniter.php(726): CodeIgniter\Router\Router->handle('LiveChatControl...')
#2 C:\xampp\htdocs\app_bank_sumut\system\CodeIgniter.php(368): CodeIgniter\CodeIgniter->tryToRouteIt(Object(CodeIgniter\Router\RouteCollection))
#3 C:\xampp\htdocs\app_bank_sumut\system\CodeIgniter.php(326): CodeIgniter\CodeIgniter->handleRequest(NULL, Object(Config\Cache), false)
#4 C:\xampp\htdocs\app_bank_sumut\public\index.php(37): CodeIgniter\CodeIgniter->run()
#5 {main}
CRITICAL - 2023-07-26 03:59:01 --> syntax error, unexpected variable "$generateChatID", expecting "function" or "const"
#0 C:\xampp\htdocs\app_bank_sumut\system\Router\Router.php(175): CodeIgniter\Router\Router->autoRoute('LiveChatControl...')
#1 C:\xampp\htdocs\app_bank_sumut\system\CodeIgniter.php(726): CodeIgniter\Router\Router->handle('LiveChatControl...')
#2 C:\xampp\htdocs\app_bank_sumut\system\CodeIgniter.php(368): CodeIgniter\CodeIgniter->tryToRouteIt(Object(CodeIgniter\Router\RouteCollection))
#3 C:\xampp\htdocs\app_bank_sumut\system\CodeIgniter.php(326): CodeIgniter\CodeIgniter->handleRequest(NULL, Object(Config\Cache), false)
#4 C:\xampp\htdocs\app_bank_sumut\public\index.php(37): CodeIgniter\CodeIgniter->run()
#5 {main}
CRITICAL - 2023-07-26 03:59:04 --> syntax error, unexpected variable "$generateChatID", expecting "function" or "const"
#0 C:\xampp\htdocs\app_bank_sumut\system\Router\Router.php(175): CodeIgniter\Router\Router->autoRoute('LiveChatControl...')
#1 C:\xampp\htdocs\app_bank_sumut\system\CodeIgniter.php(726): CodeIgniter\Router\Router->handle('LiveChatControl...')
#2 C:\xampp\htdocs\app_bank_sumut\system\CodeIgniter.php(368): CodeIgniter\CodeIgniter->tryToRouteIt(Object(CodeIgniter\Router\RouteCollection))
#3 C:\xampp\htdocs\app_bank_sumut\system\CodeIgniter.php(326): CodeIgniter\CodeIgniter->handleRequest(NULL, Object(Config\Cache), false)
#4 C:\xampp\htdocs\app_bank_sumut\public\index.php(37): CodeIgniter\CodeIgniter->run()
#5 {main}
CRITICAL - 2023-07-26 03:59:04 --> syntax error, unexpected variable "$generateChatID", expecting "function" or "const"
#0 C:\xampp\htdocs\app_bank_sumut\system\Router\Router.php(175): CodeIgniter\Router\Router->autoRoute('LiveChatControl...')
#1 C:\xampp\htdocs\app_bank_sumut\system\CodeIgniter.php(726): CodeIgniter\Router\Router->handle('LiveChatControl...')
#2 C:\xampp\htdocs\app_bank_sumut\system\CodeIgniter.php(368): CodeIgniter\CodeIgniter->tryToRouteIt(Object(CodeIgniter\Router\RouteCollection))
#3 C:\xampp\htdocs\app_bank_sumut\system\CodeIgniter.php(326): CodeIgniter\CodeIgniter->handleRequest(NULL, Object(Config\Cache), false)
#4 C:\xampp\htdocs\app_bank_sumut\public\index.php(37): CodeIgniter\CodeIgniter->run()
#5 {main}
CRITICAL - 2023-07-26 03:59:04 --> syntax error, unexpected variable "$generateChatID", expecting "function" or "const"
#0 C:\xampp\htdocs\app_bank_sumut\system\Router\Router.php(175): CodeIgniter\Router\Router->autoRoute('LiveChatControl...')
#1 C:\xampp\htdocs\app_bank_sumut\system\CodeIgniter.php(726): CodeIgniter\Router\Router->handle('LiveChatControl...')
#2 C:\xampp\htdocs\app_bank_sumut\system\CodeIgniter.php(368): CodeIgniter\CodeIgniter->tryToRouteIt(Object(CodeIgniter\Router\RouteCollection))
#3 C:\xampp\htdocs\app_bank_sumut\system\CodeIgniter.php(326): CodeIgniter\CodeIgniter->handleRequest(NULL, Object(Config\Cache), false)
#4 C:\xampp\htdocs\app_bank_sumut\public\index.php(37): CodeIgniter\CodeIgniter->run()
#5 {main}
CRITICAL - 2023-07-26 03:59:04 --> syntax error, unexpected variable "$generateChatID", expecting "function" or "const"
#0 C:\xampp\htdocs\app_bank_sumut\system\Router\Router.php(175): CodeIgniter\Router\Router->autoRoute('LiveChatControl...')
#1 C:\xampp\htdocs\app_bank_sumut\system\CodeIgniter.php(726): CodeIgniter\Router\Router->handle('LiveChatControl...')
#2 C:\xampp\htdocs\app_bank_sumut\system\CodeIgniter.php(368): CodeIgniter\CodeIgniter->tryToRouteIt(Object(CodeIgniter\Router\RouteCollection))
#3 C:\xampp\htdocs\app_bank_sumut\system\CodeIgniter.php(326): CodeIgniter\CodeIgniter->handleRequest(NULL, Object(Config\Cache), false)
#4 C:\xampp\htdocs\app_bank_sumut\public\index.php(37): CodeIgniter\CodeIgniter->run()
#5 {main}
CRITICAL - 2023-07-26 03:59:04 --> syntax error, unexpected variable "$generateChatID", expecting "function" or "const"
#0 C:\xampp\htdocs\app_bank_sumut\system\Router\Router.php(175): CodeIgniter\Router\Router->autoRoute('LiveChatControl...')
#1 C:\xampp\htdocs\app_bank_sumut\system\CodeIgniter.php(726): CodeIgniter\Router\Router->handle('LiveChatControl...')
#2 C:\xampp\htdocs\app_bank_sumut\system\CodeIgniter.php(368): CodeIgniter\CodeIgniter->tryToRouteIt(Object(CodeIgniter\Router\RouteCollection))
#3 C:\xampp\htdocs\app_bank_sumut\system\CodeIgniter.php(326): CodeIgniter\CodeIgniter->handleRequest(NULL, Object(Config\Cache), false)
#4 C:\xampp\htdocs\app_bank_sumut\public\index.php(37): CodeIgniter\CodeIgniter->run()
#5 {main}
CRITICAL - 2023-07-26 03:59:04 --> syntax error, unexpected variable "$generateChatID", expecting "function" or "const"
#0 C:\xampp\htdocs\app_bank_sumut\system\Router\Router.php(175): CodeIgniter\Router\Router->autoRoute('LiveChatControl...')
#1 C:\xampp\htdocs\app_bank_sumut\system\CodeIgniter.php(726): CodeIgniter\Router\Router->handle('LiveChatControl...')
#2 C:\xampp\htdocs\app_bank_sumut\system\CodeIgniter.php(368): CodeIgniter\CodeIgniter->tryToRouteIt(Object(CodeIgniter\Router\RouteCollection))
#3 C:\xampp\htdocs\app_bank_sumut\system\CodeIgniter.php(326): CodeIgniter\CodeIgniter->handleRequest(NULL, Object(Config\Cache), false)
#4 C:\xampp\htdocs\app_bank_sumut\public\index.php(37): CodeIgniter\CodeIgniter->run()
#5 {main}
CRITICAL - 2023-07-26 04:05:31 --> Call to a member function getResult() on array
#0 C:\xampp\htdocs\app_bank_sumut\system\CodeIgniter.php(832): App\Controllers\LiveChatController->chatActivity()
#1 C:\xampp\htdocs\app_bank_sumut\system\CodeIgniter.php(419): CodeIgniter\CodeIgniter->runController(Object(App\Controllers\LiveChatController))
#2 C:\xampp\htdocs\app_bank_sumut\system\CodeIgniter.php(326): CodeIgniter\CodeIgniter->handleRequest(NULL, Object(Config\Cache), false)
#3 C:\xampp\htdocs\app_bank_sumut\public\index.php(37): CodeIgniter\CodeIgniter->run()
#4 {main}
CRITICAL - 2023-07-26 04:07:15 --> Undefined variable $resultData
#0 C:\xampp\htdocs\app_bank_sumut\app\Controllers\LiveChatController.php(221): CodeIgniter\Debug\Exceptions->errorHandler(2, 'Undefined varia...', 'C:\\xampp\\htdocs...', 221)
#1 C:\xampp\htdocs\app_bank_sumut\system\CodeIgniter.php(832): App\Controllers\LiveChatController->chatActivity()
#2 C:\xampp\htdocs\app_bank_sumut\system\CodeIgniter.php(419): CodeIgniter\CodeIgniter->runController(Object(App\Controllers\LiveChatController))
#3 C:\xampp\htdocs\app_bank_sumut\system\CodeIgniter.php(326): CodeIgniter\CodeIgniter->handleRequest(NULL, Object(Config\Cache), false)
#4 C:\xampp\htdocs\app_bank_sumut\public\index.php(37): CodeIgniter\CodeIgniter->run()
#5 {main}
CRITICAL - 2023-07-26 04:11:25 --> Cannot use object of type stdClass as array
#0 C:\xampp\htdocs\app_bank_sumut\system\CodeIgniter.php(832): App\Controllers\LiveChatController->chatActivity()
#1 C:\xampp\htdocs\app_bank_sumut\system\CodeIgniter.php(419): CodeIgniter\CodeIgniter->runController(Object(App\Controllers\LiveChatController))
#2 C:\xampp\htdocs\app_bank_sumut\system\CodeIgniter.php(326): CodeIgniter\CodeIgniter->handleRequest(NULL, Object(Config\Cache), false)
#3 C:\xampp\htdocs\app_bank_sumut\public\index.php(37): CodeIgniter\CodeIgniter->run()
#4 {main}
CRITICAL - 2023-07-26 04:16:03 --> Attempt to read property "creator_id" on array
#0 C:\xampp\htdocs\app_bank_sumut\app\Controllers\LiveChatController.php(214): CodeIgniter\Debug\Exceptions->errorHandler(2, 'Attempt to read...', 'C:\\xampp\\htdocs...', 214)
#1 C:\xampp\htdocs\app_bank_sumut\system\CodeIgniter.php(832): App\Controllers\LiveChatController->chatActivity()
#2 C:\xampp\htdocs\app_bank_sumut\system\CodeIgniter.php(419): CodeIgniter\CodeIgniter->runController(Object(App\Controllers\LiveChatController))
#3 C:\xampp\htdocs\app_bank_sumut\system\CodeIgniter.php(326): CodeIgniter\CodeIgniter->handleRequest(NULL, Object(Config\Cache), false)
#4 C:\xampp\htdocs\app_bank_sumut\public\index.php(37): CodeIgniter\CodeIgniter->run()
#5 {main}
CRITICAL - 2023-07-26 04:43:10 --> Undefined variable $get_assign_id_cs
#0 C:\xampp\htdocs\app_bank_sumut\app\Controllers\LiveChatController.php(289): CodeIgniter\Debug\Exceptions->errorHandler(2, 'Undefined varia...', 'C:\\xampp\\htdocs...', 289)
#1 C:\xampp\htdocs\app_bank_sumut\system\CodeIgniter.php(832): App\Controllers\LiveChatController->chatActivity()
#2 C:\xampp\htdocs\app_bank_sumut\system\CodeIgniter.php(419): CodeIgniter\CodeIgniter->runController(Object(App\Controllers\LiveChatController))
#3 C:\xampp\htdocs\app_bank_sumut\system\CodeIgniter.php(326): CodeIgniter\CodeIgniter->handleRequest(NULL, Object(Config\Cache), false)
#4 C:\xampp\htdocs\app_bank_sumut\public\index.php(37): CodeIgniter\CodeIgniter->run()
#5 {main}
CRITICAL - 2023-07-26 04:43:13 --> Undefined variable $get_assign_id_cs
#0 C:\xampp\htdocs\app_bank_sumut\app\Controllers\LiveChatController.php(289): CodeIgniter\Debug\Exceptions->errorHandler(2, 'Undefined varia...', 'C:\\xampp\\htdocs...', 289)
#1 C:\xampp\htdocs\app_bank_sumut\system\CodeIgniter.php(832): App\Controllers\LiveChatController->chatActivity()
#2 C:\xampp\htdocs\app_bank_sumut\system\CodeIgniter.php(419): CodeIgniter\CodeIgniter->runController(Object(App\Controllers\LiveChatController))
#3 C:\xampp\htdocs\app_bank_sumut\system\CodeIgniter.php(326): CodeIgniter\CodeIgniter->handleRequest(NULL, Object(Config\Cache), false)
#4 C:\xampp\htdocs\app_bank_sumut\public\index.php(37): CodeIgniter\CodeIgniter->run()
#5 {main}
CRITICAL - 2023-07-26 04:43:20 --> Undefined variable $get_assign_id_cs
#0 C:\xampp\htdocs\app_bank_sumut\app\Controllers\LiveChatController.php(289): CodeIgniter\Debug\Exceptions->errorHandler(2, 'Undefined varia...', 'C:\\xampp\\htdocs...', 289)
#1 C:\xampp\htdocs\app_bank_sumut\system\CodeIgniter.php(832): App\Controllers\LiveChatController->chatActivity()
#2 C:\xampp\htdocs\app_bank_sumut\system\CodeIgniter.php(419): CodeIgniter\CodeIgniter->runController(Object(App\Controllers\LiveChatController))
#3 C:\xampp\htdocs\app_bank_sumut\system\CodeIgniter.php(326): CodeIgniter\CodeIgniter->handleRequest(NULL, Object(Config\Cache), false)
#4 C:\xampp\htdocs\app_bank_sumut\public\index.php(37): CodeIgniter\CodeIgniter->run()
#5 {main}
CRITICAL - 2023-07-26 04:46:24 --> Undefined variable $get_assign_id_cs
#0 C:\xampp\htdocs\app_bank_sumut\app\Controllers\LiveChatController.php(289): CodeIgniter\Debug\Exceptions->errorHandler(2, 'Undefined varia...', 'C:\\xampp\\htdocs...', 289)
#1 C:\xampp\htdocs\app_bank_sumut\system\CodeIgniter.php(832): App\Controllers\LiveChatController->chatActivity()
#2 C:\xampp\htdocs\app_bank_sumut\system\CodeIgniter.php(419): CodeIgniter\CodeIgniter->runController(Object(App\Controllers\LiveChatController))
#3 C:\xampp\htdocs\app_bank_sumut\system\CodeIgniter.php(326): CodeIgniter\CodeIgniter->handleRequest(NULL, Object(Config\Cache), false)
#4 C:\xampp\htdocs\app_bank_sumut\public\index.php(37): CodeIgniter\CodeIgniter->run()
#5 {main}
CRITICAL - 2023-07-26 04:47:02 --> Undefined variable $get_id_creator
#0 C:\xampp\htdocs\app_bank_sumut\app\Controllers\LiveChatController.php(292): CodeIgniter\Debug\Exceptions->errorHandler(2, 'Undefined varia...', 'C:\\xampp\\htdocs...', 292)
#1 C:\xampp\htdocs\app_bank_sumut\system\CodeIgniter.php(832): App\Controllers\LiveChatController->chatActivity()
#2 C:\xampp\htdocs\app_bank_sumut\system\CodeIgniter.php(419): CodeIgniter\CodeIgniter->runController(Object(App\Controllers\LiveChatController))
#3 C:\xampp\htdocs\app_bank_sumut\system\CodeIgniter.php(326): CodeIgniter\CodeIgniter->handleRequest(NULL, Object(Config\Cache), false)
#4 C:\xampp\htdocs\app_bank_sumut\public\index.php(37): CodeIgniter\CodeIgniter->run()
#5 {main}
CRITICAL - 2023-07-26 12:53:37 --> Undefined variable $serverHidden
#0 C:\xampp\htdocs\app_bank_sumut\app\Views\navigasi.php(271): CodeIgniter\Debug\Exceptions->errorHandler(2, 'Undefined varia...', 'C:\\xampp\\htdocs...', 271)
#1 C:\xampp\htdocs\app_bank_sumut\system\View\View.php(210): include('C:\\xampp\\htdocs...')
#2 C:\xampp\htdocs\app_bank_sumut\system\View\View.php(213): CodeIgniter\View\View->CodeIgniter\View\{closure}()
#3 C:\xampp\htdocs\app_bank_sumut\system\Common.php(1089): CodeIgniter\View\View->render('navigasi.php', Array, true)
#4 C:\xampp\htdocs\app_bank_sumut\app\Controllers\serverControler.php(90): view('navigasi.php')
#5 C:\xampp\htdocs\app_bank_sumut\system\CodeIgniter.php(832): App\Controllers\serverControler->viewServer('Client_lPjUE_24...')
#6 C:\xampp\htdocs\app_bank_sumut\system\CodeIgniter.php(419): CodeIgniter\CodeIgniter->runController(Object(App\Controllers\serverControler))
#7 C:\xampp\htdocs\app_bank_sumut\system\CodeIgniter.php(326): CodeIgniter\CodeIgniter->handleRequest(NULL, Object(Config\Cache), false)
#8 C:\xampp\htdocs\app_bank_sumut\public\index.php(37): CodeIgniter\CodeIgniter->run()
#9 {main}
CRITICAL - 2023-07-26 13:34:11 --> Undefined variable $idUserServer
#0 C:\xampp\htdocs\app_bank_sumut\app\Views\dashboard_cartOrder.php(422): CodeIgniter\Debug\Exceptions->errorHandler(2, 'Undefined varia...', 'C:\\xampp\\htdocs...', 422)
#1 C:\xampp\htdocs\app_bank_sumut\system\View\View.php(210): include('C:\\xampp\\htdocs...')
#2 C:\xampp\htdocs\app_bank_sumut\system\View\View.php(213): CodeIgniter\View\View->CodeIgniter\View\{closure}()
#3 C:\xampp\htdocs\app_bank_sumut\system\Common.php(1089): CodeIgniter\View\View->render('dashboard_cartO...', Array, true)
#4 C:\xampp\htdocs\app_bank_sumut\app\Controllers\CartController.php(166): view('dashboard_cartO...', Array)
#5 C:\xampp\htdocs\app_bank_sumut\system\CodeIgniter.php(832): App\Controllers\CartController->cart()
#6 C:\xampp\htdocs\app_bank_sumut\system\CodeIgniter.php(419): CodeIgniter\CodeIgniter->runController(Object(App\Controllers\CartController))
#7 C:\xampp\htdocs\app_bank_sumut\system\CodeIgniter.php(326): CodeIgniter\CodeIgniter->handleRequest(NULL, Object(Config\Cache), false)
#8 C:\xampp\htdocs\app_bank_sumut\public\index.php(37): CodeIgniter\CodeIgniter->run()
#9 {main}
