CRITICAL - 2023-02-18 11:36:11 --> sha1(): Passing null to parameter #1 ($string) of type string is deprecated
#0 [internal function]: CodeIgniter\Debug\Exceptions->errorHandler(8192, 'sha1(): Passing...', 'C:\\xampp\\htdocs...', 45)
#1 C:\xampp\htdocs\tekna\app\Controllers\Home.php(45): sha1(NULL)
#2 C:\xampp\htdocs\tekna\system\CodeIgniter.php(832): App\Controllers\Home->login()
#3 C:\xampp\htdocs\tekna\system\CodeIgniter.php(419): CodeIgniter\CodeIgniter->runController(Object(App\Controllers\Home))
#4 C:\xampp\htdocs\tekna\system\CodeIgniter.php(326): CodeIgniter\CodeIgniter->handleRequest(NULL, Object(Config\Cache), false)
#5 C:\xampp\htdocs\tekna\public\index.php(37): CodeIgniter\CodeIgniter->run()
#6 {main}
CRITICAL - 2023-02-18 11:37:36 --> sha1(): Passing null to parameter #1 ($string) of type string is deprecated
#0 [internal function]: CodeIgniter\Debug\Exceptions->errorHandler(8192, 'sha1(): Passing...', 'C:\\xampp\\htdocs...', 45)
#1 C:\xampp\htdocs\tekna\app\Controllers\Home.php(45): sha1(NULL)
#2 C:\xampp\htdocs\tekna\system\CodeIgniter.php(832): App\Controllers\Home->login()
#3 C:\xampp\htdocs\tekna\system\CodeIgniter.php(419): CodeIgniter\CodeIgniter->runController(Object(App\Controllers\Home))
#4 C:\xampp\htdocs\tekna\system\CodeIgniter.php(326): CodeIgniter\CodeIgniter->handleRequest(NULL, Object(Config\Cache), false)
#5 C:\xampp\htdocs\tekna\public\index.php(37): CodeIgniter\CodeIgniter->run()
#6 {main}
CRITICAL - 2023-02-18 11:38:15 --> sha1(): Passing null to parameter #1 ($string) of type string is deprecated
#0 [internal function]: CodeIgniter\Debug\Exceptions->errorHandler(8192, 'sha1(): Passing...', 'C:\\xampp\\htdocs...', 45)
#1 C:\xampp\htdocs\tekna\app\Controllers\Home.php(45): sha1(NULL)
#2 C:\xampp\htdocs\tekna\system\CodeIgniter.php(832): App\Controllers\Home->login()
#3 C:\xampp\htdocs\tekna\system\CodeIgniter.php(419): CodeIgniter\CodeIgniter->runController(Object(App\Controllers\Home))
#4 C:\xampp\htdocs\tekna\system\CodeIgniter.php(326): CodeIgniter\CodeIgniter->handleRequest(NULL, Object(Config\Cache), false)
#5 C:\xampp\htdocs\tekna\public\index.php(37): CodeIgniter\CodeIgniter->run()
#6 {main}
