CRITICAL - 2023-07-04 00:52:57 --> foreach() argument must be of type array|object, null given
#0 C:\xampp\htdocs\app_bank_sumut\app\Views\dashboard_cartOrder.php(63): CodeIgniter\Debug\Exceptions->errorHandler(2, 'foreach() argum...', 'C:\\xampp\\htdocs...', 63)
#1 C:\xampp\htdocs\app_bank_sumut\system\View\View.php(210): include('C:\\xampp\\htdocs...')
#2 C:\xampp\htdocs\app_bank_sumut\system\View\View.php(213): CodeIgniter\View\View->CodeIgniter\View\{closure}()
#3 C:\xampp\htdocs\app_bank_sumut\system\Common.php(1089): CodeIgniter\View\View->render('dashboard_cartO...', Array, true)
#4 C:\xampp\htdocs\app_bank_sumut\app\Controllers\CartController.php(90): view('dashboard_cartO...', Array)
#5 C:\xampp\htdocs\app_bank_sumut\system\CodeIgniter.php(832): App\Controllers\CartController->cart()
#6 C:\xampp\htdocs\app_bank_sumut\system\CodeIgniter.php(419): CodeIgniter\CodeIgniter->runController(Object(App\Controllers\CartController))
#7 C:\xampp\htdocs\app_bank_sumut\system\CodeIgniter.php(326): CodeIgniter\CodeIgniter->handleRequest(NULL, Object(Config\Cache), false)
#8 C:\xampp\htdocs\app_bank_sumut\public\index.php(37): CodeIgniter\CodeIgniter->run()
#9 {main}
CRITICAL - 2023-07-04 00:54:12 --> foreach() argument must be of type array|object, null given
#0 C:\xampp\htdocs\app_bank_sumut\app\Views\dashboard_cartOrder.php(63): CodeIgniter\Debug\Exceptions->errorHandler(2, 'foreach() argum...', 'C:\\xampp\\htdocs...', 63)
#1 C:\xampp\htdocs\app_bank_sumut\system\View\View.php(210): include('C:\\xampp\\htdocs...')
#2 C:\xampp\htdocs\app_bank_sumut\system\View\View.php(213): CodeIgniter\View\View->CodeIgniter\View\{closure}()
#3 C:\xampp\htdocs\app_bank_sumut\system\Common.php(1089): CodeIgniter\View\View->render('dashboard_cartO...', Array, true)
#4 C:\xampp\htdocs\app_bank_sumut\app\Controllers\CartController.php(90): view('dashboard_cartO...', Array)
#5 C:\xampp\htdocs\app_bank_sumut\system\CodeIgniter.php(832): App\Controllers\CartController->cart()
#6 C:\xampp\htdocs\app_bank_sumut\system\CodeIgniter.php(419): CodeIgniter\CodeIgniter->runController(Object(App\Controllers\CartController))
#7 C:\xampp\htdocs\app_bank_sumut\system\CodeIgniter.php(326): CodeIgniter\CodeIgniter->handleRequest(NULL, Object(Config\Cache), false)
#8 C:\xampp\htdocs\app_bank_sumut\public\index.php(37): CodeIgniter\CodeIgniter->run()
#9 {main}
CRITICAL - 2023-07-04 00:54:27 --> foreach() argument must be of type array|object, null given
#0 C:\xampp\htdocs\app_bank_sumut\app\Views\dashboard_cartOrder.php(63): CodeIgniter\Debug\Exceptions->errorHandler(2, 'foreach() argum...', 'C:\\xampp\\htdocs...', 63)
#1 C:\xampp\htdocs\app_bank_sumut\system\View\View.php(210): include('C:\\xampp\\htdocs...')
#2 C:\xampp\htdocs\app_bank_sumut\system\View\View.php(213): CodeIgniter\View\View->CodeIgniter\View\{closure}()
#3 C:\xampp\htdocs\app_bank_sumut\system\Common.php(1089): CodeIgniter\View\View->render('dashboard_cartO...', Array, true)
#4 C:\xampp\htdocs\app_bank_sumut\app\Controllers\CartController.php(90): view('dashboard_cartO...', Array)
#5 C:\xampp\htdocs\app_bank_sumut\system\CodeIgniter.php(832): App\Controllers\CartController->cart()
#6 C:\xampp\htdocs\app_bank_sumut\system\CodeIgniter.php(419): CodeIgniter\CodeIgniter->runController(Object(App\Controllers\CartController))
#7 C:\xampp\htdocs\app_bank_sumut\system\CodeIgniter.php(326): CodeIgniter\CodeIgniter->handleRequest(NULL, Object(Config\Cache), false)
#8 C:\xampp\htdocs\app_bank_sumut\public\index.php(37): CodeIgniter\CodeIgniter->run()
#9 {main}
CRITICAL - 2023-07-04 00:54:30 --> foreach() argument must be of type array|object, null given
#0 C:\xampp\htdocs\app_bank_sumut\app\Views\dashboard_cartOrder.php(63): CodeIgniter\Debug\Exceptions->errorHandler(2, 'foreach() argum...', 'C:\\xampp\\htdocs...', 63)
#1 C:\xampp\htdocs\app_bank_sumut\system\View\View.php(210): include('C:\\xampp\\htdocs...')
#2 C:\xampp\htdocs\app_bank_sumut\system\View\View.php(213): CodeIgniter\View\View->CodeIgniter\View\{closure}()
#3 C:\xampp\htdocs\app_bank_sumut\system\Common.php(1089): CodeIgniter\View\View->render('dashboard_cartO...', Array, true)
#4 C:\xampp\htdocs\app_bank_sumut\app\Controllers\CartController.php(90): view('dashboard_cartO...', Array)
#5 C:\xampp\htdocs\app_bank_sumut\system\CodeIgniter.php(832): App\Controllers\CartController->cart()
#6 C:\xampp\htdocs\app_bank_sumut\system\CodeIgniter.php(419): CodeIgniter\CodeIgniter->runController(Object(App\Controllers\CartController))
#7 C:\xampp\htdocs\app_bank_sumut\system\CodeIgniter.php(326): CodeIgniter\CodeIgniter->handleRequest(NULL, Object(Config\Cache), false)
#8 C:\xampp\htdocs\app_bank_sumut\public\index.php(37): CodeIgniter\CodeIgniter->run()
#9 {main}
CRITICAL - 2023-07-04 01:02:52 --> foreach() argument must be of type array|object, null given
#0 C:\xampp\htdocs\app_bank_sumut\app\Views\dashboard_cartOrder.php(63): CodeIgniter\Debug\Exceptions->errorHandler(2, 'foreach() argum...', 'C:\\xampp\\htdocs...', 63)
#1 C:\xampp\htdocs\app_bank_sumut\system\View\View.php(210): include('C:\\xampp\\htdocs...')
#2 C:\xampp\htdocs\app_bank_sumut\system\View\View.php(213): CodeIgniter\View\View->CodeIgniter\View\{closure}()
#3 C:\xampp\htdocs\app_bank_sumut\system\Common.php(1089): CodeIgniter\View\View->render('dashboard_cartO...', Array, true)
#4 C:\xampp\htdocs\app_bank_sumut\app\Controllers\CartController.php(90): view('dashboard_cartO...', Array)
#5 C:\xampp\htdocs\app_bank_sumut\system\CodeIgniter.php(832): App\Controllers\CartController->cart()
#6 C:\xampp\htdocs\app_bank_sumut\system\CodeIgniter.php(419): CodeIgniter\CodeIgniter->runController(Object(App\Controllers\CartController))
#7 C:\xampp\htdocs\app_bank_sumut\system\CodeIgniter.php(326): CodeIgniter\CodeIgniter->handleRequest(NULL, Object(Config\Cache), false)
#8 C:\xampp\htdocs\app_bank_sumut\public\index.php(37): CodeIgniter\CodeIgniter->run()
#9 {main}
CRITICAL - 2023-07-04 01:03:10 --> foreach() argument must be of type array|object, null given
#0 C:\xampp\htdocs\app_bank_sumut\app\Views\dashboard_cartOrder.php(63): CodeIgniter\Debug\Exceptions->errorHandler(2, 'foreach() argum...', 'C:\\xampp\\htdocs...', 63)
#1 C:\xampp\htdocs\app_bank_sumut\system\View\View.php(210): include('C:\\xampp\\htdocs...')
#2 C:\xampp\htdocs\app_bank_sumut\system\View\View.php(213): CodeIgniter\View\View->CodeIgniter\View\{closure}()
#3 C:\xampp\htdocs\app_bank_sumut\system\Common.php(1089): CodeIgniter\View\View->render('dashboard_cartO...', Array, true)
#4 C:\xampp\htdocs\app_bank_sumut\app\Controllers\CartController.php(90): view('dashboard_cartO...', Array)
#5 C:\xampp\htdocs\app_bank_sumut\system\CodeIgniter.php(832): App\Controllers\CartController->cart()
#6 C:\xampp\htdocs\app_bank_sumut\system\CodeIgniter.php(419): CodeIgniter\CodeIgniter->runController(Object(App\Controllers\CartController))
#7 C:\xampp\htdocs\app_bank_sumut\system\CodeIgniter.php(326): CodeIgniter\CodeIgniter->handleRequest(NULL, Object(Config\Cache), false)
#8 C:\xampp\htdocs\app_bank_sumut\public\index.php(37): CodeIgniter\CodeIgniter->run()
#9 {main}
CRITICAL - 2023-07-04 01:09:59 --> Undefined variable $datacart
#0 C:\xampp\htdocs\app_bank_sumut\app\Views\dashboard_cartOrder.php(63): CodeIgniter\Debug\Exceptions->errorHandler(2, 'Undefined varia...', 'C:\\xampp\\htdocs...', 63)
#1 C:\xampp\htdocs\app_bank_sumut\system\View\View.php(210): include('C:\\xampp\\htdocs...')
#2 C:\xampp\htdocs\app_bank_sumut\system\View\View.php(213): CodeIgniter\View\View->CodeIgniter\View\{closure}()
#3 C:\xampp\htdocs\app_bank_sumut\system\Common.php(1089): CodeIgniter\View\View->render('dashboard_cartO...', Array, true)
#4 C:\xampp\htdocs\app_bank_sumut\app\Controllers\CartController.php(93): view('dashboard_cartO...', Array)
#5 C:\xampp\htdocs\app_bank_sumut\system\CodeIgniter.php(832): App\Controllers\CartController->cart()
#6 C:\xampp\htdocs\app_bank_sumut\system\CodeIgniter.php(419): CodeIgniter\CodeIgniter->runController(Object(App\Controllers\CartController))
#7 C:\xampp\htdocs\app_bank_sumut\system\CodeIgniter.php(326): CodeIgniter\CodeIgniter->handleRequest(NULL, Object(Config\Cache), false)
#8 C:\xampp\htdocs\app_bank_sumut\public\index.php(37): CodeIgniter\CodeIgniter->run()
#9 {main}
CRITICAL - 2023-07-04 01:10:21 --> Undefined variable $datacart
#0 C:\xampp\htdocs\app_bank_sumut\app\Views\dashboard_cartOrder.php(63): CodeIgniter\Debug\Exceptions->errorHandler(2, 'Undefined varia...', 'C:\\xampp\\htdocs...', 63)
#1 C:\xampp\htdocs\app_bank_sumut\system\View\View.php(210): include('C:\\xampp\\htdocs...')
#2 C:\xampp\htdocs\app_bank_sumut\system\View\View.php(213): CodeIgniter\View\View->CodeIgniter\View\{closure}()
#3 C:\xampp\htdocs\app_bank_sumut\system\Common.php(1089): CodeIgniter\View\View->render('dashboard_cartO...', Array, true)
#4 C:\xampp\htdocs\app_bank_sumut\app\Controllers\CartController.php(93): view('dashboard_cartO...', Array)
#5 C:\xampp\htdocs\app_bank_sumut\system\CodeIgniter.php(832): App\Controllers\CartController->cart()
#6 C:\xampp\htdocs\app_bank_sumut\system\CodeIgniter.php(419): CodeIgniter\CodeIgniter->runController(Object(App\Controllers\CartController))
#7 C:\xampp\htdocs\app_bank_sumut\system\CodeIgniter.php(326): CodeIgniter\CodeIgniter->handleRequest(NULL, Object(Config\Cache), false)
#8 C:\xampp\htdocs\app_bank_sumut\public\index.php(37): CodeIgniter\CodeIgniter->run()
#9 {main}
CRITICAL - 2023-07-04 01:17:19 --> foreach() argument must be of type array|object, null given
#0 C:\xampp\htdocs\app_bank_sumut\app\Views\dashboard_cartOrder.php(63): CodeIgniter\Debug\Exceptions->errorHandler(2, 'foreach() argum...', 'C:\\xampp\\htdocs...', 63)
#1 C:\xampp\htdocs\app_bank_sumut\system\View\View.php(210): include('C:\\xampp\\htdocs...')
#2 C:\xampp\htdocs\app_bank_sumut\system\View\View.php(213): CodeIgniter\View\View->CodeIgniter\View\{closure}()
#3 C:\xampp\htdocs\app_bank_sumut\system\Common.php(1089): CodeIgniter\View\View->render('dashboard_cartO...', Array, true)
#4 C:\xampp\htdocs\app_bank_sumut\app\Controllers\CartController.php(92): view('dashboard_cartO...', Array)
#5 C:\xampp\htdocs\app_bank_sumut\system\CodeIgniter.php(832): App\Controllers\CartController->cart()
#6 C:\xampp\htdocs\app_bank_sumut\system\CodeIgniter.php(419): CodeIgniter\CodeIgniter->runController(Object(App\Controllers\CartController))
#7 C:\xampp\htdocs\app_bank_sumut\system\CodeIgniter.php(326): CodeIgniter\CodeIgniter->handleRequest(NULL, Object(Config\Cache), false)
#8 C:\xampp\htdocs\app_bank_sumut\public\index.php(37): CodeIgniter\CodeIgniter->run()
#9 {main}
CRITICAL - 2023-07-04 01:17:33 --> Illegal offset type
#0 C:\xampp\htdocs\app_bank_sumut\app\Controllers\CartController.php(82): CodeIgniter\Session\Session->set(Array)
#1 C:\xampp\htdocs\app_bank_sumut\system\CodeIgniter.php(832): App\Controllers\CartController->cartProses()
#2 C:\xampp\htdocs\app_bank_sumut\system\CodeIgniter.php(419): CodeIgniter\CodeIgniter->runController(Object(App\Controllers\CartController))
#3 C:\xampp\htdocs\app_bank_sumut\system\CodeIgniter.php(326): CodeIgniter\CodeIgniter->handleRequest(NULL, Object(Config\Cache), false)
#4 C:\xampp\htdocs\app_bank_sumut\public\index.php(37): CodeIgniter\CodeIgniter->run()
#5 {main}
