CRITICAL - 2023-05-10 02:35:23 --> Undefined variable $clientCSShow
#0 C:\xampp\htdocs\app_bank_sumut\app\Views\dashboard_viewServer.php(72): CodeIgniter\Debug\Exceptions->errorHandler(2, 'Undefined varia...', 'C:\\xampp\\htdocs...', 72)
#1 C:\xampp\htdocs\app_bank_sumut\system\View\View.php(210): include('C:\\xampp\\htdocs...')
#2 C:\xampp\htdocs\app_bank_sumut\system\View\View.php(213): CodeIgniter\View\View->CodeIgniter\View\{closure}()
#3 C:\xampp\htdocs\app_bank_sumut\system\Common.php(1089): CodeIgniter\View\View->render('dashboard_viewS...', Array, true)
#4 C:\xampp\htdocs\app_bank_sumut\app\Controllers\serverControler.php(89): view('dashboard_viewS...', Array)
#5 C:\xampp\htdocs\app_bank_sumut\system\CodeIgniter.php(832): App\Controllers\serverControler->viewServer('Guest_ElRcT_514...')
#6 C:\xampp\htdocs\app_bank_sumut\system\CodeIgniter.php(419): CodeIgniter\CodeIgniter->runController(Object(App\Controllers\serverControler))
#7 C:\xampp\htdocs\app_bank_sumut\system\CodeIgniter.php(326): CodeIgniter\CodeIgniter->handleRequest(NULL, Object(Config\Cache), false)
#8 C:\xampp\htdocs\app_bank_sumut\public\index.php(37): CodeIgniter\CodeIgniter->run()
#9 {main}
ERROR - 2023-05-10 02:35:32 --> Column 'id_user' cannot be null
CRITICAL - 2023-05-10 02:35:32 --> Column 'id_user' cannot be null
#0 C:\xampp\htdocs\app_bank_sumut\system\Database\MySQLi\Connection.php(292): mysqli->query('INSERT INTO `lo...', 0)
#1 C:\xampp\htdocs\app_bank_sumut\system\Database\BaseConnection.php(670): CodeIgniter\Database\MySQLi\Connection->execute('INSERT INTO `lo...')
#2 C:\xampp\htdocs\app_bank_sumut\system\Database\BaseConnection.php(598): CodeIgniter\Database\BaseConnection->simpleQuery('INSERT INTO `lo...')
#3 C:\xampp\htdocs\app_bank_sumut\system\Database\BaseBuilder.php(1771): CodeIgniter\Database\BaseConnection->query('INSERT INTO `lo...', Array, false)
#4 C:\xampp\htdocs\app_bank_sumut\system\Model.php(239): CodeIgniter\Database\BaseBuilder->insert()
#5 C:\xampp\htdocs\app_bank_sumut\system\BaseModel.php(738): CodeIgniter\Model->doInsert(Array)
#6 C:\xampp\htdocs\app_bank_sumut\system\Model.php(625): CodeIgniter\BaseModel->insert(Array, true)
#7 C:\xampp\htdocs\app_bank_sumut\app\Controllers\Home.php(1110): CodeIgniter\Model->insert(Array)
#8 C:\xampp\htdocs\app_bank_sumut\system\CodeIgniter.php(832): App\Controllers\Home->logout()
#9 C:\xampp\htdocs\app_bank_sumut\system\CodeIgniter.php(419): CodeIgniter\CodeIgniter->runController(Object(App\Controllers\Home))
#10 C:\xampp\htdocs\app_bank_sumut\system\CodeIgniter.php(326): CodeIgniter\CodeIgniter->handleRequest(NULL, Object(Config\Cache), false)
#11 C:\xampp\htdocs\app_bank_sumut\public\index.php(37): CodeIgniter\CodeIgniter->run()
#12 {main}
ERROR - 2023-05-10 05:27:04 --> Column 'id_user' cannot be null
CRITICAL - 2023-05-10 05:27:04 --> Column 'id_user' cannot be null
#0 C:\xampp\htdocs\app_bank_sumut\system\Database\MySQLi\Connection.php(292): mysqli->query('INSERT INTO `lo...', 0)
#1 C:\xampp\htdocs\app_bank_sumut\system\Database\BaseConnection.php(670): CodeIgniter\Database\MySQLi\Connection->execute('INSERT INTO `lo...')
#2 C:\xampp\htdocs\app_bank_sumut\system\Database\BaseConnection.php(598): CodeIgniter\Database\BaseConnection->simpleQuery('INSERT INTO `lo...')
#3 C:\xampp\htdocs\app_bank_sumut\system\Database\BaseBuilder.php(1771): CodeIgniter\Database\BaseConnection->query('INSERT INTO `lo...', Array, false)
#4 C:\xampp\htdocs\app_bank_sumut\system\Model.php(239): CodeIgniter\Database\BaseBuilder->insert()
#5 C:\xampp\htdocs\app_bank_sumut\system\BaseModel.php(738): CodeIgniter\Model->doInsert(Array)
#6 C:\xampp\htdocs\app_bank_sumut\system\Model.php(625): CodeIgniter\BaseModel->insert(Array, true)
#7 C:\xampp\htdocs\app_bank_sumut\app\Controllers\Home.php(263): CodeIgniter\Model->insert(Array)
#8 C:\xampp\htdocs\app_bank_sumut\system\CodeIgniter.php(832): App\Controllers\Home->twoFactorVerificationProcess()
#9 C:\xampp\htdocs\app_bank_sumut\system\CodeIgniter.php(419): CodeIgniter\CodeIgniter->runController(Object(App\Controllers\Home))
#10 C:\xampp\htdocs\app_bank_sumut\system\CodeIgniter.php(326): CodeIgniter\CodeIgniter->handleRequest(NULL, Object(Config\Cache), false)
#11 C:\xampp\htdocs\app_bank_sumut\public\index.php(37): CodeIgniter\CodeIgniter->run()
#12 {main}
CRITICAL - 2023-05-10 07:51:48 --> Undefined variable $clientCSShow
#0 C:\xampp\htdocs\app_bank_sumut\app\Views\dashboard_viewServer.php(72): CodeIgniter\Debug\Exceptions->errorHandler(2, 'Undefined varia...', 'C:\\xampp\\htdocs...', 72)
#1 C:\xampp\htdocs\app_bank_sumut\system\View\View.php(210): include('C:\\xampp\\htdocs...')
#2 C:\xampp\htdocs\app_bank_sumut\system\View\View.php(213): CodeIgniter\View\View->CodeIgniter\View\{closure}()
#3 C:\xampp\htdocs\app_bank_sumut\system\Common.php(1089): CodeIgniter\View\View->render('dashboard_viewS...', Array, true)
#4 C:\xampp\htdocs\app_bank_sumut\app\Controllers\serverControler.php(89): view('dashboard_viewS...', Array)
#5 C:\xampp\htdocs\app_bank_sumut\system\CodeIgniter.php(832): App\Controllers\serverControler->viewServer('Guest_ElRcT_514...')
#6 C:\xampp\htdocs\app_bank_sumut\system\CodeIgniter.php(419): CodeIgniter\CodeIgniter->runController(Object(App\Controllers\serverControler))
#7 C:\xampp\htdocs\app_bank_sumut\system\CodeIgniter.php(326): CodeIgniter\CodeIgniter->handleRequest(NULL, Object(Config\Cache), false)
#8 C:\xampp\htdocs\app_bank_sumut\public\index.php(37): CodeIgniter\CodeIgniter->run()
#9 {main}
CRITICAL - 2023-05-10 23:39:54 --> Undefined variable $clientCSShow
#0 C:\xampp\htdocs\app_bank_sumut\app\Views\dashboard_viewServer.php(72): CodeIgniter\Debug\Exceptions->errorHandler(2, 'Undefined varia...', 'C:\\xampp\\htdocs...', 72)
#1 C:\xampp\htdocs\app_bank_sumut\system\View\View.php(210): include('C:\\xampp\\htdocs...')
#2 C:\xampp\htdocs\app_bank_sumut\system\View\View.php(213): CodeIgniter\View\View->CodeIgniter\View\{closure}()
#3 C:\xampp\htdocs\app_bank_sumut\system\Common.php(1089): CodeIgniter\View\View->render('dashboard_viewS...', Array, true)
#4 C:\xampp\htdocs\app_bank_sumut\app\Controllers\serverControler.php(89): view('dashboard_viewS...', Array)
#5 C:\xampp\htdocs\app_bank_sumut\system\CodeIgniter.php(832): App\Controllers\serverControler->viewServer('Guest_ElRcT_514...')
#6 C:\xampp\htdocs\app_bank_sumut\system\CodeIgniter.php(419): CodeIgniter\CodeIgniter->runController(Object(App\Controllers\serverControler))
#7 C:\xampp\htdocs\app_bank_sumut\system\CodeIgniter.php(326): CodeIgniter\CodeIgniter->handleRequest(NULL, Object(Config\Cache), false)
#8 C:\xampp\htdocs\app_bank_sumut\public\index.php(37): CodeIgniter\CodeIgniter->run()
#9 {main}
