CRITICAL - 2023-07-08 00:55:11 --> Undefined variable $clientCSShow
#0 C:\xampp\htdocs\app_bank_sumut\app\Views\dashboard_viewServer.php(76): CodeIgniter\Debug\Exceptions->errorHandler(2, 'Undefined varia...', 'C:\\xampp\\htdocs...', 76)
#1 C:\xampp\htdocs\app_bank_sumut\system\View\View.php(210): include('C:\\xampp\\htdocs...')
#2 C:\xampp\htdocs\app_bank_sumut\system\View\View.php(213): CodeIgniter\View\View->CodeIgniter\View\{closure}()
#3 C:\xampp\htdocs\app_bank_sumut\system\Common.php(1089): CodeIgniter\View\View->render('dashboard_viewS...', Array, true)
#4 C:\xampp\htdocs\app_bank_sumut\app\Controllers\serverControler.php(89): view('dashboard_viewS...', Array)
#5 C:\xampp\htdocs\app_bank_sumut\system\CodeIgniter.php(832): App\Controllers\serverControler->viewServer('Guest_lPjUE_247...')
#6 C:\xampp\htdocs\app_bank_sumut\system\CodeIgniter.php(419): CodeIgniter\CodeIgniter->runController(Object(App\Controllers\serverControler))
#7 C:\xampp\htdocs\app_bank_sumut\system\CodeIgniter.php(326): CodeIgniter\CodeIgniter->handleRequest(NULL, Object(Config\Cache), false)
#8 C:\xampp\htdocs\app_bank_sumut\public\index.php(37): CodeIgniter\CodeIgniter->run()
#9 {main}
ERROR - 2023-07-08 11:40:38 --> Error connecting to the database: No connection could be made because the target machine actively refused it
CRITICAL - 2023-07-08 11:40:38 --> Unable to connect to the database.
Main connection [MySQLi]: No connection could be made because the target machine actively refused it
#0 C:\xampp\htdocs\app_bank_sumut\system\Database\BaseConnection.php(577): CodeIgniter\Database\BaseConnection->initialize()
#1 C:\xampp\htdocs\app_bank_sumut\system\Database\BaseBuilder.php(1455): CodeIgniter\Database\BaseConnection->query('SELECT *\nFROM `...', Array, false)
#2 C:\xampp\htdocs\app_bank_sumut\system\Model.php(183): CodeIgniter\Database\BaseBuilder->get()
#3 C:\xampp\htdocs\app_bank_sumut\system\BaseModel.php(584): CodeIgniter\Model->doFindAll(0, 0)
#4 C:\xampp\htdocs\app_bank_sumut\app\Controllers\Home.php(119): CodeIgniter\BaseModel->findAll()
#5 C:\xampp\htdocs\app_bank_sumut\system\CodeIgniter.php(832): App\Controllers\Home->prosesLogin()
#6 C:\xampp\htdocs\app_bank_sumut\system\CodeIgniter.php(419): CodeIgniter\CodeIgniter->runController(Object(App\Controllers\Home))
#7 C:\xampp\htdocs\app_bank_sumut\system\CodeIgniter.php(326): CodeIgniter\CodeIgniter->handleRequest(NULL, Object(Config\Cache), false)
#8 C:\xampp\htdocs\app_bank_sumut\public\index.php(37): CodeIgniter\CodeIgniter->run()
#9 {main}
ERROR - 2023-07-08 11:43:50 --> Error connecting to the database: MySQL server has gone away
CRITICAL - 2023-07-08 11:43:50 --> Unable to connect to the database.
Main connection [MySQLi]: MySQL server has gone away
#0 C:\xampp\htdocs\app_bank_sumut\system\Database\BaseConnection.php(577): CodeIgniter\Database\BaseConnection->initialize()
#1 C:\xampp\htdocs\app_bank_sumut\system\Database\BaseBuilder.php(1455): CodeIgniter\Database\BaseConnection->query('SELECT *\nFROM `...', Array, false)
#2 C:\xampp\htdocs\app_bank_sumut\system\Model.php(183): CodeIgniter\Database\BaseBuilder->get()
#3 C:\xampp\htdocs\app_bank_sumut\system\BaseModel.php(584): CodeIgniter\Model->doFindAll(0, 0)
#4 C:\xampp\htdocs\app_bank_sumut\app\Controllers\Home.php(119): CodeIgniter\BaseModel->findAll()
#5 C:\xampp\htdocs\app_bank_sumut\system\CodeIgniter.php(832): App\Controllers\Home->prosesLogin()
#6 C:\xampp\htdocs\app_bank_sumut\system\CodeIgniter.php(419): CodeIgniter\CodeIgniter->runController(Object(App\Controllers\Home))
#7 C:\xampp\htdocs\app_bank_sumut\system\CodeIgniter.php(326): CodeIgniter\CodeIgniter->handleRequest(NULL, Object(Config\Cache), false)
#8 C:\xampp\htdocs\app_bank_sumut\public\index.php(37): CodeIgniter\CodeIgniter->run()
#9 {main}
