CRITICAL - 2023-07-27 02:35:16 --> File not found: C:/xampp/htdocs/app_bank_sumut/public/file_upload/app_bank_sumut_2023-07-27_02-03-54.rar
#0 C:\xampp\htdocs\app_bank_sumut\system\Files\File.php(46): CodeIgniter\Files\Exceptions\FileNotFoundException::forFileNotFound('C:/xampp/htdocs...')
#1 C:\xampp\htdocs\app_bank_sumut\system\HTTP\DownloadResponse.php(107): CodeIgniter\Files\File->__construct('C:/xampp/htdocs...', true)
#2 C:\xampp\htdocs\app_bank_sumut\system\HTTP\ResponseTrait.php(774): CodeIgniter\HTTP\DownloadResponse->setFilePath('C:/xampp/htdocs...')
#3 C:\xampp\htdocs\app_bank_sumut\app\Controllers\LiveChatController.php(306): CodeIgniter\HTTP\Response->download('app_bank_sumut_...', NULL)
#4 C:\xampp\htdocs\app_bank_sumut\system\CodeIgniter.php(832): App\Controllers\LiveChatController->downloadFile()
#5 C:\xampp\htdocs\app_bank_sumut\system\CodeIgniter.php(419): CodeIgniter\CodeIgniter->runController(Object(App\Controllers\LiveChatController))
#6 C:\xampp\htdocs\app_bank_sumut\system\CodeIgniter.php(326): CodeIgniter\CodeIgniter->handleRequest(NULL, Object(Config\Cache), false)
#7 C:\xampp\htdocs\app_bank_sumut\public\index.php(37): CodeIgniter\CodeIgniter->run()
#8 {main}
CRITICAL - 2023-07-27 02:35:38 --> File not found: C:/xampp/htdocs/app_bank_sumut/public/file_upload/app_bank_sumut_2023-07-27_02-03-54.rar
#0 C:\xampp\htdocs\app_bank_sumut\system\Files\File.php(46): CodeIgniter\Files\Exceptions\FileNotFoundException::forFileNotFound('C:/xampp/htdocs...')
#1 C:\xampp\htdocs\app_bank_sumut\system\HTTP\DownloadResponse.php(107): CodeIgniter\Files\File->__construct('C:/xampp/htdocs...', true)
#2 C:\xampp\htdocs\app_bank_sumut\system\HTTP\ResponseTrait.php(774): CodeIgniter\HTTP\DownloadResponse->setFilePath('C:/xampp/htdocs...')
#3 C:\xampp\htdocs\app_bank_sumut\app\Controllers\LiveChatController.php(306): CodeIgniter\HTTP\Response->download('app_bank_sumut_...', NULL)
#4 C:\xampp\htdocs\app_bank_sumut\system\CodeIgniter.php(832): App\Controllers\LiveChatController->downloadFile()
#5 C:\xampp\htdocs\app_bank_sumut\system\CodeIgniter.php(419): CodeIgniter\CodeIgniter->runController(Object(App\Controllers\LiveChatController))
#6 C:\xampp\htdocs\app_bank_sumut\system\CodeIgniter.php(326): CodeIgniter\CodeIgniter->handleRequest(NULL, Object(Config\Cache), false)
#7 C:\xampp\htdocs\app_bank_sumut\public\index.php(37): CodeIgniter\CodeIgniter->run()
#8 {main}
ERROR - 2023-07-27 09:27:43 --> Table 'bank_sumut.merchandise' doesn't exist
CRITICAL - 2023-07-27 09:27:43 --> Table 'bank_sumut.merchandise' doesn't exist
#0 C:\xampp\htdocs\app_bank_sumut\system\Database\MySQLi\Connection.php(292): mysqli->query('SELECT *\nFROM `...', 0)
#1 C:\xampp\htdocs\app_bank_sumut\system\Database\BaseConnection.php(670): CodeIgniter\Database\MySQLi\Connection->execute('SELECT *\nFROM `...')
#2 C:\xampp\htdocs\app_bank_sumut\system\Database\BaseConnection.php(598): CodeIgniter\Database\BaseConnection->simpleQuery('SELECT *\nFROM `...')
#3 C:\xampp\htdocs\app_bank_sumut\system\Database\BaseBuilder.php(1455): CodeIgniter\Database\BaseConnection->query('SELECT *\nFROM `...', Array, false)
#4 C:\xampp\htdocs\app_bank_sumut\system\Model.php(183): CodeIgniter\Database\BaseBuilder->get()
#5 C:\xampp\htdocs\app_bank_sumut\system\BaseModel.php(584): CodeIgniter\Model->doFindAll(0, 0)
#6 C:\xampp\htdocs\app_bank_sumut\app\Controllers\Home.php(586): CodeIgniter\BaseModel->findAll()
#7 C:\xampp\htdocs\app_bank_sumut\system\CodeIgniter.php(832): App\Controllers\Home->merch()
#8 C:\xampp\htdocs\app_bank_sumut\system\CodeIgniter.php(419): CodeIgniter\CodeIgniter->runController(Object(App\Controllers\Home))
#9 C:\xampp\htdocs\app_bank_sumut\system\CodeIgniter.php(326): CodeIgniter\CodeIgniter->handleRequest(NULL, Object(Config\Cache), false)
#10 C:\xampp\htdocs\app_bank_sumut\public\index.php(37): CodeIgniter\CodeIgniter->run()
#11 {main}
