CRITICAL - 2023-05-05 02:28:16 --> Undefined variable $idUserServer
#0 C:\xampp\htdocs\app_bank_sumut\app\Views\dashboard_viewServer.php(226): CodeIgniter\Debug\Exceptions->errorHandler(2, 'Undefined varia...', 'C:\\xampp\\htdocs...', 226)
#1 C:\xampp\htdocs\app_bank_sumut\system\View\View.php(210): include('C:\\xampp\\htdocs...')
#2 C:\xampp\htdocs\app_bank_sumut\system\View\View.php(213): CodeIgniter\View\View->CodeIgniter\View\{closure}()
#3 C:\xampp\htdocs\app_bank_sumut\system\Common.php(1089): CodeIgniter\View\View->render('dashboard_viewS...', Array, true)
#4 C:\xampp\htdocs\app_bank_sumut\app\Controllers\Home.php(470): view('dashboard_viewS...', Array)
#5 C:\xampp\htdocs\app_bank_sumut\system\CodeIgniter.php(832): App\Controllers\Home->viewServer('favicon.ico')
#6 C:\xampp\htdocs\app_bank_sumut\system\CodeIgniter.php(419): CodeIgniter\CodeIgniter->runController(Object(App\Controllers\Home))
#7 C:\xampp\htdocs\app_bank_sumut\system\CodeIgniter.php(326): CodeIgniter\CodeIgniter->handleRequest(NULL, Object(Config\Cache), false)
#8 C:\xampp\htdocs\app_bank_sumut\public\index.php(37): CodeIgniter\CodeIgniter->run()
#9 {main}
CRITICAL - 2023-05-05 02:28:23 --> Undefined variable $idUserServer
#0 C:\xampp\htdocs\app_bank_sumut\app\Views\dashboard_viewServer.php(226): CodeIgniter\Debug\Exceptions->errorHandler(2, 'Undefined varia...', 'C:\\xampp\\htdocs...', 226)
#1 C:\xampp\htdocs\app_bank_sumut\system\View\View.php(210): include('C:\\xampp\\htdocs...')
#2 C:\xampp\htdocs\app_bank_sumut\system\View\View.php(213): CodeIgniter\View\View->CodeIgniter\View\{closure}()
#3 C:\xampp\htdocs\app_bank_sumut\system\Common.php(1089): CodeIgniter\View\View->render('dashboard_viewS...', Array, true)
#4 C:\xampp\htdocs\app_bank_sumut\app\Controllers\Home.php(470): view('dashboard_viewS...', Array)
#5 C:\xampp\htdocs\app_bank_sumut\system\CodeIgniter.php(832): App\Controllers\Home->viewServer('favicon.ico')
#6 C:\xampp\htdocs\app_bank_sumut\system\CodeIgniter.php(419): CodeIgniter\CodeIgniter->runController(Object(App\Controllers\Home))
#7 C:\xampp\htdocs\app_bank_sumut\system\CodeIgniter.php(326): CodeIgniter\CodeIgniter->handleRequest(NULL, Object(Config\Cache), false)
#8 C:\xampp\htdocs\app_bank_sumut\public\index.php(37): CodeIgniter\CodeIgniter->run()
#9 {main}
CRITICAL - 2023-05-05 06:47:35 --> Undefined variable $idUserServer
#0 C:\xampp\htdocs\app_bank_sumut\app\Views\dashboard_viewServer.php(226): CodeIgniter\Debug\Exceptions->errorHandler(2, 'Undefined varia...', 'C:\\xampp\\htdocs...', 226)
#1 C:\xampp\htdocs\app_bank_sumut\system\View\View.php(210): include('C:\\xampp\\htdocs...')
#2 C:\xampp\htdocs\app_bank_sumut\system\View\View.php(213): CodeIgniter\View\View->CodeIgniter\View\{closure}()
#3 C:\xampp\htdocs\app_bank_sumut\system\Common.php(1089): CodeIgniter\View\View->render('dashboard_viewS...', Array, true)
#4 C:\xampp\htdocs\app_bank_sumut\app\Controllers\serverControler.php(81): view('dashboard_viewS...', Array)
#5 C:\xampp\htdocs\app_bank_sumut\system\CodeIgniter.php(832): App\Controllers\serverControler->viewServer('<')
#6 C:\xampp\htdocs\app_bank_sumut\system\CodeIgniter.php(419): CodeIgniter\CodeIgniter->runController(Object(App\Controllers\serverControler))
#7 C:\xampp\htdocs\app_bank_sumut\system\CodeIgniter.php(326): CodeIgniter\CodeIgniter->handleRequest(NULL, Object(Config\Cache), false)
#8 C:\xampp\htdocs\app_bank_sumut\public\index.php(37): CodeIgniter\CodeIgniter->run()
#9 {main}
CRITICAL - 2023-05-05 06:48:02 --> Undefined variable $idUserServer
#0 C:\xampp\htdocs\app_bank_sumut\app\Views\dashboard_viewServer.php(226): CodeIgniter\Debug\Exceptions->errorHandler(2, 'Undefined varia...', 'C:\\xampp\\htdocs...', 226)
#1 C:\xampp\htdocs\app_bank_sumut\system\View\View.php(210): include('C:\\xampp\\htdocs...')
#2 C:\xampp\htdocs\app_bank_sumut\system\View\View.php(213): CodeIgniter\View\View->CodeIgniter\View\{closure}()
#3 C:\xampp\htdocs\app_bank_sumut\system\Common.php(1089): CodeIgniter\View\View->render('dashboard_viewS...', Array, true)
#4 C:\xampp\htdocs\app_bank_sumut\app\Controllers\serverControler.php(81): view('dashboard_viewS...', Array)
#5 C:\xampp\htdocs\app_bank_sumut\system\CodeIgniter.php(832): App\Controllers\serverControler->viewServer('<')
#6 C:\xampp\htdocs\app_bank_sumut\system\CodeIgniter.php(419): CodeIgniter\CodeIgniter->runController(Object(App\Controllers\serverControler))
#7 C:\xampp\htdocs\app_bank_sumut\system\CodeIgniter.php(326): CodeIgniter\CodeIgniter->handleRequest(NULL, Object(Config\Cache), false)
#8 C:\xampp\htdocs\app_bank_sumut\public\index.php(37): CodeIgniter\CodeIgniter->run()
#9 {main}
CRITICAL - 2023-05-05 06:53:49 --> Undefined variable $idUserServer
#0 C:\xampp\htdocs\app_bank_sumut\app\Views\dashboard_viewServer.php(226): CodeIgniter\Debug\Exceptions->errorHandler(2, 'Undefined varia...', 'C:\\xampp\\htdocs...', 226)
#1 C:\xampp\htdocs\app_bank_sumut\system\View\View.php(210): include('C:\\xampp\\htdocs...')
#2 C:\xampp\htdocs\app_bank_sumut\system\View\View.php(213): CodeIgniter\View\View->CodeIgniter\View\{closure}()
#3 C:\xampp\htdocs\app_bank_sumut\system\Common.php(1089): CodeIgniter\View\View->render('dashboard_viewS...', Array, true)
#4 C:\xampp\htdocs\app_bank_sumut\app\Controllers\serverControler.php(81): view('dashboard_viewS...', Array)
#5 C:\xampp\htdocs\app_bank_sumut\system\CodeIgniter.php(832): App\Controllers\serverControler->viewServer('<')
#6 C:\xampp\htdocs\app_bank_sumut\system\CodeIgniter.php(419): CodeIgniter\CodeIgniter->runController(Object(App\Controllers\serverControler))
#7 C:\xampp\htdocs\app_bank_sumut\system\CodeIgniter.php(326): CodeIgniter\CodeIgniter->handleRequest(NULL, Object(Config\Cache), false)
#8 C:\xampp\htdocs\app_bank_sumut\public\index.php(37): CodeIgniter\CodeIgniter->run()
#9 {main}
CRITICAL - 2023-05-05 06:55:33 --> Undefined variable $idUserServer
#0 C:\xampp\htdocs\app_bank_sumut\app\Views\dashboard_viewServer.php(226): CodeIgniter\Debug\Exceptions->errorHandler(2, 'Undefined varia...', 'C:\\xampp\\htdocs...', 226)
#1 C:\xampp\htdocs\app_bank_sumut\system\View\View.php(210): include('C:\\xampp\\htdocs...')
#2 C:\xampp\htdocs\app_bank_sumut\system\View\View.php(213): CodeIgniter\View\View->CodeIgniter\View\{closure}()
#3 C:\xampp\htdocs\app_bank_sumut\system\Common.php(1089): CodeIgniter\View\View->render('dashboard_viewS...', Array, true)
#4 C:\xampp\htdocs\app_bank_sumut\app\Controllers\serverControler.php(81): view('dashboard_viewS...', Array)
#5 C:\xampp\htdocs\app_bank_sumut\system\CodeIgniter.php(832): App\Controllers\serverControler->viewServer('<')
#6 C:\xampp\htdocs\app_bank_sumut\system\CodeIgniter.php(419): CodeIgniter\CodeIgniter->runController(Object(App\Controllers\serverControler))
#7 C:\xampp\htdocs\app_bank_sumut\system\CodeIgniter.php(326): CodeIgniter\CodeIgniter->handleRequest(NULL, Object(Config\Cache), false)
#8 C:\xampp\htdocs\app_bank_sumut\public\index.php(37): CodeIgniter\CodeIgniter->run()
#9 {main}
CRITICAL - 2023-05-05 06:55:37 --> Undefined variable $idUserServer
#0 C:\xampp\htdocs\app_bank_sumut\app\Views\dashboard_viewServer.php(226): CodeIgniter\Debug\Exceptions->errorHandler(2, 'Undefined varia...', 'C:\\xampp\\htdocs...', 226)
#1 C:\xampp\htdocs\app_bank_sumut\system\View\View.php(210): include('C:\\xampp\\htdocs...')
#2 C:\xampp\htdocs\app_bank_sumut\system\View\View.php(213): CodeIgniter\View\View->CodeIgniter\View\{closure}()
#3 C:\xampp\htdocs\app_bank_sumut\system\Common.php(1089): CodeIgniter\View\View->render('dashboard_viewS...', Array, true)
#4 C:\xampp\htdocs\app_bank_sumut\app\Controllers\serverControler.php(81): view('dashboard_viewS...', Array)
#5 C:\xampp\htdocs\app_bank_sumut\system\CodeIgniter.php(832): App\Controllers\serverControler->viewServer('<')
#6 C:\xampp\htdocs\app_bank_sumut\system\CodeIgniter.php(419): CodeIgniter\CodeIgniter->runController(Object(App\Controllers\serverControler))
#7 C:\xampp\htdocs\app_bank_sumut\system\CodeIgniter.php(326): CodeIgniter\CodeIgniter->handleRequest(NULL, Object(Config\Cache), false)
#8 C:\xampp\htdocs\app_bank_sumut\public\index.php(37): CodeIgniter\CodeIgniter->run()
#9 {main}
CRITICAL - 2023-05-05 06:56:27 --> Undefined variable $idUserServer
#0 C:\xampp\htdocs\app_bank_sumut\app\Views\dashboard_viewServer.php(226): CodeIgniter\Debug\Exceptions->errorHandler(2, 'Undefined varia...', 'C:\\xampp\\htdocs...', 226)
#1 C:\xampp\htdocs\app_bank_sumut\system\View\View.php(210): include('C:\\xampp\\htdocs...')
#2 C:\xampp\htdocs\app_bank_sumut\system\View\View.php(213): CodeIgniter\View\View->CodeIgniter\View\{closure}()
#3 C:\xampp\htdocs\app_bank_sumut\system\Common.php(1089): CodeIgniter\View\View->render('dashboard_viewS...', Array, true)
#4 C:\xampp\htdocs\app_bank_sumut\app\Controllers\serverControler.php(81): view('dashboard_viewS...', Array)
#5 C:\xampp\htdocs\app_bank_sumut\system\CodeIgniter.php(832): App\Controllers\serverControler->viewServer('<')
#6 C:\xampp\htdocs\app_bank_sumut\system\CodeIgniter.php(419): CodeIgniter\CodeIgniter->runController(Object(App\Controllers\serverControler))
#7 C:\xampp\htdocs\app_bank_sumut\system\CodeIgniter.php(326): CodeIgniter\CodeIgniter->handleRequest(NULL, Object(Config\Cache), false)
#8 C:\xampp\htdocs\app_bank_sumut\public\index.php(37): CodeIgniter\CodeIgniter->run()
#9 {main}
CRITICAL - 2023-05-05 06:56:42 --> Undefined variable $idUserServer
#0 C:\xampp\htdocs\app_bank_sumut\app\Views\dashboard_viewServer.php(226): CodeIgniter\Debug\Exceptions->errorHandler(2, 'Undefined varia...', 'C:\\xampp\\htdocs...', 226)
#1 C:\xampp\htdocs\app_bank_sumut\system\View\View.php(210): include('C:\\xampp\\htdocs...')
#2 C:\xampp\htdocs\app_bank_sumut\system\View\View.php(213): CodeIgniter\View\View->CodeIgniter\View\{closure}()
#3 C:\xampp\htdocs\app_bank_sumut\system\Common.php(1089): CodeIgniter\View\View->render('dashboard_viewS...', Array, true)
#4 C:\xampp\htdocs\app_bank_sumut\app\Controllers\serverControler.php(81): view('dashboard_viewS...', Array)
#5 C:\xampp\htdocs\app_bank_sumut\system\CodeIgniter.php(832): App\Controllers\serverControler->viewServer('<')
#6 C:\xampp\htdocs\app_bank_sumut\system\CodeIgniter.php(419): CodeIgniter\CodeIgniter->runController(Object(App\Controllers\serverControler))
#7 C:\xampp\htdocs\app_bank_sumut\system\CodeIgniter.php(326): CodeIgniter\CodeIgniter->handleRequest(NULL, Object(Config\Cache), false)
#8 C:\xampp\htdocs\app_bank_sumut\public\index.php(37): CodeIgniter\CodeIgniter->run()
#9 {main}
CRITICAL - 2023-05-05 06:58:30 --> Undefined variable $idUserServer
#0 C:\xampp\htdocs\app_bank_sumut\app\Views\dashboard_viewServer.php(226): CodeIgniter\Debug\Exceptions->errorHandler(2, 'Undefined varia...', 'C:\\xampp\\htdocs...', 226)
#1 C:\xampp\htdocs\app_bank_sumut\system\View\View.php(210): include('C:\\xampp\\htdocs...')
#2 C:\xampp\htdocs\app_bank_sumut\system\View\View.php(213): CodeIgniter\View\View->CodeIgniter\View\{closure}()
#3 C:\xampp\htdocs\app_bank_sumut\system\Common.php(1089): CodeIgniter\View\View->render('dashboard_viewS...', Array, true)
#4 C:\xampp\htdocs\app_bank_sumut\app\Controllers\serverControler.php(81): view('dashboard_viewS...', Array)
#5 C:\xampp\htdocs\app_bank_sumut\system\CodeIgniter.php(832): App\Controllers\serverControler->viewServer('<')
#6 C:\xampp\htdocs\app_bank_sumut\system\CodeIgniter.php(419): CodeIgniter\CodeIgniter->runController(Object(App\Controllers\serverControler))
#7 C:\xampp\htdocs\app_bank_sumut\system\CodeIgniter.php(326): CodeIgniter\CodeIgniter->handleRequest(NULL, Object(Config\Cache), false)
#8 C:\xampp\htdocs\app_bank_sumut\public\index.php(37): CodeIgniter\CodeIgniter->run()
#9 {main}
CRITICAL - 2023-05-05 06:58:42 --> Undefined variable $idUserServer
#0 C:\xampp\htdocs\app_bank_sumut\app\Views\dashboard_viewServer.php(226): CodeIgniter\Debug\Exceptions->errorHandler(2, 'Undefined varia...', 'C:\\xampp\\htdocs...', 226)
#1 C:\xampp\htdocs\app_bank_sumut\system\View\View.php(210): include('C:\\xampp\\htdocs...')
#2 C:\xampp\htdocs\app_bank_sumut\system\View\View.php(213): CodeIgniter\View\View->CodeIgniter\View\{closure}()
#3 C:\xampp\htdocs\app_bank_sumut\system\Common.php(1089): CodeIgniter\View\View->render('dashboard_viewS...', Array, true)
#4 C:\xampp\htdocs\app_bank_sumut\app\Controllers\serverControler.php(81): view('dashboard_viewS...', Array)
#5 C:\xampp\htdocs\app_bank_sumut\system\CodeIgniter.php(832): App\Controllers\serverControler->viewServer('<')
#6 C:\xampp\htdocs\app_bank_sumut\system\CodeIgniter.php(419): CodeIgniter\CodeIgniter->runController(Object(App\Controllers\serverControler))
#7 C:\xampp\htdocs\app_bank_sumut\system\CodeIgniter.php(326): CodeIgniter\CodeIgniter->handleRequest(NULL, Object(Config\Cache), false)
#8 C:\xampp\htdocs\app_bank_sumut\public\index.php(37): CodeIgniter\CodeIgniter->run()
#9 {main}
CRITICAL - 2023-05-05 07:00:28 --> Undefined variable $idUserServer
#0 C:\xampp\htdocs\app_bank_sumut\app\Views\dashboard_viewServer.php(226): CodeIgniter\Debug\Exceptions->errorHandler(2, 'Undefined varia...', 'C:\\xampp\\htdocs...', 226)
#1 C:\xampp\htdocs\app_bank_sumut\system\View\View.php(210): include('C:\\xampp\\htdocs...')
#2 C:\xampp\htdocs\app_bank_sumut\system\View\View.php(213): CodeIgniter\View\View->CodeIgniter\View\{closure}()
#3 C:\xampp\htdocs\app_bank_sumut\system\Common.php(1089): CodeIgniter\View\View->render('dashboard_viewS...', Array, true)
#4 C:\xampp\htdocs\app_bank_sumut\app\Controllers\serverControler.php(81): view('dashboard_viewS...', Array)
#5 C:\xampp\htdocs\app_bank_sumut\system\CodeIgniter.php(832): App\Controllers\serverControler->viewServer('<')
#6 C:\xampp\htdocs\app_bank_sumut\system\CodeIgniter.php(419): CodeIgniter\CodeIgniter->runController(Object(App\Controllers\serverControler))
#7 C:\xampp\htdocs\app_bank_sumut\system\CodeIgniter.php(326): CodeIgniter\CodeIgniter->handleRequest(NULL, Object(Config\Cache), false)
#8 C:\xampp\htdocs\app_bank_sumut\public\index.php(37): CodeIgniter\CodeIgniter->run()
#9 {main}
CRITICAL - 2023-05-05 11:28:41 --> Undefined variable $hidden
#0 C:\xampp\htdocs\app_bank_sumut\app\Views\dashboard_viewServer.php(167): CodeIgniter\Debug\Exceptions->errorHandler(2, 'Undefined varia...', 'C:\\xampp\\htdocs...', 167)
#1 C:\xampp\htdocs\app_bank_sumut\system\View\View.php(210): include('C:\\xampp\\htdocs...')
#2 C:\xampp\htdocs\app_bank_sumut\system\View\View.php(213): CodeIgniter\View\View->CodeIgniter\View\{closure}()
#3 C:\xampp\htdocs\app_bank_sumut\system\Common.php(1089): CodeIgniter\View\View->render('dashboard_viewS...', Array, true)
#4 C:\xampp\htdocs\app_bank_sumut\app\Controllers\serverControler.php(82): view('dashboard_viewS...', Array)
#5 C:\xampp\htdocs\app_bank_sumut\system\CodeIgniter.php(832): App\Controllers\serverControler->viewServer('Guest_ElRcT_514...')
#6 C:\xampp\htdocs\app_bank_sumut\system\CodeIgniter.php(419): CodeIgniter\CodeIgniter->runController(Object(App\Controllers\serverControler))
#7 C:\xampp\htdocs\app_bank_sumut\system\CodeIgniter.php(326): CodeIgniter\CodeIgniter->handleRequest(NULL, Object(Config\Cache), false)
#8 C:\xampp\htdocs\app_bank_sumut\public\index.php(37): CodeIgniter\CodeIgniter->run()
#9 {main}
