CRITICAL - 2023-05-11 13:34:06 --> Undefined variable $clientCSShow
#0 C:\xampp\htdocs\app_bank_sumut\app\Views\dashboard_viewServer.php(72): CodeIgniter\Debug\Exceptions->errorHandler(2, 'Undefined varia...', 'C:\\xampp\\htdocs...', 72)
#1 C:\xampp\htdocs\app_bank_sumut\system\View\View.php(210): include('C:\\xampp\\htdocs...')
#2 C:\xampp\htdocs\app_bank_sumut\system\View\View.php(213): CodeIgniter\View\View->CodeIgniter\View\{closure}()
#3 C:\xampp\htdocs\app_bank_sumut\system\Common.php(1089): CodeIgniter\View\View->render('dashboard_viewS...', Array, true)
#4 C:\xampp\htdocs\app_bank_sumut\app\Controllers\serverControler.php(89): view('dashboard_viewS...', Array)
#5 C:\xampp\htdocs\app_bank_sumut\system\CodeIgniter.php(832): App\Controllers\serverControler->viewServer('Guest_ElRcT_514...')
#6 C:\xampp\htdocs\app_bank_sumut\system\CodeIgniter.php(419): CodeIgniter\CodeIgniter->runController(Object(App\Controllers\serverControler))
#7 C:\xampp\htdocs\app_bank_sumut\system\CodeIgniter.php(326): CodeIgniter\CodeIgniter->handleRequest(NULL, Object(Config\Cache), false)
#8 C:\xampp\htdocs\app_bank_sumut\public\index.php(37): CodeIgniter\CodeIgniter->run()
#9 {main}
CRITICAL - 2023-05-11 14:35:44 --> syntax error, unexpected token ")"
#0 C:\xampp\htdocs\app_bank_sumut\system\Router\Router.php(175): CodeIgniter\Router\Router->autoRoute('Home/getActivit...')
#1 C:\xampp\htdocs\app_bank_sumut\system\CodeIgniter.php(726): CodeIgniter\Router\Router->handle('Home/getActivit...')
#2 C:\xampp\htdocs\app_bank_sumut\system\CodeIgniter.php(368): CodeIgniter\CodeIgniter->tryToRouteIt(Object(CodeIgniter\Router\RouteCollection))
#3 C:\xampp\htdocs\app_bank_sumut\system\CodeIgniter.php(326): CodeIgniter\CodeIgniter->handleRequest(NULL, Object(Config\Cache), false)
#4 C:\xampp\htdocs\app_bank_sumut\public\index.php(37): CodeIgniter\CodeIgniter->run()
#5 {main}
CRITICAL - 2023-05-11 14:37:44 --> syntax error, unexpected token ")"
#0 C:\xampp\htdocs\app_bank_sumut\system\Router\Router.php(175): CodeIgniter\Router\Router->autoRoute('Home/getActivit...')
#1 C:\xampp\htdocs\app_bank_sumut\system\CodeIgniter.php(726): CodeIgniter\Router\Router->handle('Home/getActivit...')
#2 C:\xampp\htdocs\app_bank_sumut\system\CodeIgniter.php(368): CodeIgniter\CodeIgniter->tryToRouteIt(Object(CodeIgniter\Router\RouteCollection))
#3 C:\xampp\htdocs\app_bank_sumut\system\CodeIgniter.php(326): CodeIgniter\CodeIgniter->handleRequest(NULL, Object(Config\Cache), false)
#4 C:\xampp\htdocs\app_bank_sumut\public\index.php(37): CodeIgniter\CodeIgniter->run()
#5 {main}
