CRITICAL - 2023-03-22 12:33:08 --> syntax error, unexpected token "public"
#0 C:\xampp\htdocs\app_bank_sumut\system\Autoloader\Autoloader.php(241): CodeIgniter\Autoloader\Autoloader->includeFile('C:\\xampp\\htdocs...')
#1 C:\xampp\htdocs\app_bank_sumut\system\Autoloader\Autoloader.php(219): CodeIgniter\Autoloader\Autoloader->loadInNamespace('App\\Controllers...')
#2 [internal function]: CodeIgniter\Autoloader\Autoloader->loadClass('App\\Controllers...')
#3 C:\xampp\htdocs\app_bank_sumut\system\CodeIgniter.php(797): class_exists('\\App\\Controller...', true)
#4 C:\xampp\htdocs\app_bank_sumut\system\CodeIgniter.php(406): CodeIgniter\CodeIgniter->startController()
#5 C:\xampp\htdocs\app_bank_sumut\system\CodeIgniter.php(326): CodeIgniter\CodeIgniter->handleRequest(NULL, Object(Config\Cache), false)
#6 C:\xampp\htdocs\app_bank_sumut\public\index.php(37): CodeIgniter\CodeIgniter->run()
#7 {main}
CRITICAL - 2023-03-22 13:25:13 --> Call to a member function getName() on null
#0 C:\xampp\htdocs\app_bank_sumut\system\CodeIgniter.php(832): App\Controllers\Home->store()
#1 C:\xampp\htdocs\app_bank_sumut\system\CodeIgniter.php(419): CodeIgniter\CodeIgniter->runController(Object(App\Controllers\Home))
#2 C:\xampp\htdocs\app_bank_sumut\system\CodeIgniter.php(326): CodeIgniter\CodeIgniter->handleRequest(NULL, Object(Config\Cache), false)
#3 C:\xampp\htdocs\app_bank_sumut\public\index.php(37): CodeIgniter\CodeIgniter->run()
#4 {main}
CRITICAL - 2023-03-22 13:26:31 --> Call to a member function getRandomName() on null
#0 C:\xampp\htdocs\app_bank_sumut\system\CodeIgniter.php(832): App\Controllers\Home->store()
#1 C:\xampp\htdocs\app_bank_sumut\system\CodeIgniter.php(419): CodeIgniter\CodeIgniter->runController(Object(App\Controllers\Home))
#2 C:\xampp\htdocs\app_bank_sumut\system\CodeIgniter.php(326): CodeIgniter\CodeIgniter->handleRequest(NULL, Object(Config\Cache), false)
#3 C:\xampp\htdocs\app_bank_sumut\public\index.php(37): CodeIgniter\CodeIgniter->run()
#4 {main}
CRITICAL - 2023-03-22 13:27:59 --> Call to a member function getRandomName() on string
#0 C:\xampp\htdocs\app_bank_sumut\system\CodeIgniter.php(832): App\Controllers\Home->store()
#1 C:\xampp\htdocs\app_bank_sumut\system\CodeIgniter.php(419): CodeIgniter\CodeIgniter->runController(Object(App\Controllers\Home))
#2 C:\xampp\htdocs\app_bank_sumut\system\CodeIgniter.php(326): CodeIgniter\CodeIgniter->handleRequest(NULL, Object(Config\Cache), false)
#3 C:\xampp\htdocs\app_bank_sumut\public\index.php(37): CodeIgniter\CodeIgniter->run()
#4 {main}
CRITICAL - 2023-03-22 13:29:26 --> Call to a member function getRandomName() on null
#0 C:\xampp\htdocs\app_bank_sumut\system\CodeIgniter.php(832): App\Controllers\Home->store()
#1 C:\xampp\htdocs\app_bank_sumut\system\CodeIgniter.php(419): CodeIgniter\CodeIgniter->runController(Object(App\Controllers\Home))
#2 C:\xampp\htdocs\app_bank_sumut\system\CodeIgniter.php(326): CodeIgniter\CodeIgniter->handleRequest(NULL, Object(Config\Cache), false)
#3 C:\xampp\htdocs\app_bank_sumut\public\index.php(37): CodeIgniter\CodeIgniter->run()
#4 {main}
CRITICAL - 2023-03-22 13:31:06 --> Call to a member function getRandomName() on null
#0 C:\xampp\htdocs\app_bank_sumut\system\CodeIgniter.php(832): App\Controllers\Home->store()
#1 C:\xampp\htdocs\app_bank_sumut\system\CodeIgniter.php(419): CodeIgniter\CodeIgniter->runController(Object(App\Controllers\Home))
#2 C:\xampp\htdocs\app_bank_sumut\system\CodeIgniter.php(326): CodeIgniter\CodeIgniter->handleRequest(NULL, Object(Config\Cache), false)
#3 C:\xampp\htdocs\app_bank_sumut\public\index.php(37): CodeIgniter\CodeIgniter->run()
#4 {main}
