CRITICAL - 2023-02-27 01:17:02 --> Trying to access array offset on value of type null
#0 C:\xampp\htdocs\app_bank_sumut\app\Controllers\Home.php(477): CodeIgniter\Debug\Exceptions->errorHandler(2, 'Trying to acces...', 'C:\\xampp\\htdocs...', 477)
#1 C:\xampp\htdocs\app_bank_sumut\system\CodeIgniter.php(832): App\Controllers\Home->prosesUpdateProfile('[object Object]')
#2 C:\xampp\htdocs\app_bank_sumut\system\CodeIgniter.php(419): CodeIgniter\CodeIgniter->runController(Object(App\Controllers\Home))
#3 C:\xampp\htdocs\app_bank_sumut\system\CodeIgniter.php(326): CodeIgniter\CodeIgniter->handleRequest(NULL, Object(Config\Cache), false)
#4 C:\xampp\htdocs\app_bank_sumut\public\index.php(37): CodeIgniter\CodeIgniter->run()
#5 {main}
CRITICAL - 2023-02-27 01:17:22 --> Trying to access array offset on value of type null
#0 C:\xampp\htdocs\app_bank_sumut\app\Controllers\Home.php(477): CodeIgniter\Debug\Exceptions->errorHandler(2, 'Trying to acces...', 'C:\\xampp\\htdocs...', 477)
#1 C:\xampp\htdocs\app_bank_sumut\system\CodeIgniter.php(832): App\Controllers\Home->prosesUpdateProfile('[object Object]')
#2 C:\xampp\htdocs\app_bank_sumut\system\CodeIgniter.php(419): CodeIgniter\CodeIgniter->runController(Object(App\Controllers\Home))
#3 C:\xampp\htdocs\app_bank_sumut\system\CodeIgniter.php(326): CodeIgniter\CodeIgniter->handleRequest(NULL, Object(Config\Cache), false)
#4 C:\xampp\htdocs\app_bank_sumut\public\index.php(37): CodeIgniter\CodeIgniter->run()
#5 {main}
CRITICAL - 2023-02-27 01:27:38 --> Cannot access offset of type string on string
#0 C:\xampp\htdocs\app_bank_sumut\system\CodeIgniter.php(832): App\Controllers\Home->prosesUpdateProfile('[object Object]')
#1 C:\xampp\htdocs\app_bank_sumut\system\CodeIgniter.php(419): CodeIgniter\CodeIgniter->runController(Object(App\Controllers\Home))
#2 C:\xampp\htdocs\app_bank_sumut\system\CodeIgniter.php(326): CodeIgniter\CodeIgniter->handleRequest(NULL, Object(Config\Cache), false)
#3 C:\xampp\htdocs\app_bank_sumut\public\index.php(37): CodeIgniter\CodeIgniter->run()
#4 {main}
CRITICAL - 2023-02-27 01:29:47 --> printf(): Passing null to parameter #1 ($format) of type string is deprecated
#0 [internal function]: CodeIgniter\Debug\Exceptions->errorHandler(8192, 'printf(): Passi...', 'C:\\xampp\\htdocs...', 479)
#1 C:\xampp\htdocs\app_bank_sumut\app\Controllers\Home.php(479): printf(NULL)
#2 C:\xampp\htdocs\app_bank_sumut\system\CodeIgniter.php(832): App\Controllers\Home->prosesUpdateProfile('[object Object]')
#3 C:\xampp\htdocs\app_bank_sumut\system\CodeIgniter.php(419): CodeIgniter\CodeIgniter->runController(Object(App\Controllers\Home))
#4 C:\xampp\htdocs\app_bank_sumut\system\CodeIgniter.php(326): CodeIgniter\CodeIgniter->handleRequest(NULL, Object(Config\Cache), false)
#5 C:\xampp\htdocs\app_bank_sumut\public\index.php(37): CodeIgniter\CodeIgniter->run()
#6 {main}
CRITICAL - 2023-02-27 01:30:58 --> Cannot access offset of type string on string
#0 C:\xampp\htdocs\app_bank_sumut\system\CodeIgniter.php(832): App\Controllers\Home->prosesUpdateProfile('[object Object]')
#1 C:\xampp\htdocs\app_bank_sumut\system\CodeIgniter.php(419): CodeIgniter\CodeIgniter->runController(Object(App\Controllers\Home))
#2 C:\xampp\htdocs\app_bank_sumut\system\CodeIgniter.php(326): CodeIgniter\CodeIgniter->handleRequest(NULL, Object(Config\Cache), false)
#3 C:\xampp\htdocs\app_bank_sumut\public\index.php(37): CodeIgniter\CodeIgniter->run()
#4 {main}
CRITICAL - 2023-02-27 01:48:08 --> Too few arguments to function App\Controllers\Home::prosesUpdateProfile(), 0 passed in C:\xampp\htdocs\app_bank_sumut\system\CodeIgniter.php on line 832 and exactly 1 expected
#0 C:\xampp\htdocs\app_bank_sumut\system\CodeIgniter.php(832): App\Controllers\Home->prosesUpdateProfile()
#1 C:\xampp\htdocs\app_bank_sumut\system\CodeIgniter.php(419): CodeIgniter\CodeIgniter->runController(Object(App\Controllers\Home))
#2 C:\xampp\htdocs\app_bank_sumut\system\CodeIgniter.php(326): CodeIgniter\CodeIgniter->handleRequest(NULL, Object(Config\Cache), false)
#3 C:\xampp\htdocs\app_bank_sumut\public\index.php(37): CodeIgniter\CodeIgniter->run()
#4 {main}
CRITICAL - 2023-02-27 01:48:45 --> Too few arguments to function App\Controllers\Home::prosesUpdateProfile(), 0 passed in C:\xampp\htdocs\app_bank_sumut\system\CodeIgniter.php on line 832 and exactly 1 expected
#0 C:\xampp\htdocs\app_bank_sumut\system\CodeIgniter.php(832): App\Controllers\Home->prosesUpdateProfile()
#1 C:\xampp\htdocs\app_bank_sumut\system\CodeIgniter.php(419): CodeIgniter\CodeIgniter->runController(Object(App\Controllers\Home))
#2 C:\xampp\htdocs\app_bank_sumut\system\CodeIgniter.php(326): CodeIgniter\CodeIgniter->handleRequest(NULL, Object(Config\Cache), false)
#3 C:\xampp\htdocs\app_bank_sumut\public\index.php(37): CodeIgniter\CodeIgniter->run()
#4 {main}
CRITICAL - 2023-02-27 01:49:30 --> Too few arguments to function App\Controllers\Home::prosesUpdateProfile(), 0 passed in C:\xampp\htdocs\app_bank_sumut\system\CodeIgniter.php on line 832 and exactly 1 expected
#0 C:\xampp\htdocs\app_bank_sumut\system\CodeIgniter.php(832): App\Controllers\Home->prosesUpdateProfile()
#1 C:\xampp\htdocs\app_bank_sumut\system\CodeIgniter.php(419): CodeIgniter\CodeIgniter->runController(Object(App\Controllers\Home))
#2 C:\xampp\htdocs\app_bank_sumut\system\CodeIgniter.php(326): CodeIgniter\CodeIgniter->handleRequest(NULL, Object(Config\Cache), false)
#3 C:\xampp\htdocs\app_bank_sumut\public\index.php(37): CodeIgniter\CodeIgniter->run()
#4 {main}
CRITICAL - 2023-02-27 01:50:37 --> Too few arguments to function App\Controllers\Home::prosesUpdateProfile(), 0 passed in C:\xampp\htdocs\app_bank_sumut\system\CodeIgniter.php on line 832 and exactly 1 expected
#0 C:\xampp\htdocs\app_bank_sumut\system\CodeIgniter.php(832): App\Controllers\Home->prosesUpdateProfile()
#1 C:\xampp\htdocs\app_bank_sumut\system\CodeIgniter.php(419): CodeIgniter\CodeIgniter->runController(Object(App\Controllers\Home))
#2 C:\xampp\htdocs\app_bank_sumut\system\CodeIgniter.php(326): CodeIgniter\CodeIgniter->handleRequest(NULL, Object(Config\Cache), false)
#3 C:\xampp\htdocs\app_bank_sumut\public\index.php(37): CodeIgniter\CodeIgniter->run()
#4 {main}
CRITICAL - 2023-02-27 01:52:27 --> Too few arguments to function App\Controllers\Home::prosesUpdateProfile(), 0 passed in C:\xampp\htdocs\app_bank_sumut\system\CodeIgniter.php on line 832 and exactly 1 expected
#0 C:\xampp\htdocs\app_bank_sumut\system\CodeIgniter.php(832): App\Controllers\Home->prosesUpdateProfile()
#1 C:\xampp\htdocs\app_bank_sumut\system\CodeIgniter.php(419): CodeIgniter\CodeIgniter->runController(Object(App\Controllers\Home))
#2 C:\xampp\htdocs\app_bank_sumut\system\CodeIgniter.php(326): CodeIgniter\CodeIgniter->handleRequest(NULL, Object(Config\Cache), false)
#3 C:\xampp\htdocs\app_bank_sumut\public\index.php(37): CodeIgniter\CodeIgniter->run()
#4 {main}
CRITICAL - 2023-02-27 02:47:00 --> Too few arguments to function App\Controllers\Home::prosesUpdateProfile(), 0 passed in C:\xampp\htdocs\app_bank_sumut\system\CodeIgniter.php on line 832 and exactly 1 expected
#0 C:\xampp\htdocs\app_bank_sumut\system\CodeIgniter.php(832): App\Controllers\Home->prosesUpdateProfile()
#1 C:\xampp\htdocs\app_bank_sumut\system\CodeIgniter.php(419): CodeIgniter\CodeIgniter->runController(Object(App\Controllers\Home))
#2 C:\xampp\htdocs\app_bank_sumut\system\CodeIgniter.php(326): CodeIgniter\CodeIgniter->handleRequest(NULL, Object(Config\Cache), false)
#3 C:\xampp\htdocs\app_bank_sumut\public\index.php(37): CodeIgniter\CodeIgniter->run()
#4 {main}
CRITICAL - 2023-02-27 02:47:30 --> Too few arguments to function App\Controllers\Home::prosesUpdateProfile(), 0 passed in C:\xampp\htdocs\app_bank_sumut\system\CodeIgniter.php on line 832 and exactly 1 expected
#0 C:\xampp\htdocs\app_bank_sumut\system\CodeIgniter.php(832): App\Controllers\Home->prosesUpdateProfile()
#1 C:\xampp\htdocs\app_bank_sumut\system\CodeIgniter.php(419): CodeIgniter\CodeIgniter->runController(Object(App\Controllers\Home))
#2 C:\xampp\htdocs\app_bank_sumut\system\CodeIgniter.php(326): CodeIgniter\CodeIgniter->handleRequest(NULL, Object(Config\Cache), false)
#3 C:\xampp\htdocs\app_bank_sumut\public\index.php(37): CodeIgniter\CodeIgniter->run()
#4 {main}
CRITICAL - 2023-02-27 02:49:35 --> Attempt to read property "param" on string
#0 C:\xampp\htdocs\app_bank_sumut\app\Controllers\Home.php(480): CodeIgniter\Debug\Exceptions->errorHandler(2, 'Attempt to read...', 'C:\\xampp\\htdocs...', 480)
#1 C:\xampp\htdocs\app_bank_sumut\system\CodeIgniter.php(832): App\Controllers\Home->prosesUpdateProfile('{"param" : "fir...')
#2 C:\xampp\htdocs\app_bank_sumut\system\CodeIgniter.php(419): CodeIgniter\CodeIgniter->runController(Object(App\Controllers\Home))
#3 C:\xampp\htdocs\app_bank_sumut\system\CodeIgniter.php(326): CodeIgniter\CodeIgniter->handleRequest(NULL, Object(Config\Cache), false)
#4 C:\xampp\htdocs\app_bank_sumut\public\index.php(37): CodeIgniter\CodeIgniter->run()
#5 {main}
CRITICAL - 2023-02-27 02:49:49 --> Cannot access offset of type string on string
#0 C:\xampp\htdocs\app_bank_sumut\system\CodeIgniter.php(832): App\Controllers\Home->prosesUpdateProfile('{"param" : "fir...')
#1 C:\xampp\htdocs\app_bank_sumut\system\CodeIgniter.php(419): CodeIgniter\CodeIgniter->runController(Object(App\Controllers\Home))
#2 C:\xampp\htdocs\app_bank_sumut\system\CodeIgniter.php(326): CodeIgniter\CodeIgniter->handleRequest(NULL, Object(Config\Cache), false)
#3 C:\xampp\htdocs\app_bank_sumut\public\index.php(37): CodeIgniter\CodeIgniter->run()
#4 {main}
CRITICAL - 2023-02-27 02:50:54 --> Attempt to read property "param" on string
#0 C:\xampp\htdocs\app_bank_sumut\app\Controllers\Home.php(476): CodeIgniter\Debug\Exceptions->errorHandler(2, 'Attempt to read...', 'C:\\xampp\\htdocs...', 476)
#1 C:\xampp\htdocs\app_bank_sumut\system\CodeIgniter.php(832): App\Controllers\Home->prosesUpdateProfile('{"param" : "fir...')
#2 C:\xampp\htdocs\app_bank_sumut\system\CodeIgniter.php(419): CodeIgniter\CodeIgniter->runController(Object(App\Controllers\Home))
#3 C:\xampp\htdocs\app_bank_sumut\system\CodeIgniter.php(326): CodeIgniter\CodeIgniter->handleRequest(NULL, Object(Config\Cache), false)
#4 C:\xampp\htdocs\app_bank_sumut\public\index.php(37): CodeIgniter\CodeIgniter->run()
#5 {main}
CRITICAL - 2023-02-27 02:51:41 --> Cannot access offset of type string on string
#0 C:\xampp\htdocs\app_bank_sumut\system\CodeIgniter.php(832): App\Controllers\Home->prosesUpdateProfile('{"param" : "fir...')
#1 C:\xampp\htdocs\app_bank_sumut\system\CodeIgniter.php(419): CodeIgniter\CodeIgniter->runController(Object(App\Controllers\Home))
#2 C:\xampp\htdocs\app_bank_sumut\system\CodeIgniter.php(326): CodeIgniter\CodeIgniter->handleRequest(NULL, Object(Config\Cache), false)
#3 C:\xampp\htdocs\app_bank_sumut\public\index.php(37): CodeIgniter\CodeIgniter->run()
#4 {main}
CRITICAL - 2023-02-27 02:53:01 --> Attempt to read property "param" on string
#0 C:\xampp\htdocs\app_bank_sumut\app\Controllers\Home.php(476): CodeIgniter\Debug\Exceptions->errorHandler(2, 'Attempt to read...', 'C:\\xampp\\htdocs...', 476)
#1 C:\xampp\htdocs\app_bank_sumut\system\CodeIgniter.php(832): App\Controllers\Home->prosesUpdateProfile('{"param" : "fir...')
#2 C:\xampp\htdocs\app_bank_sumut\system\CodeIgniter.php(419): CodeIgniter\CodeIgniter->runController(Object(App\Controllers\Home))
#3 C:\xampp\htdocs\app_bank_sumut\system\CodeIgniter.php(326): CodeIgniter\CodeIgniter->handleRequest(NULL, Object(Config\Cache), false)
#4 C:\xampp\htdocs\app_bank_sumut\public\index.php(37): CodeIgniter\CodeIgniter->run()
#5 {main}
CRITICAL - 2023-02-27 03:15:02 --> Attempt to read property "param" on string
#0 C:\xampp\htdocs\app_bank_sumut\app\Controllers\Home.php(477): CodeIgniter\Debug\Exceptions->errorHandler(2, 'Attempt to read...', 'C:\\xampp\\htdocs...', 477)
#1 C:\xampp\htdocs\app_bank_sumut\system\CodeIgniter.php(832): App\Controllers\Home->prosesUpdateProfile('{"param" : "fir...')
#2 C:\xampp\htdocs\app_bank_sumut\system\CodeIgniter.php(419): CodeIgniter\CodeIgniter->runController(Object(App\Controllers\Home))
#3 C:\xampp\htdocs\app_bank_sumut\system\CodeIgniter.php(326): CodeIgniter\CodeIgniter->handleRequest(NULL, Object(Config\Cache), false)
#4 C:\xampp\htdocs\app_bank_sumut\public\index.php(37): CodeIgniter\CodeIgniter->run()
#5 {main}
CRITICAL - 2023-02-27 03:18:27 --> Attempt to read property "param" on string
#0 C:\xampp\htdocs\app_bank_sumut\app\Controllers\Home.php(480): CodeIgniter\Debug\Exceptions->errorHandler(2, 'Attempt to read...', 'C:\\xampp\\htdocs...', 480)
#1 C:\xampp\htdocs\app_bank_sumut\system\CodeIgniter.php(832): App\Controllers\Home->prosesUpdateProfile('[object Object]')
#2 C:\xampp\htdocs\app_bank_sumut\system\CodeIgniter.php(419): CodeIgniter\CodeIgniter->runController(Object(App\Controllers\Home))
#3 C:\xampp\htdocs\app_bank_sumut\system\CodeIgniter.php(326): CodeIgniter\CodeIgniter->handleRequest(NULL, Object(Config\Cache), false)
#4 C:\xampp\htdocs\app_bank_sumut\public\index.php(37): CodeIgniter\CodeIgniter->run()
#5 {main}
CRITICAL - 2023-02-27 03:18:43 --> Cannot access offset of type string on string
#0 C:\xampp\htdocs\app_bank_sumut\system\CodeIgniter.php(832): App\Controllers\Home->prosesUpdateProfile('[object Object]')
#1 C:\xampp\htdocs\app_bank_sumut\system\CodeIgniter.php(419): CodeIgniter\CodeIgniter->runController(Object(App\Controllers\Home))
#2 C:\xampp\htdocs\app_bank_sumut\system\CodeIgniter.php(326): CodeIgniter\CodeIgniter->handleRequest(NULL, Object(Config\Cache), false)
#3 C:\xampp\htdocs\app_bank_sumut\public\index.php(37): CodeIgniter\CodeIgniter->run()
#4 {main}
CRITICAL - 2023-02-27 03:19:16 --> Cannot access offset of type string on string
#0 C:\xampp\htdocs\app_bank_sumut\system\CodeIgniter.php(832): App\Controllers\Home->prosesUpdateProfile('[object Object]')
#1 C:\xampp\htdocs\app_bank_sumut\system\CodeIgniter.php(419): CodeIgniter\CodeIgniter->runController(Object(App\Controllers\Home))
#2 C:\xampp\htdocs\app_bank_sumut\system\CodeIgniter.php(326): CodeIgniter\CodeIgniter->handleRequest(NULL, Object(Config\Cache), false)
#3 C:\xampp\htdocs\app_bank_sumut\public\index.php(37): CodeIgniter\CodeIgniter->run()
#4 {main}
CRITICAL - 2023-02-27 03:19:26 --> Cannot access offset of type string on string
#0 C:\xampp\htdocs\app_bank_sumut\system\CodeIgniter.php(832): App\Controllers\Home->prosesUpdateProfile('[object Object]')
#1 C:\xampp\htdocs\app_bank_sumut\system\CodeIgniter.php(419): CodeIgniter\CodeIgniter->runController(Object(App\Controllers\Home))
#2 C:\xampp\htdocs\app_bank_sumut\system\CodeIgniter.php(326): CodeIgniter\CodeIgniter->handleRequest(NULL, Object(Config\Cache), false)
#3 C:\xampp\htdocs\app_bank_sumut\public\index.php(37): CodeIgniter\CodeIgniter->run()
#4 {main}
CRITICAL - 2023-02-27 03:23:19 --> Attempt to read property "param" on string
#0 C:\xampp\htdocs\app_bank_sumut\app\Controllers\Home.php(480): CodeIgniter\Debug\Exceptions->errorHandler(2, 'Attempt to read...', 'C:\\xampp\\htdocs...', 480)
#1 C:\xampp\htdocs\app_bank_sumut\system\CodeIgniter.php(832): App\Controllers\Home->prosesUpdateProfile('{"param":"first...')
#2 C:\xampp\htdocs\app_bank_sumut\system\CodeIgniter.php(419): CodeIgniter\CodeIgniter->runController(Object(App\Controllers\Home))
#3 C:\xampp\htdocs\app_bank_sumut\system\CodeIgniter.php(326): CodeIgniter\CodeIgniter->handleRequest(NULL, Object(Config\Cache), false)
#4 C:\xampp\htdocs\app_bank_sumut\public\index.php(37): CodeIgniter\CodeIgniter->run()
#5 {main}
CRITICAL - 2023-02-27 03:23:32 --> Cannot access offset of type string on string
#0 C:\xampp\htdocs\app_bank_sumut\system\CodeIgniter.php(832): App\Controllers\Home->prosesUpdateProfile('{"param":"first...')
#1 C:\xampp\htdocs\app_bank_sumut\system\CodeIgniter.php(419): CodeIgniter\CodeIgniter->runController(Object(App\Controllers\Home))
#2 C:\xampp\htdocs\app_bank_sumut\system\CodeIgniter.php(326): CodeIgniter\CodeIgniter->handleRequest(NULL, Object(Config\Cache), false)
#3 C:\xampp\htdocs\app_bank_sumut\public\index.php(37): CodeIgniter\CodeIgniter->run()
#4 {main}
CRITICAL - 2023-02-27 03:25:37 --> Attempt to read property "param" on string
#0 C:\xampp\htdocs\app_bank_sumut\app\Controllers\Home.php(481): CodeIgniter\Debug\Exceptions->errorHandler(2, 'Attempt to read...', 'C:\\xampp\\htdocs...', 481)
#1 C:\xampp\htdocs\app_bank_sumut\system\CodeIgniter.php(832): App\Controllers\Home->prosesUpdateProfile('{"param":"first...')
#2 C:\xampp\htdocs\app_bank_sumut\system\CodeIgniter.php(419): CodeIgniter\CodeIgniter->runController(Object(App\Controllers\Home))
#3 C:\xampp\htdocs\app_bank_sumut\system\CodeIgniter.php(326): CodeIgniter\CodeIgniter->handleRequest(NULL, Object(Config\Cache), false)
#4 C:\xampp\htdocs\app_bank_sumut\public\index.php(37): CodeIgniter\CodeIgniter->run()
#5 {main}
CRITICAL - 2023-02-27 03:28:36 --> foreach() argument must be of type array|object, string given
#0 C:\xampp\htdocs\app_bank_sumut\app\Controllers\Home.php(481): CodeIgniter\Debug\Exceptions->errorHandler(2, 'foreach() argum...', 'C:\\xampp\\htdocs...', 481)
#1 C:\xampp\htdocs\app_bank_sumut\system\CodeIgniter.php(832): App\Controllers\Home->prosesUpdateProfile('{"param":"first...')
#2 C:\xampp\htdocs\app_bank_sumut\system\CodeIgniter.php(419): CodeIgniter\CodeIgniter->runController(Object(App\Controllers\Home))
#3 C:\xampp\htdocs\app_bank_sumut\system\CodeIgniter.php(326): CodeIgniter\CodeIgniter->handleRequest(NULL, Object(Config\Cache), false)
#4 C:\xampp\htdocs\app_bank_sumut\public\index.php(37): CodeIgniter\CodeIgniter->run()
#5 {main}
CRITICAL - 2023-02-27 03:32:41 --> Attempt to read property "param" on string
#0 C:\xampp\htdocs\app_bank_sumut\app\Controllers\Home.php(479): CodeIgniter\Debug\Exceptions->errorHandler(2, 'Attempt to read...', 'C:\\xampp\\htdocs...', 479)
#1 C:\xampp\htdocs\app_bank_sumut\system\CodeIgniter.php(832): App\Controllers\Home->prosesUpdateProfile('{"param":"first...')
#2 C:\xampp\htdocs\app_bank_sumut\system\CodeIgniter.php(419): CodeIgniter\CodeIgniter->runController(Object(App\Controllers\Home))
#3 C:\xampp\htdocs\app_bank_sumut\system\CodeIgniter.php(326): CodeIgniter\CodeIgniter->handleRequest(NULL, Object(Config\Cache), false)
#4 C:\xampp\htdocs\app_bank_sumut\public\index.php(37): CodeIgniter\CodeIgniter->run()
#5 {main}
CRITICAL - 2023-02-27 03:41:20 --> Cannot access offset of type string on string
#0 C:\xampp\htdocs\app_bank_sumut\system\CodeIgniter.php(832): App\Controllers\Home->prosesUpdateProfile('{"param":"first...')
#1 C:\xampp\htdocs\app_bank_sumut\system\CodeIgniter.php(419): CodeIgniter\CodeIgniter->runController(Object(App\Controllers\Home))
#2 C:\xampp\htdocs\app_bank_sumut\system\CodeIgniter.php(326): CodeIgniter\CodeIgniter->handleRequest(NULL, Object(Config\Cache), false)
#3 C:\xampp\htdocs\app_bank_sumut\public\index.php(37): CodeIgniter\CodeIgniter->run()
#4 {main}
CRITICAL - 2023-02-27 03:41:33 --> Cannot access offset of type string on string
#0 C:\xampp\htdocs\app_bank_sumut\system\CodeIgniter.php(832): App\Controllers\Home->prosesUpdateProfile('{"param":"first...')
#1 C:\xampp\htdocs\app_bank_sumut\system\CodeIgniter.php(419): CodeIgniter\CodeIgniter->runController(Object(App\Controllers\Home))
#2 C:\xampp\htdocs\app_bank_sumut\system\CodeIgniter.php(326): CodeIgniter\CodeIgniter->handleRequest(NULL, Object(Config\Cache), false)
#3 C:\xampp\htdocs\app_bank_sumut\public\index.php(37): CodeIgniter\CodeIgniter->run()
#4 {main}
CRITICAL - 2023-02-27 03:41:47 --> Attempt to read property "param" on string
#0 C:\xampp\htdocs\app_bank_sumut\app\Controllers\Home.php(479): CodeIgniter\Debug\Exceptions->errorHandler(2, 'Attempt to read...', 'C:\\xampp\\htdocs...', 479)
#1 C:\xampp\htdocs\app_bank_sumut\system\CodeIgniter.php(832): App\Controllers\Home->prosesUpdateProfile('{"param":"first...')
#2 C:\xampp\htdocs\app_bank_sumut\system\CodeIgniter.php(419): CodeIgniter\CodeIgniter->runController(Object(App\Controllers\Home))
#3 C:\xampp\htdocs\app_bank_sumut\system\CodeIgniter.php(326): CodeIgniter\CodeIgniter->handleRequest(NULL, Object(Config\Cache), false)
#4 C:\xampp\htdocs\app_bank_sumut\public\index.php(37): CodeIgniter\CodeIgniter->run()
#5 {main}
CRITICAL - 2023-02-27 04:03:03 --> get_object_vars(): Argument #1 ($object) must be of type object, string given
#0 C:\xampp\htdocs\app_bank_sumut\app\Controllers\Home.php(474): get_object_vars('{"param":"first...')
#1 C:\xampp\htdocs\app_bank_sumut\system\CodeIgniter.php(832): App\Controllers\Home->prosesUpdateProfile('{"param":"first...')
#2 C:\xampp\htdocs\app_bank_sumut\system\CodeIgniter.php(419): CodeIgniter\CodeIgniter->runController(Object(App\Controllers\Home))
#3 C:\xampp\htdocs\app_bank_sumut\system\CodeIgniter.php(326): CodeIgniter\CodeIgniter->handleRequest(NULL, Object(Config\Cache), false)
#4 C:\xampp\htdocs\app_bank_sumut\public\index.php(37): CodeIgniter\CodeIgniter->run()
#5 {main}
CRITICAL - 2023-02-27 07:56:40 --> Undefined array key "foto"
#0 C:\xampp\htdocs\app_bank_sumut\app\Controllers\Home.php(440): CodeIgniter\Debug\Exceptions->errorHandler(2, 'Undefined array...', 'C:\\xampp\\htdocs...', 440)
#1 C:\xampp\htdocs\app_bank_sumut\system\CodeIgniter.php(832): App\Controllers\Home->profile()
#2 C:\xampp\htdocs\app_bank_sumut\system\CodeIgniter.php(419): CodeIgniter\CodeIgniter->runController(Object(App\Controllers\Home))
#3 C:\xampp\htdocs\app_bank_sumut\system\CodeIgniter.php(326): CodeIgniter\CodeIgniter->handleRequest(NULL, Object(Config\Cache), false)
#4 C:\xampp\htdocs\app_bank_sumut\public\index.php(37): CodeIgniter\CodeIgniter->run()
#5 {main}
CRITICAL - 2023-02-27 20:44:09 --> Undefined array key "foto"
#0 C:\xampp\htdocs\app_bank_sumut\app\Controllers\Home.php(440): CodeIgniter\Debug\Exceptions->errorHandler(2, 'Undefined array...', 'C:\\xampp\\htdocs...', 440)
#1 C:\xampp\htdocs\app_bank_sumut\system\CodeIgniter.php(832): App\Controllers\Home->profile()
#2 C:\xampp\htdocs\app_bank_sumut\system\CodeIgniter.php(419): CodeIgniter\CodeIgniter->runController(Object(App\Controllers\Home))
#3 C:\xampp\htdocs\app_bank_sumut\system\CodeIgniter.php(326): CodeIgniter\CodeIgniter->handleRequest(NULL, Object(Config\Cache), false)
#4 C:\xampp\htdocs\app_bank_sumut\public\index.php(37): CodeIgniter\CodeIgniter->run()
#5 {main}
CRITICAL - 2023-02-27 23:11:05 --> Undefined array key "foto"
#0 C:\xampp\htdocs\app_bank_sumut\app\Controllers\Home.php(440): CodeIgniter\Debug\Exceptions->errorHandler(2, 'Undefined array...', 'C:\\xampp\\htdocs...', 440)
#1 C:\xampp\htdocs\app_bank_sumut\system\CodeIgniter.php(832): App\Controllers\Home->profile()
#2 C:\xampp\htdocs\app_bank_sumut\system\CodeIgniter.php(419): CodeIgniter\CodeIgniter->runController(Object(App\Controllers\Home))
#3 C:\xampp\htdocs\app_bank_sumut\system\CodeIgniter.php(326): CodeIgniter\CodeIgniter->handleRequest(NULL, Object(Config\Cache), false)
#4 C:\xampp\htdocs\app_bank_sumut\public\index.php(37): CodeIgniter\CodeIgniter->run()
#5 {main}
CRITICAL - 2023-02-27 23:11:12 --> Undefined array key "foto"
#0 C:\xampp\htdocs\app_bank_sumut\app\Controllers\Home.php(440): CodeIgniter\Debug\Exceptions->errorHandler(2, 'Undefined array...', 'C:\\xampp\\htdocs...', 440)
#1 C:\xampp\htdocs\app_bank_sumut\system\CodeIgniter.php(832): App\Controllers\Home->profile()
#2 C:\xampp\htdocs\app_bank_sumut\system\CodeIgniter.php(419): CodeIgniter\CodeIgniter->runController(Object(App\Controllers\Home))
#3 C:\xampp\htdocs\app_bank_sumut\system\CodeIgniter.php(326): CodeIgniter\CodeIgniter->handleRequest(NULL, Object(Config\Cache), false)
#4 C:\xampp\htdocs\app_bank_sumut\public\index.php(37): CodeIgniter\CodeIgniter->run()
#5 {main}
CRITICAL - 2023-02-27 23:11:51 --> Trying to access array offset on value of type null
#0 C:\xampp\htdocs\app_bank_sumut\app\Controllers\Home.php(478): CodeIgniter\Debug\Exceptions->errorHandler(2, 'Trying to acces...', 'C:\\xampp\\htdocs...', 478)
#1 C:\xampp\htdocs\app_bank_sumut\system\CodeIgniter.php(832): App\Controllers\Home->prosesUpdateProfile('{"param":"foto"...', 'fakepath', 'Albert Foto 1.p...')
#2 C:\xampp\htdocs\app_bank_sumut\system\CodeIgniter.php(419): CodeIgniter\CodeIgniter->runController(Object(App\Controllers\Home))
#3 C:\xampp\htdocs\app_bank_sumut\system\CodeIgniter.php(326): CodeIgniter\CodeIgniter->handleRequest(NULL, Object(Config\Cache), false)
#4 C:\xampp\htdocs\app_bank_sumut\public\index.php(37): CodeIgniter\CodeIgniter->run()
#5 {main}
CRITICAL - 2023-02-27 23:13:13 --> Trying to access array offset on value of type null
#0 C:\xampp\htdocs\app_bank_sumut\app\Controllers\Home.php(478): CodeIgniter\Debug\Exceptions->errorHandler(2, 'Trying to acces...', 'C:\\xampp\\htdocs...', 478)
#1 C:\xampp\htdocs\app_bank_sumut\system\CodeIgniter.php(832): App\Controllers\Home->prosesUpdateProfile('{"param":"foto"...', 'fakepath', 'Albert Foto 1.p...')
#2 C:\xampp\htdocs\app_bank_sumut\system\CodeIgniter.php(419): CodeIgniter\CodeIgniter->runController(Object(App\Controllers\Home))
#3 C:\xampp\htdocs\app_bank_sumut\system\CodeIgniter.php(326): CodeIgniter\CodeIgniter->handleRequest(NULL, Object(Config\Cache), false)
#4 C:\xampp\htdocs\app_bank_sumut\public\index.php(37): CodeIgniter\CodeIgniter->run()
#5 {main}
CRITICAL - 2023-02-27 23:14:32 --> Trying to access array offset on value of type null
#0 C:\xampp\htdocs\app_bank_sumut\app\Controllers\Home.php(479): CodeIgniter\Debug\Exceptions->errorHandler(2, 'Trying to acces...', 'C:\\xampp\\htdocs...', 479)
#1 C:\xampp\htdocs\app_bank_sumut\system\CodeIgniter.php(832): App\Controllers\Home->prosesUpdateProfile('{"param":"foto"...', 'fakepath', 'Albert Foto 1.p...')
#2 C:\xampp\htdocs\app_bank_sumut\system\CodeIgniter.php(419): CodeIgniter\CodeIgniter->runController(Object(App\Controllers\Home))
#3 C:\xampp\htdocs\app_bank_sumut\system\CodeIgniter.php(326): CodeIgniter\CodeIgniter->handleRequest(NULL, Object(Config\Cache), false)
#4 C:\xampp\htdocs\app_bank_sumut\public\index.php(37): CodeIgniter\CodeIgniter->run()
#5 {main}
CRITICAL - 2023-02-27 23:14:53 --> Trying to access array offset on value of type null
#0 C:\xampp\htdocs\app_bank_sumut\app\Controllers\Home.php(478): CodeIgniter\Debug\Exceptions->errorHandler(2, 'Trying to acces...', 'C:\\xampp\\htdocs...', 478)
#1 C:\xampp\htdocs\app_bank_sumut\system\CodeIgniter.php(832): App\Controllers\Home->prosesUpdateProfile('{"param":"foto"...', 'fakepath', 'Albert Foto 1.p...')
#2 C:\xampp\htdocs\app_bank_sumut\system\CodeIgniter.php(419): CodeIgniter\CodeIgniter->runController(Object(App\Controllers\Home))
#3 C:\xampp\htdocs\app_bank_sumut\system\CodeIgniter.php(326): CodeIgniter\CodeIgniter->handleRequest(NULL, Object(Config\Cache), false)
#4 C:\xampp\htdocs\app_bank_sumut\public\index.php(37): CodeIgniter\CodeIgniter->run()
#5 {main}
CRITICAL - 2023-02-27 23:41:56 --> Trying to access array offset on value of type null
#0 C:\xampp\htdocs\app_bank_sumut\app\Controllers\Home.php(478): CodeIgniter\Debug\Exceptions->errorHandler(2, 'Trying to acces...', 'C:\\xampp\\htdocs...', 478)
#1 C:\xampp\htdocs\app_bank_sumut\system\CodeIgniter.php(832): App\Controllers\Home->prosesUpdateProfile('{"param":"foto"...', 'fakepath', 'Albert Foto 1.p...')
#2 C:\xampp\htdocs\app_bank_sumut\system\CodeIgniter.php(419): CodeIgniter\CodeIgniter->runController(Object(App\Controllers\Home))
#3 C:\xampp\htdocs\app_bank_sumut\system\CodeIgniter.php(326): CodeIgniter\CodeIgniter->handleRequest(NULL, Object(Config\Cache), false)
#4 C:\xampp\htdocs\app_bank_sumut\public\index.php(37): CodeIgniter\CodeIgniter->run()
#5 {main}
CRITICAL - 2023-02-27 23:44:40 --> Undefined array key "data"
#0 C:\xampp\htdocs\app_bank_sumut\app\Controllers\Home.php(479): CodeIgniter\Debug\Exceptions->errorHandler(2, 'Undefined array...', 'C:\\xampp\\htdocs...', 479)
#1 C:\xampp\htdocs\app_bank_sumut\system\CodeIgniter.php(832): App\Controllers\Home->prosesUpdateProfile('{"param":"foto"...')
#2 C:\xampp\htdocs\app_bank_sumut\system\CodeIgniter.php(419): CodeIgniter\CodeIgniter->runController(Object(App\Controllers\Home))
#3 C:\xampp\htdocs\app_bank_sumut\system\CodeIgniter.php(326): CodeIgniter\CodeIgniter->handleRequest(NULL, Object(Config\Cache), false)
#4 C:\xampp\htdocs\app_bank_sumut\public\index.php(37): CodeIgniter\CodeIgniter->run()
#5 {main}
CRITICAL - 2023-02-27 23:47:03 --> Trying to access array offset on value of type null
#0 C:\xampp\htdocs\app_bank_sumut\app\Controllers\Home.php(478): CodeIgniter\Debug\Exceptions->errorHandler(2, 'Trying to acces...', 'C:\\xampp\\htdocs...', 478)
#1 C:\xampp\htdocs\app_bank_sumut\system\CodeIgniter.php(832): App\Controllers\Home->prosesUpdateProfile('{"param":"foto"...', 'png"}')
#2 C:\xampp\htdocs\app_bank_sumut\system\CodeIgniter.php(419): CodeIgniter\CodeIgniter->runController(Object(App\Controllers\Home))
#3 C:\xampp\htdocs\app_bank_sumut\system\CodeIgniter.php(326): CodeIgniter\CodeIgniter->handleRequest(NULL, Object(Config\Cache), false)
#4 C:\xampp\htdocs\app_bank_sumut\public\index.php(37): CodeIgniter\CodeIgniter->run()
#5 {main}
CRITICAL - 2023-02-27 23:47:27 --> Trying to access array offset on value of type null
#0 C:\xampp\htdocs\app_bank_sumut\app\Controllers\Home.php(478): CodeIgniter\Debug\Exceptions->errorHandler(2, 'Trying to acces...', 'C:\\xampp\\htdocs...', 478)
#1 C:\xampp\htdocs\app_bank_sumut\system\CodeIgniter.php(832): App\Controllers\Home->prosesUpdateProfile('{"param":"foto"...', 'png"}')
#2 C:\xampp\htdocs\app_bank_sumut\system\CodeIgniter.php(419): CodeIgniter\CodeIgniter->runController(Object(App\Controllers\Home))
#3 C:\xampp\htdocs\app_bank_sumut\system\CodeIgniter.php(326): CodeIgniter\CodeIgniter->handleRequest(NULL, Object(Config\Cache), false)
#4 C:\xampp\htdocs\app_bank_sumut\public\index.php(37): CodeIgniter\CodeIgniter->run()
#5 {main}
CRITICAL - 2023-02-27 23:50:03 --> Trying to access array offset on value of type null
#0 C:\xampp\htdocs\app_bank_sumut\app\Controllers\Home.php(478): CodeIgniter\Debug\Exceptions->errorHandler(2, 'Trying to acces...', 'C:\\xampp\\htdocs...', 478)
#1 C:\xampp\htdocs\app_bank_sumut\system\CodeIgniter.php(832): App\Controllers\Home->prosesUpdateProfile('{"param":"foto"...', 'fakepath', 'Albert Foto 1.p...')
#2 C:\xampp\htdocs\app_bank_sumut\system\CodeIgniter.php(419): CodeIgniter\CodeIgniter->runController(Object(App\Controllers\Home))
#3 C:\xampp\htdocs\app_bank_sumut\system\CodeIgniter.php(326): CodeIgniter\CodeIgniter->handleRequest(NULL, Object(Config\Cache), false)
#4 C:\xampp\htdocs\app_bank_sumut\public\index.php(37): CodeIgniter\CodeIgniter->run()
#5 {main}
