CRITICAL - 2023-05-03 02:07:00 --> Undefined variable $id_user
#0 C:\xampp\htdocs\app_bank_sumut\app\Controllers\Home.php(975): CodeIgniter\Debug\Exceptions->errorHandler(2, 'Undefined varia...', 'C:\\xampp\\htdocs...', 975)
#1 C:\xampp\htdocs\app_bank_sumut\system\CodeIgniter.php(832): App\Controllers\Home->getActivityChat()
#2 C:\xampp\htdocs\app_bank_sumut\system\CodeIgniter.php(419): CodeIgniter\CodeIgniter->runController(Object(App\Controllers\Home))
#3 C:\xampp\htdocs\app_bank_sumut\system\CodeIgniter.php(326): CodeIgniter\CodeIgniter->handleRequest(NULL, Object(Config\Cache), false)
#4 C:\xampp\htdocs\app_bank_sumut\public\index.php(37): CodeIgniter\CodeIgniter->run()
#5 {main}
CRITICAL - 2023-05-03 02:08:00 --> Undefined variable $id_user
#0 C:\xampp\htdocs\app_bank_sumut\app\Controllers\Home.php(975): CodeIgniter\Debug\Exceptions->errorHandler(2, 'Undefined varia...', 'C:\\xampp\\htdocs...', 975)
#1 C:\xampp\htdocs\app_bank_sumut\system\CodeIgniter.php(832): App\Controllers\Home->getActivityChat()
#2 C:\xampp\htdocs\app_bank_sumut\system\CodeIgniter.php(419): CodeIgniter\CodeIgniter->runController(Object(App\Controllers\Home))
#3 C:\xampp\htdocs\app_bank_sumut\system\CodeIgniter.php(326): CodeIgniter\CodeIgniter->handleRequest(NULL, Object(Config\Cache), false)
#4 C:\xampp\htdocs\app_bank_sumut\public\index.php(37): CodeIgniter\CodeIgniter->run()
#5 {main}
CRITICAL - 2023-05-03 02:09:00 --> Undefined variable $id_user
#0 C:\xampp\htdocs\app_bank_sumut\app\Controllers\Home.php(975): CodeIgniter\Debug\Exceptions->errorHandler(2, 'Undefined varia...', 'C:\\xampp\\htdocs...', 975)
#1 C:\xampp\htdocs\app_bank_sumut\system\CodeIgniter.php(832): App\Controllers\Home->getActivityChat()
#2 C:\xampp\htdocs\app_bank_sumut\system\CodeIgniter.php(419): CodeIgniter\CodeIgniter->runController(Object(App\Controllers\Home))
#3 C:\xampp\htdocs\app_bank_sumut\system\CodeIgniter.php(326): CodeIgniter\CodeIgniter->handleRequest(NULL, Object(Config\Cache), false)
#4 C:\xampp\htdocs\app_bank_sumut\public\index.php(37): CodeIgniter\CodeIgniter->run()
#5 {main}
CRITICAL - 2023-05-03 02:10:00 --> Undefined variable $id_user
#0 C:\xampp\htdocs\app_bank_sumut\app\Controllers\Home.php(975): CodeIgniter\Debug\Exceptions->errorHandler(2, 'Undefined varia...', 'C:\\xampp\\htdocs...', 975)
#1 C:\xampp\htdocs\app_bank_sumut\system\CodeIgniter.php(832): App\Controllers\Home->getActivityChat()
#2 C:\xampp\htdocs\app_bank_sumut\system\CodeIgniter.php(419): CodeIgniter\CodeIgniter->runController(Object(App\Controllers\Home))
#3 C:\xampp\htdocs\app_bank_sumut\system\CodeIgniter.php(326): CodeIgniter\CodeIgniter->handleRequest(NULL, Object(Config\Cache), false)
#4 C:\xampp\htdocs\app_bank_sumut\public\index.php(37): CodeIgniter\CodeIgniter->run()
#5 {main}
CRITICAL - 2023-05-03 02:49:16 --> Undefined variable $stat
#0 C:\xampp\htdocs\app_bank_sumut\app\Views\dashboard_server.php(33): CodeIgniter\Debug\Exceptions->errorHandler(2, 'Undefined varia...', 'C:\\xampp\\htdocs...', 33)
#1 C:\xampp\htdocs\app_bank_sumut\system\View\View.php(210): include('C:\\xampp\\htdocs...')
#2 C:\xampp\htdocs\app_bank_sumut\system\View\View.php(213): CodeIgniter\View\View->CodeIgniter\View\{closure}()
#3 C:\xampp\htdocs\app_bank_sumut\system\Common.php(1089): CodeIgniter\View\View->render('dashboard_serve...', Array, true)
#4 C:\xampp\htdocs\app_bank_sumut\app\Controllers\Home.php(451): view('dashboard_serve...', Array)
#5 C:\xampp\htdocs\app_bank_sumut\system\CodeIgniter.php(832): App\Controllers\Home->server()
#6 C:\xampp\htdocs\app_bank_sumut\system\CodeIgniter.php(419): CodeIgniter\CodeIgniter->runController(Object(App\Controllers\Home))
#7 C:\xampp\htdocs\app_bank_sumut\system\CodeIgniter.php(326): CodeIgniter\CodeIgniter->handleRequest(NULL, Object(Config\Cache), false)
#8 C:\xampp\htdocs\app_bank_sumut\public\index.php(37): CodeIgniter\CodeIgniter->run()
#9 {main}
CRITICAL - 2023-05-03 03:19:41 --> Undefined variable $stat
#0 C:\xampp\htdocs\app_bank_sumut\app\Views\dashboard_main.php(83): CodeIgniter\Debug\Exceptions->errorHandler(2, 'Undefined varia...', 'C:\\xampp\\htdocs...', 83)
#1 C:\xampp\htdocs\app_bank_sumut\system\View\View.php(210): include('C:\\xampp\\htdocs...')
#2 C:\xampp\htdocs\app_bank_sumut\system\View\View.php(213): CodeIgniter\View\View->CodeIgniter\View\{closure}()
#3 C:\xampp\htdocs\app_bank_sumut\system\Common.php(1089): CodeIgniter\View\View->render('dashboard_main....', Array, true)
#4 C:\xampp\htdocs\app_bank_sumut\app\Controllers\Home.php(410): view('dashboard_main....', Array)
#5 C:\xampp\htdocs\app_bank_sumut\system\CodeIgniter.php(832): App\Controllers\Home->main()
#6 C:\xampp\htdocs\app_bank_sumut\system\CodeIgniter.php(419): CodeIgniter\CodeIgniter->runController(Object(App\Controllers\Home))
#7 C:\xampp\htdocs\app_bank_sumut\system\CodeIgniter.php(326): CodeIgniter\CodeIgniter->handleRequest(NULL, Object(Config\Cache), false)
#8 C:\xampp\htdocs\app_bank_sumut\public\index.php(37): CodeIgniter\CodeIgniter->run()
#9 {main}
ERROR - 2023-05-03 04:23:14 --> You have an error in your SQL syntax; check the manual that corresponds to your MariaDB server version for the right syntax to use near 'FROM activity_chat JOIN user_servers ON activity_chat.id_user = user_servers....' at line 1
CRITICAL - 2023-05-03 04:23:14 --> You have an error in your SQL syntax; check the manual that corresponds to your MariaDB server version for the right syntax to use near 'FROM activity_chat JOIN user_servers ON activity_chat.id_user = user_servers....' at line 1
#0 C:\xampp\htdocs\app_bank_sumut\system\Database\MySQLi\Connection.php(292): mysqli->query('SELECT activity...', 0)
#1 C:\xampp\htdocs\app_bank_sumut\system\Database\BaseConnection.php(670): CodeIgniter\Database\MySQLi\Connection->execute('SELECT activity...')
#2 C:\xampp\htdocs\app_bank_sumut\system\Database\BaseConnection.php(598): CodeIgniter\Database\BaseConnection->simpleQuery('SELECT activity...')
#3 C:\xampp\htdocs\app_bank_sumut\app\Controllers\Home.php(986): CodeIgniter\Database\BaseConnection->query('SELECT activity...')
#4 C:\xampp\htdocs\app_bank_sumut\system\CodeIgniter.php(832): App\Controllers\Home->getActivityChat()
#5 C:\xampp\htdocs\app_bank_sumut\system\CodeIgniter.php(419): CodeIgniter\CodeIgniter->runController(Object(App\Controllers\Home))
#6 C:\xampp\htdocs\app_bank_sumut\system\CodeIgniter.php(326): CodeIgniter\CodeIgniter->handleRequest(NULL, Object(Config\Cache), false)
#7 C:\xampp\htdocs\app_bank_sumut\public\index.php(37): CodeIgniter\CodeIgniter->run()
#8 {main}
ERROR - 2023-05-03 04:24:03 --> You have an error in your SQL syntax; check the manual that corresponds to your MariaDB server version for the right syntax to use near 'FROM activity_chat JOIN user_servers ON activity_chat.id_user = user_servers....' at line 1
CRITICAL - 2023-05-03 04:24:03 --> You have an error in your SQL syntax; check the manual that corresponds to your MariaDB server version for the right syntax to use near 'FROM activity_chat JOIN user_servers ON activity_chat.id_user = user_servers....' at line 1
#0 C:\xampp\htdocs\app_bank_sumut\system\Database\MySQLi\Connection.php(292): mysqli->query('SELECT activity...', 0)
#1 C:\xampp\htdocs\app_bank_sumut\system\Database\BaseConnection.php(670): CodeIgniter\Database\MySQLi\Connection->execute('SELECT activity...')
#2 C:\xampp\htdocs\app_bank_sumut\system\Database\BaseConnection.php(598): CodeIgniter\Database\BaseConnection->simpleQuery('SELECT activity...')
#3 C:\xampp\htdocs\app_bank_sumut\app\Controllers\Home.php(986): CodeIgniter\Database\BaseConnection->query('SELECT activity...')
#4 C:\xampp\htdocs\app_bank_sumut\system\CodeIgniter.php(832): App\Controllers\Home->getActivityChat()
#5 C:\xampp\htdocs\app_bank_sumut\system\CodeIgniter.php(419): CodeIgniter\CodeIgniter->runController(Object(App\Controllers\Home))
#6 C:\xampp\htdocs\app_bank_sumut\system\CodeIgniter.php(326): CodeIgniter\CodeIgniter->handleRequest(NULL, Object(Config\Cache), false)
#7 C:\xampp\htdocs\app_bank_sumut\public\index.php(37): CodeIgniter\CodeIgniter->run()
#8 {main}
CRITICAL - 2023-05-03 04:37:47 --> syntax error, unexpected variable "$ticketModel"
#0 C:\xampp\htdocs\app_bank_sumut\system\Router\Router.php(175): CodeIgniter\Router\Router->autoRoute('Home/setReadAll...')
#1 C:\xampp\htdocs\app_bank_sumut\system\CodeIgniter.php(726): CodeIgniter\Router\Router->handle('Home/setReadAll...')
#2 C:\xampp\htdocs\app_bank_sumut\system\CodeIgniter.php(368): CodeIgniter\CodeIgniter->tryToRouteIt(Object(CodeIgniter\Router\RouteCollection))
#3 C:\xampp\htdocs\app_bank_sumut\system\CodeIgniter.php(326): CodeIgniter\CodeIgniter->handleRequest(NULL, Object(Config\Cache), false)
#4 C:\xampp\htdocs\app_bank_sumut\public\index.php(37): CodeIgniter\CodeIgniter->run()
#5 {main}
CRITICAL - 2023-05-03 04:37:47 --> syntax error, unexpected variable "$ticketModel"
#0 C:\xampp\htdocs\app_bank_sumut\system\Router\Router.php(175): CodeIgniter\Router\Router->autoRoute('Home/setReadAll...')
#1 C:\xampp\htdocs\app_bank_sumut\system\CodeIgniter.php(726): CodeIgniter\Router\Router->handle('Home/setReadAll...')
#2 C:\xampp\htdocs\app_bank_sumut\system\CodeIgniter.php(368): CodeIgniter\CodeIgniter->tryToRouteIt(Object(CodeIgniter\Router\RouteCollection))
#3 C:\xampp\htdocs\app_bank_sumut\system\CodeIgniter.php(326): CodeIgniter\CodeIgniter->handleRequest(NULL, Object(Config\Cache), false)
#4 C:\xampp\htdocs\app_bank_sumut\public\index.php(37): CodeIgniter\CodeIgniter->run()
#5 {main}
CRITICAL - 2023-05-03 04:37:47 --> syntax error, unexpected variable "$ticketModel"
#0 C:\xampp\htdocs\app_bank_sumut\system\Router\Router.php(175): CodeIgniter\Router\Router->autoRoute('Home/setReadAll...')
#1 C:\xampp\htdocs\app_bank_sumut\system\CodeIgniter.php(726): CodeIgniter\Router\Router->handle('Home/setReadAll...')
#2 C:\xampp\htdocs\app_bank_sumut\system\CodeIgniter.php(368): CodeIgniter\CodeIgniter->tryToRouteIt(Object(CodeIgniter\Router\RouteCollection))
#3 C:\xampp\htdocs\app_bank_sumut\system\CodeIgniter.php(326): CodeIgniter\CodeIgniter->handleRequest(NULL, Object(Config\Cache), false)
#4 C:\xampp\htdocs\app_bank_sumut\public\index.php(37): CodeIgniter\CodeIgniter->run()
#5 {main}
CRITICAL - 2023-05-03 04:37:47 --> syntax error, unexpected variable "$ticketModel"
#0 C:\xampp\htdocs\app_bank_sumut\system\Router\Router.php(175): CodeIgniter\Router\Router->autoRoute('Home/setReadAll...')
#1 C:\xampp\htdocs\app_bank_sumut\system\CodeIgniter.php(726): CodeIgniter\Router\Router->handle('Home/setReadAll...')
#2 C:\xampp\htdocs\app_bank_sumut\system\CodeIgniter.php(368): CodeIgniter\CodeIgniter->tryToRouteIt(Object(CodeIgniter\Router\RouteCollection))
#3 C:\xampp\htdocs\app_bank_sumut\system\CodeIgniter.php(326): CodeIgniter\CodeIgniter->handleRequest(NULL, Object(Config\Cache), false)
#4 C:\xampp\htdocs\app_bank_sumut\public\index.php(37): CodeIgniter\CodeIgniter->run()
#5 {main}
CRITICAL - 2023-05-03 04:37:47 --> syntax error, unexpected variable "$ticketModel"
#0 C:\xampp\htdocs\app_bank_sumut\system\Router\Router.php(175): CodeIgniter\Router\Router->autoRoute('Home/setReadAll...')
#1 C:\xampp\htdocs\app_bank_sumut\system\CodeIgniter.php(726): CodeIgniter\Router\Router->handle('Home/setReadAll...')
#2 C:\xampp\htdocs\app_bank_sumut\system\CodeIgniter.php(368): CodeIgniter\CodeIgniter->tryToRouteIt(Object(CodeIgniter\Router\RouteCollection))
#3 C:\xampp\htdocs\app_bank_sumut\system\CodeIgniter.php(326): CodeIgniter\CodeIgniter->handleRequest(NULL, Object(Config\Cache), false)
#4 C:\xampp\htdocs\app_bank_sumut\public\index.php(37): CodeIgniter\CodeIgniter->run()
#5 {main}
CRITICAL - 2023-05-03 04:37:47 --> syntax error, unexpected variable "$ticketModel"
#0 C:\xampp\htdocs\app_bank_sumut\system\Router\Router.php(175): CodeIgniter\Router\Router->autoRoute('Home/setReadAll...')
#1 C:\xampp\htdocs\app_bank_sumut\system\CodeIgniter.php(726): CodeIgniter\Router\Router->handle('Home/setReadAll...')
#2 C:\xampp\htdocs\app_bank_sumut\system\CodeIgniter.php(368): CodeIgniter\CodeIgniter->tryToRouteIt(Object(CodeIgniter\Router\RouteCollection))
#3 C:\xampp\htdocs\app_bank_sumut\system\CodeIgniter.php(326): CodeIgniter\CodeIgniter->handleRequest(NULL, Object(Config\Cache), false)
#4 C:\xampp\htdocs\app_bank_sumut\public\index.php(37): CodeIgniter\CodeIgniter->run()
#5 {main}
CRITICAL - 2023-05-03 04:37:47 --> syntax error, unexpected variable "$ticketModel"
#0 C:\xampp\htdocs\app_bank_sumut\system\Router\Router.php(175): CodeIgniter\Router\Router->autoRoute('Home/setReadAll...')
#1 C:\xampp\htdocs\app_bank_sumut\system\CodeIgniter.php(726): CodeIgniter\Router\Router->handle('Home/setReadAll...')
#2 C:\xampp\htdocs\app_bank_sumut\system\CodeIgniter.php(368): CodeIgniter\CodeIgniter->tryToRouteIt(Object(CodeIgniter\Router\RouteCollection))
#3 C:\xampp\htdocs\app_bank_sumut\system\CodeIgniter.php(326): CodeIgniter\CodeIgniter->handleRequest(NULL, Object(Config\Cache), false)
#4 C:\xampp\htdocs\app_bank_sumut\public\index.php(37): CodeIgniter\CodeIgniter->run()
#5 {main}
CRITICAL - 2023-05-03 04:37:47 --> syntax error, unexpected variable "$ticketModel"
#0 C:\xampp\htdocs\app_bank_sumut\system\Router\Router.php(175): CodeIgniter\Router\Router->autoRoute('Home/setReadAll...')
#1 C:\xampp\htdocs\app_bank_sumut\system\CodeIgniter.php(726): CodeIgniter\Router\Router->handle('Home/setReadAll...')
#2 C:\xampp\htdocs\app_bank_sumut\system\CodeIgniter.php(368): CodeIgniter\CodeIgniter->tryToRouteIt(Object(CodeIgniter\Router\RouteCollection))
#3 C:\xampp\htdocs\app_bank_sumut\system\CodeIgniter.php(326): CodeIgniter\CodeIgniter->handleRequest(NULL, Object(Config\Cache), false)
#4 C:\xampp\htdocs\app_bank_sumut\public\index.php(37): CodeIgniter\CodeIgniter->run()
#5 {main}
CRITICAL - 2023-05-03 04:37:47 --> syntax error, unexpected variable "$ticketModel"
#0 C:\xampp\htdocs\app_bank_sumut\system\Router\Router.php(175): CodeIgniter\Router\Router->autoRoute('Home/setReadAll...')
#1 C:\xampp\htdocs\app_bank_sumut\system\CodeIgniter.php(726): CodeIgniter\Router\Router->handle('Home/setReadAll...')
#2 C:\xampp\htdocs\app_bank_sumut\system\CodeIgniter.php(368): CodeIgniter\CodeIgniter->tryToRouteIt(Object(CodeIgniter\Router\RouteCollection))
#3 C:\xampp\htdocs\app_bank_sumut\system\CodeIgniter.php(326): CodeIgniter\CodeIgniter->handleRequest(NULL, Object(Config\Cache), false)
#4 C:\xampp\htdocs\app_bank_sumut\public\index.php(37): CodeIgniter\CodeIgniter->run()
#5 {main}
CRITICAL - 2023-05-03 04:37:47 --> syntax error, unexpected variable "$ticketModel"
#0 C:\xampp\htdocs\app_bank_sumut\system\Router\Router.php(175): CodeIgniter\Router\Router->autoRoute('Home/setReadAll...')
#1 C:\xampp\htdocs\app_bank_sumut\system\CodeIgniter.php(726): CodeIgniter\Router\Router->handle('Home/setReadAll...')
#2 C:\xampp\htdocs\app_bank_sumut\system\CodeIgniter.php(368): CodeIgniter\CodeIgniter->tryToRouteIt(Object(CodeIgniter\Router\RouteCollection))
#3 C:\xampp\htdocs\app_bank_sumut\system\CodeIgniter.php(326): CodeIgniter\CodeIgniter->handleRequest(NULL, Object(Config\Cache), false)
#4 C:\xampp\htdocs\app_bank_sumut\public\index.php(37): CodeIgniter\CodeIgniter->run()
#5 {main}
CRITICAL - 2023-05-03 04:37:48 --> syntax error, unexpected variable "$ticketModel"
#0 C:\xampp\htdocs\app_bank_sumut\system\Router\Router.php(175): CodeIgniter\Router\Router->autoRoute('Home/getMsg')
#1 C:\xampp\htdocs\app_bank_sumut\system\CodeIgniter.php(726): CodeIgniter\Router\Router->handle('Home/getMsg')
#2 C:\xampp\htdocs\app_bank_sumut\system\CodeIgniter.php(368): CodeIgniter\CodeIgniter->tryToRouteIt(Object(CodeIgniter\Router\RouteCollection))
#3 C:\xampp\htdocs\app_bank_sumut\system\CodeIgniter.php(326): CodeIgniter\CodeIgniter->handleRequest(NULL, Object(Config\Cache), false)
#4 C:\xampp\htdocs\app_bank_sumut\public\index.php(37): CodeIgniter\CodeIgniter->run()
#5 {main}
CRITICAL - 2023-05-03 04:37:48 --> syntax error, unexpected variable "$ticketModel"
#0 C:\xampp\htdocs\app_bank_sumut\system\Router\Router.php(175): CodeIgniter\Router\Router->autoRoute('Home/getLog')
#1 C:\xampp\htdocs\app_bank_sumut\system\CodeIgniter.php(726): CodeIgniter\Router\Router->handle('Home/getLog')
#2 C:\xampp\htdocs\app_bank_sumut\system\CodeIgniter.php(368): CodeIgniter\CodeIgniter->tryToRouteIt(Object(CodeIgniter\Router\RouteCollection))
#3 C:\xampp\htdocs\app_bank_sumut\system\CodeIgniter.php(326): CodeIgniter\CodeIgniter->handleRequest(NULL, Object(Config\Cache), false)
#4 C:\xampp\htdocs\app_bank_sumut\public\index.php(37): CodeIgniter\CodeIgniter->run()
#5 {main}
CRITICAL - 2023-05-03 04:37:48 --> syntax error, unexpected variable "$ticketModel"
#0 C:\xampp\htdocs\app_bank_sumut\system\Router\Router.php(175): CodeIgniter\Router\Router->autoRoute('Home/getUnreadC...')
#1 C:\xampp\htdocs\app_bank_sumut\system\CodeIgniter.php(726): CodeIgniter\Router\Router->handle('Home/getUnreadC...')
#2 C:\xampp\htdocs\app_bank_sumut\system\CodeIgniter.php(368): CodeIgniter\CodeIgniter->tryToRouteIt(Object(CodeIgniter\Router\RouteCollection))
#3 C:\xampp\htdocs\app_bank_sumut\system\CodeIgniter.php(326): CodeIgniter\CodeIgniter->handleRequest(NULL, Object(Config\Cache), false)
#4 C:\xampp\htdocs\app_bank_sumut\public\index.php(37): CodeIgniter\CodeIgniter->run()
#5 {main}
CRITICAL - 2023-05-03 04:37:48 --> syntax error, unexpected variable "$ticketModel"
#0 C:\xampp\htdocs\app_bank_sumut\system\Router\Router.php(175): CodeIgniter\Router\Router->autoRoute('Home/getLog')
#1 C:\xampp\htdocs\app_bank_sumut\system\CodeIgniter.php(726): CodeIgniter\Router\Router->handle('Home/getLog')
#2 C:\xampp\htdocs\app_bank_sumut\system\CodeIgniter.php(368): CodeIgniter\CodeIgniter->tryToRouteIt(Object(CodeIgniter\Router\RouteCollection))
#3 C:\xampp\htdocs\app_bank_sumut\system\CodeIgniter.php(326): CodeIgniter\CodeIgniter->handleRequest(NULL, Object(Config\Cache), false)
#4 C:\xampp\htdocs\app_bank_sumut\public\index.php(37): CodeIgniter\CodeIgniter->run()
#5 {main}
CRITICAL - 2023-05-03 04:37:48 --> syntax error, unexpected variable "$ticketModel"
#0 C:\xampp\htdocs\app_bank_sumut\system\Router\Router.php(175): CodeIgniter\Router\Router->autoRoute('Home/getMsg')
#1 C:\xampp\htdocs\app_bank_sumut\system\CodeIgniter.php(726): CodeIgniter\Router\Router->handle('Home/getMsg')
#2 C:\xampp\htdocs\app_bank_sumut\system\CodeIgniter.php(368): CodeIgniter\CodeIgniter->tryToRouteIt(Object(CodeIgniter\Router\RouteCollection))
#3 C:\xampp\htdocs\app_bank_sumut\system\CodeIgniter.php(326): CodeIgniter\CodeIgniter->handleRequest(NULL, Object(Config\Cache), false)
#4 C:\xampp\htdocs\app_bank_sumut\public\index.php(37): CodeIgniter\CodeIgniter->run()
#5 {main}
CRITICAL - 2023-05-03 04:37:48 --> syntax error, unexpected variable "$ticketModel"
#0 C:\xampp\htdocs\app_bank_sumut\system\Router\Router.php(175): CodeIgniter\Router\Router->autoRoute('Home/getUnreadC...')
#1 C:\xampp\htdocs\app_bank_sumut\system\CodeIgniter.php(726): CodeIgniter\Router\Router->handle('Home/getUnreadC...')
#2 C:\xampp\htdocs\app_bank_sumut\system\CodeIgniter.php(368): CodeIgniter\CodeIgniter->tryToRouteIt(Object(CodeIgniter\Router\RouteCollection))
#3 C:\xampp\htdocs\app_bank_sumut\system\CodeIgniter.php(326): CodeIgniter\CodeIgniter->handleRequest(NULL, Object(Config\Cache), false)
#4 C:\xampp\htdocs\app_bank_sumut\public\index.php(37): CodeIgniter\CodeIgniter->run()
#5 {main}
CRITICAL - 2023-05-03 04:37:48 --> syntax error, unexpected variable "$ticketModel"
#0 C:\xampp\htdocs\app_bank_sumut\system\Router\Router.php(175): CodeIgniter\Router\Router->autoRoute('Home/getUnreadC...')
#1 C:\xampp\htdocs\app_bank_sumut\system\CodeIgniter.php(726): CodeIgniter\Router\Router->handle('Home/getUnreadC...')
#2 C:\xampp\htdocs\app_bank_sumut\system\CodeIgniter.php(368): CodeIgniter\CodeIgniter->tryToRouteIt(Object(CodeIgniter\Router\RouteCollection))
#3 C:\xampp\htdocs\app_bank_sumut\system\CodeIgniter.php(326): CodeIgniter\CodeIgniter->handleRequest(NULL, Object(Config\Cache), false)
#4 C:\xampp\htdocs\app_bank_sumut\public\index.php(37): CodeIgniter\CodeIgniter->run()
#5 {main}
CRITICAL - 2023-05-03 04:37:48 --> syntax error, unexpected variable "$ticketModel"
#0 C:\xampp\htdocs\app_bank_sumut\system\Router\Router.php(175): CodeIgniter\Router\Router->autoRoute('Home/getMsg')
#1 C:\xampp\htdocs\app_bank_sumut\system\CodeIgniter.php(726): CodeIgniter\Router\Router->handle('Home/getMsg')
#2 C:\xampp\htdocs\app_bank_sumut\system\CodeIgniter.php(368): CodeIgniter\CodeIgniter->tryToRouteIt(Object(CodeIgniter\Router\RouteCollection))
#3 C:\xampp\htdocs\app_bank_sumut\system\CodeIgniter.php(326): CodeIgniter\CodeIgniter->handleRequest(NULL, Object(Config\Cache), false)
#4 C:\xampp\htdocs\app_bank_sumut\public\index.php(37): CodeIgniter\CodeIgniter->run()
#5 {main}
CRITICAL - 2023-05-03 04:37:48 --> syntax error, unexpected variable "$ticketModel"
#0 C:\xampp\htdocs\app_bank_sumut\system\Router\Router.php(175): CodeIgniter\Router\Router->autoRoute('Home/getLog')
#1 C:\xampp\htdocs\app_bank_sumut\system\CodeIgniter.php(726): CodeIgniter\Router\Router->handle('Home/getLog')
#2 C:\xampp\htdocs\app_bank_sumut\system\CodeIgniter.php(368): CodeIgniter\CodeIgniter->tryToRouteIt(Object(CodeIgniter\Router\RouteCollection))
#3 C:\xampp\htdocs\app_bank_sumut\system\CodeIgniter.php(326): CodeIgniter\CodeIgniter->handleRequest(NULL, Object(Config\Cache), false)
#4 C:\xampp\htdocs\app_bank_sumut\public\index.php(37): CodeIgniter\CodeIgniter->run()
#5 {main}
CRITICAL - 2023-05-03 04:37:48 --> syntax error, unexpected variable "$ticketModel"
#0 C:\xampp\htdocs\app_bank_sumut\system\Router\Router.php(175): CodeIgniter\Router\Router->autoRoute('Home/getUnreadC...')
#1 C:\xampp\htdocs\app_bank_sumut\system\CodeIgniter.php(726): CodeIgniter\Router\Router->handle('Home/getUnreadC...')
#2 C:\xampp\htdocs\app_bank_sumut\system\CodeIgniter.php(368): CodeIgniter\CodeIgniter->tryToRouteIt(Object(CodeIgniter\Router\RouteCollection))
#3 C:\xampp\htdocs\app_bank_sumut\system\CodeIgniter.php(326): CodeIgniter\CodeIgniter->handleRequest(NULL, Object(Config\Cache), false)
#4 C:\xampp\htdocs\app_bank_sumut\public\index.php(37): CodeIgniter\CodeIgniter->run()
#5 {main}
CRITICAL - 2023-05-03 04:37:48 --> syntax error, unexpected variable "$ticketModel"
#0 C:\xampp\htdocs\app_bank_sumut\system\Router\Router.php(175): CodeIgniter\Router\Router->autoRoute('Home/getMsg')
#1 C:\xampp\htdocs\app_bank_sumut\system\CodeIgniter.php(726): CodeIgniter\Router\Router->handle('Home/getMsg')
#2 C:\xampp\htdocs\app_bank_sumut\system\CodeIgniter.php(368): CodeIgniter\CodeIgniter->tryToRouteIt(Object(CodeIgniter\Router\RouteCollection))
#3 C:\xampp\htdocs\app_bank_sumut\system\CodeIgniter.php(326): CodeIgniter\CodeIgniter->handleRequest(NULL, Object(Config\Cache), false)
#4 C:\xampp\htdocs\app_bank_sumut\public\index.php(37): CodeIgniter\CodeIgniter->run()
#5 {main}
CRITICAL - 2023-05-03 04:37:48 --> syntax error, unexpected variable "$ticketModel"
#0 C:\xampp\htdocs\app_bank_sumut\system\Router\Router.php(175): CodeIgniter\Router\Router->autoRoute('Home/getMsg')
#1 C:\xampp\htdocs\app_bank_sumut\system\CodeIgniter.php(726): CodeIgniter\Router\Router->handle('Home/getMsg')
#2 C:\xampp\htdocs\app_bank_sumut\system\CodeIgniter.php(368): CodeIgniter\CodeIgniter->tryToRouteIt(Object(CodeIgniter\Router\RouteCollection))
#3 C:\xampp\htdocs\app_bank_sumut\system\CodeIgniter.php(326): CodeIgniter\CodeIgniter->handleRequest(NULL, Object(Config\Cache), false)
#4 C:\xampp\htdocs\app_bank_sumut\public\index.php(37): CodeIgniter\CodeIgniter->run()
#5 {main}
CRITICAL - 2023-05-03 04:37:48 --> syntax error, unexpected variable "$ticketModel"
#0 C:\xampp\htdocs\app_bank_sumut\system\Router\Router.php(175): CodeIgniter\Router\Router->autoRoute('Home/getUnreadC...')
#1 C:\xampp\htdocs\app_bank_sumut\system\CodeIgniter.php(726): CodeIgniter\Router\Router->handle('Home/getUnreadC...')
#2 C:\xampp\htdocs\app_bank_sumut\system\CodeIgniter.php(368): CodeIgniter\CodeIgniter->tryToRouteIt(Object(CodeIgniter\Router\RouteCollection))
#3 C:\xampp\htdocs\app_bank_sumut\system\CodeIgniter.php(326): CodeIgniter\CodeIgniter->handleRequest(NULL, Object(Config\Cache), false)
#4 C:\xampp\htdocs\app_bank_sumut\public\index.php(37): CodeIgniter\CodeIgniter->run()
#5 {main}
CRITICAL - 2023-05-03 04:37:48 --> syntax error, unexpected variable "$ticketModel"
#0 C:\xampp\htdocs\app_bank_sumut\system\Router\Router.php(175): CodeIgniter\Router\Router->autoRoute('Home/getLog')
#1 C:\xampp\htdocs\app_bank_sumut\system\CodeIgniter.php(726): CodeIgniter\Router\Router->handle('Home/getLog')
#2 C:\xampp\htdocs\app_bank_sumut\system\CodeIgniter.php(368): CodeIgniter\CodeIgniter->tryToRouteIt(Object(CodeIgniter\Router\RouteCollection))
#3 C:\xampp\htdocs\app_bank_sumut\system\CodeIgniter.php(326): CodeIgniter\CodeIgniter->handleRequest(NULL, Object(Config\Cache), false)
#4 C:\xampp\htdocs\app_bank_sumut\public\index.php(37): CodeIgniter\CodeIgniter->run()
#5 {main}
CRITICAL - 2023-05-03 04:37:48 --> syntax error, unexpected variable "$ticketModel"
#0 C:\xampp\htdocs\app_bank_sumut\system\Router\Router.php(175): CodeIgniter\Router\Router->autoRoute('Home/getLog')
#1 C:\xampp\htdocs\app_bank_sumut\system\CodeIgniter.php(726): CodeIgniter\Router\Router->handle('Home/getLog')
#2 C:\xampp\htdocs\app_bank_sumut\system\CodeIgniter.php(368): CodeIgniter\CodeIgniter->tryToRouteIt(Object(CodeIgniter\Router\RouteCollection))
#3 C:\xampp\htdocs\app_bank_sumut\system\CodeIgniter.php(326): CodeIgniter\CodeIgniter->handleRequest(NULL, Object(Config\Cache), false)
#4 C:\xampp\htdocs\app_bank_sumut\public\index.php(37): CodeIgniter\CodeIgniter->run()
#5 {main}
CRITICAL - 2023-05-03 04:38:46 --> syntax error, unexpected variable "$ticketModel"
#0 C:\xampp\htdocs\app_bank_sumut\system\Router\Router.php(175): CodeIgniter\Router\Router->autoRoute('Home/getActivit...')
#1 C:\xampp\htdocs\app_bank_sumut\system\CodeIgniter.php(726): CodeIgniter\Router\Router->handle('Home/getActivit...')
#2 C:\xampp\htdocs\app_bank_sumut\system\CodeIgniter.php(368): CodeIgniter\CodeIgniter->tryToRouteIt(Object(CodeIgniter\Router\RouteCollection))
#3 C:\xampp\htdocs\app_bank_sumut\system\CodeIgniter.php(326): CodeIgniter\CodeIgniter->handleRequest(NULL, Object(Config\Cache), false)
#4 C:\xampp\htdocs\app_bank_sumut\public\index.php(37): CodeIgniter\CodeIgniter->run()
#5 {main}
CRITICAL - 2023-05-03 04:41:55 --> Undefined array key "creator_id"
#0 C:\xampp\htdocs\app_bank_sumut\app\Controllers\Home.php(980): CodeIgniter\Debug\Exceptions->errorHandler(2, 'Undefined array...', 'C:\\xampp\\htdocs...', 980)
#1 C:\xampp\htdocs\app_bank_sumut\system\CodeIgniter.php(832): App\Controllers\Home->chatActivity()
#2 C:\xampp\htdocs\app_bank_sumut\system\CodeIgniter.php(419): CodeIgniter\CodeIgniter->runController(Object(App\Controllers\Home))
#3 C:\xampp\htdocs\app_bank_sumut\system\CodeIgniter.php(326): CodeIgniter\CodeIgniter->handleRequest(NULL, Object(Config\Cache), false)
#4 C:\xampp\htdocs\app_bank_sumut\public\index.php(37): CodeIgniter\CodeIgniter->run()
#5 {main}
CRITICAL - 2023-05-03 04:45:16 --> Undefined array key "creator_id"
#0 C:\xampp\htdocs\app_bank_sumut\app\Controllers\Home.php(967): CodeIgniter\Debug\Exceptions->errorHandler(2, 'Undefined array...', 'C:\\xampp\\htdocs...', 967)
#1 C:\xampp\htdocs\app_bank_sumut\system\CodeIgniter.php(832): App\Controllers\Home->chatActivity()
#2 C:\xampp\htdocs\app_bank_sumut\system\CodeIgniter.php(419): CodeIgniter\CodeIgniter->runController(Object(App\Controllers\Home))
#3 C:\xampp\htdocs\app_bank_sumut\system\CodeIgniter.php(326): CodeIgniter\CodeIgniter->handleRequest(NULL, Object(Config\Cache), false)
#4 C:\xampp\htdocs\app_bank_sumut\public\index.php(37): CodeIgniter\CodeIgniter->run()
#5 {main}
CRITICAL - 2023-05-03 04:46:29 --> Attempt to read property "creator_id" on array
#0 C:\xampp\htdocs\app_bank_sumut\app\Controllers\Home.php(967): CodeIgniter\Debug\Exceptions->errorHandler(2, 'Attempt to read...', 'C:\\xampp\\htdocs...', 967)
#1 C:\xampp\htdocs\app_bank_sumut\system\CodeIgniter.php(832): App\Controllers\Home->chatActivity()
#2 C:\xampp\htdocs\app_bank_sumut\system\CodeIgniter.php(419): CodeIgniter\CodeIgniter->runController(Object(App\Controllers\Home))
#3 C:\xampp\htdocs\app_bank_sumut\system\CodeIgniter.php(326): CodeIgniter\CodeIgniter->handleRequest(NULL, Object(Config\Cache), false)
#4 C:\xampp\htdocs\app_bank_sumut\public\index.php(37): CodeIgniter\CodeIgniter->run()
#5 {main}
CRITICAL - 2023-05-03 05:41:53 --> Too few arguments to function App\Models\ActivityChatModel::setReadAllChat(), 2 passed in C:\xampp\htdocs\app_bank_sumut\app\Controllers\Home.php on line 622 and exactly 3 expected
#0 C:\xampp\htdocs\app_bank_sumut\app\Controllers\Home.php(622): App\Models\ActivityChatModel->setReadAllChat(Array, 'Ticket_ID_34719')
#1 C:\xampp\htdocs\app_bank_sumut\system\CodeIgniter.php(832): App\Controllers\Home->setReadAllChat()
#2 C:\xampp\htdocs\app_bank_sumut\system\CodeIgniter.php(419): CodeIgniter\CodeIgniter->runController(Object(App\Controllers\Home))
#3 C:\xampp\htdocs\app_bank_sumut\system\CodeIgniter.php(326): CodeIgniter\CodeIgniter->handleRequest(NULL, Object(Config\Cache), false)
#4 C:\xampp\htdocs\app_bank_sumut\public\index.php(37): CodeIgniter\CodeIgniter->run()
#5 {main}
CRITICAL - 2023-05-03 05:41:53 --> Too few arguments to function App\Models\ActivityChatModel::setReadAllChat(), 2 passed in C:\xampp\htdocs\app_bank_sumut\app\Controllers\Home.php on line 622 and exactly 3 expected
#0 C:\xampp\htdocs\app_bank_sumut\app\Controllers\Home.php(622): App\Models\ActivityChatModel->setReadAllChat(Array, 'Ticket_ID_34719')
#1 C:\xampp\htdocs\app_bank_sumut\system\CodeIgniter.php(832): App\Controllers\Home->setReadAllChat()
#2 C:\xampp\htdocs\app_bank_sumut\system\CodeIgniter.php(419): CodeIgniter\CodeIgniter->runController(Object(App\Controllers\Home))
#3 C:\xampp\htdocs\app_bank_sumut\system\CodeIgniter.php(326): CodeIgniter\CodeIgniter->handleRequest(NULL, Object(Config\Cache), false)
#4 C:\xampp\htdocs\app_bank_sumut\public\index.php(37): CodeIgniter\CodeIgniter->run()
#5 {main}
CRITICAL - 2023-05-03 05:41:53 --> Too few arguments to function App\Models\ActivityChatModel::setReadAllChat(), 2 passed in C:\xampp\htdocs\app_bank_sumut\app\Controllers\Home.php on line 622 and exactly 3 expected
#0 C:\xampp\htdocs\app_bank_sumut\app\Controllers\Home.php(622): App\Models\ActivityChatModel->setReadAllChat(Array, 'Ticket_ID_34719')
#1 C:\xampp\htdocs\app_bank_sumut\system\CodeIgniter.php(832): App\Controllers\Home->setReadAllChat()
#2 C:\xampp\htdocs\app_bank_sumut\system\CodeIgniter.php(419): CodeIgniter\CodeIgniter->runController(Object(App\Controllers\Home))
#3 C:\xampp\htdocs\app_bank_sumut\system\CodeIgniter.php(326): CodeIgniter\CodeIgniter->handleRequest(NULL, Object(Config\Cache), false)
#4 C:\xampp\htdocs\app_bank_sumut\public\index.php(37): CodeIgniter\CodeIgniter->run()
#5 {main}
CRITICAL - 2023-05-03 05:41:53 --> Too few arguments to function App\Models\ActivityChatModel::setReadAllChat(), 2 passed in C:\xampp\htdocs\app_bank_sumut\app\Controllers\Home.php on line 622 and exactly 3 expected
#0 C:\xampp\htdocs\app_bank_sumut\app\Controllers\Home.php(622): App\Models\ActivityChatModel->setReadAllChat(Array, 'Ticket_ID_34719')
#1 C:\xampp\htdocs\app_bank_sumut\system\CodeIgniter.php(832): App\Controllers\Home->setReadAllChat()
#2 C:\xampp\htdocs\app_bank_sumut\system\CodeIgniter.php(419): CodeIgniter\CodeIgniter->runController(Object(App\Controllers\Home))
#3 C:\xampp\htdocs\app_bank_sumut\system\CodeIgniter.php(326): CodeIgniter\CodeIgniter->handleRequest(NULL, Object(Config\Cache), false)
#4 C:\xampp\htdocs\app_bank_sumut\public\index.php(37): CodeIgniter\CodeIgniter->run()
#5 {main}
CRITICAL - 2023-05-03 05:41:53 --> Too few arguments to function App\Models\ActivityChatModel::setReadAllChat(), 2 passed in C:\xampp\htdocs\app_bank_sumut\app\Controllers\Home.php on line 622 and exactly 3 expected
#0 C:\xampp\htdocs\app_bank_sumut\app\Controllers\Home.php(622): App\Models\ActivityChatModel->setReadAllChat(Array, 'Ticket_ID_34719')
#1 C:\xampp\htdocs\app_bank_sumut\system\CodeIgniter.php(832): App\Controllers\Home->setReadAllChat()
#2 C:\xampp\htdocs\app_bank_sumut\system\CodeIgniter.php(419): CodeIgniter\CodeIgniter->runController(Object(App\Controllers\Home))
#3 C:\xampp\htdocs\app_bank_sumut\system\CodeIgniter.php(326): CodeIgniter\CodeIgniter->handleRequest(NULL, Object(Config\Cache), false)
#4 C:\xampp\htdocs\app_bank_sumut\public\index.php(37): CodeIgniter\CodeIgniter->run()
#5 {main}
CRITICAL - 2023-05-03 05:41:54 --> Too few arguments to function App\Models\ActivityChatModel::setReadAllChat(), 2 passed in C:\xampp\htdocs\app_bank_sumut\app\Controllers\Home.php on line 622 and exactly 3 expected
#0 C:\xampp\htdocs\app_bank_sumut\app\Controllers\Home.php(622): App\Models\ActivityChatModel->setReadAllChat(Array, 'Ticket_ID_34719')
#1 C:\xampp\htdocs\app_bank_sumut\system\CodeIgniter.php(832): App\Controllers\Home->setReadAllChat()
#2 C:\xampp\htdocs\app_bank_sumut\system\CodeIgniter.php(419): CodeIgniter\CodeIgniter->runController(Object(App\Controllers\Home))
#3 C:\xampp\htdocs\app_bank_sumut\system\CodeIgniter.php(326): CodeIgniter\CodeIgniter->handleRequest(NULL, Object(Config\Cache), false)
#4 C:\xampp\htdocs\app_bank_sumut\public\index.php(37): CodeIgniter\CodeIgniter->run()
#5 {main}
CRITICAL - 2023-05-03 05:41:54 --> Too few arguments to function App\Models\ActivityChatModel::setReadAllChat(), 2 passed in C:\xampp\htdocs\app_bank_sumut\app\Controllers\Home.php on line 622 and exactly 3 expected
#0 C:\xampp\htdocs\app_bank_sumut\app\Controllers\Home.php(622): App\Models\ActivityChatModel->setReadAllChat(Array, 'Ticket_ID_34719')
#1 C:\xampp\htdocs\app_bank_sumut\system\CodeIgniter.php(832): App\Controllers\Home->setReadAllChat()
#2 C:\xampp\htdocs\app_bank_sumut\system\CodeIgniter.php(419): CodeIgniter\CodeIgniter->runController(Object(App\Controllers\Home))
#3 C:\xampp\htdocs\app_bank_sumut\system\CodeIgniter.php(326): CodeIgniter\CodeIgniter->handleRequest(NULL, Object(Config\Cache), false)
#4 C:\xampp\htdocs\app_bank_sumut\public\index.php(37): CodeIgniter\CodeIgniter->run()
#5 {main}
CRITICAL - 2023-05-03 05:41:54 --> Too few arguments to function App\Models\ActivityChatModel::setReadAllChat(), 2 passed in C:\xampp\htdocs\app_bank_sumut\app\Controllers\Home.php on line 622 and exactly 3 expected
#0 C:\xampp\htdocs\app_bank_sumut\app\Controllers\Home.php(622): App\Models\ActivityChatModel->setReadAllChat(Array, 'Ticket_ID_34719')
#1 C:\xampp\htdocs\app_bank_sumut\system\CodeIgniter.php(832): App\Controllers\Home->setReadAllChat()
#2 C:\xampp\htdocs\app_bank_sumut\system\CodeIgniter.php(419): CodeIgniter\CodeIgniter->runController(Object(App\Controllers\Home))
#3 C:\xampp\htdocs\app_bank_sumut\system\CodeIgniter.php(326): CodeIgniter\CodeIgniter->handleRequest(NULL, Object(Config\Cache), false)
#4 C:\xampp\htdocs\app_bank_sumut\public\index.php(37): CodeIgniter\CodeIgniter->run()
#5 {main}
CRITICAL - 2023-05-03 05:41:54 --> Too few arguments to function App\Models\ActivityChatModel::setReadAllChat(), 2 passed in C:\xampp\htdocs\app_bank_sumut\app\Controllers\Home.php on line 622 and exactly 3 expected
#0 C:\xampp\htdocs\app_bank_sumut\app\Controllers\Home.php(622): App\Models\ActivityChatModel->setReadAllChat(Array, 'Ticket_ID_34719')
#1 C:\xampp\htdocs\app_bank_sumut\system\CodeIgniter.php(832): App\Controllers\Home->setReadAllChat()
#2 C:\xampp\htdocs\app_bank_sumut\system\CodeIgniter.php(419): CodeIgniter\CodeIgniter->runController(Object(App\Controllers\Home))
#3 C:\xampp\htdocs\app_bank_sumut\system\CodeIgniter.php(326): CodeIgniter\CodeIgniter->handleRequest(NULL, Object(Config\Cache), false)
#4 C:\xampp\htdocs\app_bank_sumut\public\index.php(37): CodeIgniter\CodeIgniter->run()
#5 {main}
CRITICAL - 2023-05-03 05:41:54 --> Too few arguments to function App\Models\ActivityChatModel::setReadAllChat(), 2 passed in C:\xampp\htdocs\app_bank_sumut\app\Controllers\Home.php on line 622 and exactly 3 expected
#0 C:\xampp\htdocs\app_bank_sumut\app\Controllers\Home.php(622): App\Models\ActivityChatModel->setReadAllChat(Array, 'Ticket_ID_34719')
#1 C:\xampp\htdocs\app_bank_sumut\system\CodeIgniter.php(832): App\Controllers\Home->setReadAllChat()
#2 C:\xampp\htdocs\app_bank_sumut\system\CodeIgniter.php(419): CodeIgniter\CodeIgniter->runController(Object(App\Controllers\Home))
#3 C:\xampp\htdocs\app_bank_sumut\system\CodeIgniter.php(326): CodeIgniter\CodeIgniter->handleRequest(NULL, Object(Config\Cache), false)
#4 C:\xampp\htdocs\app_bank_sumut\public\index.php(37): CodeIgniter\CodeIgniter->run()
#5 {main}
CRITICAL - 2023-05-03 05:41:54 --> Too few arguments to function App\Models\ActivityChatModel::setReadAllChat(), 2 passed in C:\xampp\htdocs\app_bank_sumut\app\Controllers\Home.php on line 622 and exactly 3 expected
#0 C:\xampp\htdocs\app_bank_sumut\app\Controllers\Home.php(622): App\Models\ActivityChatModel->setReadAllChat(Array, 'Ticket_ID_34719')
#1 C:\xampp\htdocs\app_bank_sumut\system\CodeIgniter.php(832): App\Controllers\Home->setReadAllChat()
#2 C:\xampp\htdocs\app_bank_sumut\system\CodeIgniter.php(419): CodeIgniter\CodeIgniter->runController(Object(App\Controllers\Home))
#3 C:\xampp\htdocs\app_bank_sumut\system\CodeIgniter.php(326): CodeIgniter\CodeIgniter->handleRequest(NULL, Object(Config\Cache), false)
#4 C:\xampp\htdocs\app_bank_sumut\public\index.php(37): CodeIgniter\CodeIgniter->run()
#5 {main}
CRITICAL - 2023-05-03 05:41:54 --> Too few arguments to function App\Models\ActivityChatModel::setReadAllChat(), 2 passed in C:\xampp\htdocs\app_bank_sumut\app\Controllers\Home.php on line 622 and exactly 3 expected
#0 C:\xampp\htdocs\app_bank_sumut\app\Controllers\Home.php(622): App\Models\ActivityChatModel->setReadAllChat(Array, 'Ticket_ID_34719')
#1 C:\xampp\htdocs\app_bank_sumut\system\CodeIgniter.php(832): App\Controllers\Home->setReadAllChat()
#2 C:\xampp\htdocs\app_bank_sumut\system\CodeIgniter.php(419): CodeIgniter\CodeIgniter->runController(Object(App\Controllers\Home))
#3 C:\xampp\htdocs\app_bank_sumut\system\CodeIgniter.php(326): CodeIgniter\CodeIgniter->handleRequest(NULL, Object(Config\Cache), false)
#4 C:\xampp\htdocs\app_bank_sumut\public\index.php(37): CodeIgniter\CodeIgniter->run()
#5 {main}
CRITICAL - 2023-05-03 05:41:54 --> Too few arguments to function App\Models\ActivityChatModel::setReadAllChat(), 2 passed in C:\xampp\htdocs\app_bank_sumut\app\Controllers\Home.php on line 622 and exactly 3 expected
#0 C:\xampp\htdocs\app_bank_sumut\app\Controllers\Home.php(622): App\Models\ActivityChatModel->setReadAllChat(Array, 'Ticket_ID_34719')
#1 C:\xampp\htdocs\app_bank_sumut\system\CodeIgniter.php(832): App\Controllers\Home->setReadAllChat()
#2 C:\xampp\htdocs\app_bank_sumut\system\CodeIgniter.php(419): CodeIgniter\CodeIgniter->runController(Object(App\Controllers\Home))
#3 C:\xampp\htdocs\app_bank_sumut\system\CodeIgniter.php(326): CodeIgniter\CodeIgniter->handleRequest(NULL, Object(Config\Cache), false)
#4 C:\xampp\htdocs\app_bank_sumut\public\index.php(37): CodeIgniter\CodeIgniter->run()
#5 {main}
CRITICAL - 2023-05-03 05:41:54 --> Too few arguments to function App\Models\ActivityChatModel::setReadAllChat(), 2 passed in C:\xampp\htdocs\app_bank_sumut\app\Controllers\Home.php on line 622 and exactly 3 expected
#0 C:\xampp\htdocs\app_bank_sumut\app\Controllers\Home.php(622): App\Models\ActivityChatModel->setReadAllChat(Array, 'Ticket_ID_34719')
#1 C:\xampp\htdocs\app_bank_sumut\system\CodeIgniter.php(832): App\Controllers\Home->setReadAllChat()
#2 C:\xampp\htdocs\app_bank_sumut\system\CodeIgniter.php(419): CodeIgniter\CodeIgniter->runController(Object(App\Controllers\Home))
#3 C:\xampp\htdocs\app_bank_sumut\system\CodeIgniter.php(326): CodeIgniter\CodeIgniter->handleRequest(NULL, Object(Config\Cache), false)
#4 C:\xampp\htdocs\app_bank_sumut\public\index.php(37): CodeIgniter\CodeIgniter->run()
#5 {main}
CRITICAL - 2023-05-03 13:11:46 --> unlink(C:\xampp\htdocs\app_bank_sumut\writable\debugbar/debugbar_1683134423.json): No such file or directory
#0 [internal function]: CodeIgniter\Debug\Exceptions->errorHandler(2, 'unlink(C:\\xampp...', 'C:\\xampp\\htdocs...', 74)
#1 C:\xampp\htdocs\app_bank_sumut\system\Debug\Toolbar\Collectors\History.php(74): unlink('C:\\xampp\\htdocs...')
#2 C:\xampp\htdocs\app_bank_sumut\system\Debug\Toolbar.php(485): CodeIgniter\Debug\Toolbar\Collectors\History->setFiles(1683137502, 20)
#3 C:\xampp\htdocs\app_bank_sumut\system\Debug\Toolbar.php(464): CodeIgniter\Debug\Toolbar->format(Array, 'html')
#4 C:\xampp\htdocs\app_bank_sumut\app\Config\Events.php(48): CodeIgniter\Debug\Toolbar->respond()
#5 C:\xampp\htdocs\app_bank_sumut\system\Events\Events.php(149): CodeIgniter\Events\Events::Config\{closure}()
#6 C:\xampp\htdocs\app_bank_sumut\system\CodeIgniter.php(308): CodeIgniter\Events\Events::trigger('pre_system')
#7 C:\xampp\htdocs\app_bank_sumut\public\index.php(37): CodeIgniter\CodeIgniter->run()
#8 {main}
ERROR - 2023-05-03 22:48:05 --> Unknown column 'activity_chat.id_user' in 'on clause'
CRITICAL - 2023-05-03 22:48:05 --> Unknown column 'activity_chat.id_user' in 'on clause'
#0 C:\xampp\htdocs\app_bank_sumut\system\Database\MySQLi\Connection.php(292): mysqli->query('SELECT activity...', 0)
#1 C:\xampp\htdocs\app_bank_sumut\system\Database\BaseConnection.php(670): CodeIgniter\Database\MySQLi\Connection->execute('SELECT activity...')
#2 C:\xampp\htdocs\app_bank_sumut\system\Database\BaseConnection.php(598): CodeIgniter\Database\BaseConnection->simpleQuery('SELECT activity...')
#3 C:\xampp\htdocs\app_bank_sumut\app\Controllers\Home.php(995): CodeIgniter\Database\BaseConnection->query('SELECT activity...')
#4 C:\xampp\htdocs\app_bank_sumut\system\CodeIgniter.php(832): App\Controllers\Home->getActivityChat()
#5 C:\xampp\htdocs\app_bank_sumut\system\CodeIgniter.php(419): CodeIgniter\CodeIgniter->runController(Object(App\Controllers\Home))
#6 C:\xampp\htdocs\app_bank_sumut\system\CodeIgniter.php(326): CodeIgniter\CodeIgniter->handleRequest(NULL, Object(Config\Cache), false)
#7 C:\xampp\htdocs\app_bank_sumut\public\index.php(37): CodeIgniter\CodeIgniter->run()
#8 {main}
ERROR - 2023-05-03 22:49:05 --> Unknown column 'activity_chat.id_user' in 'on clause'
CRITICAL - 2023-05-03 22:49:05 --> Unknown column 'activity_chat.id_user' in 'on clause'
#0 C:\xampp\htdocs\app_bank_sumut\system\Database\MySQLi\Connection.php(292): mysqli->query('SELECT activity...', 0)
#1 C:\xampp\htdocs\app_bank_sumut\system\Database\BaseConnection.php(670): CodeIgniter\Database\MySQLi\Connection->execute('SELECT activity...')
#2 C:\xampp\htdocs\app_bank_sumut\system\Database\BaseConnection.php(598): CodeIgniter\Database\BaseConnection->simpleQuery('SELECT activity...')
#3 C:\xampp\htdocs\app_bank_sumut\app\Controllers\Home.php(995): CodeIgniter\Database\BaseConnection->query('SELECT activity...')
#4 C:\xampp\htdocs\app_bank_sumut\system\CodeIgniter.php(832): App\Controllers\Home->getActivityChat()
#5 C:\xampp\htdocs\app_bank_sumut\system\CodeIgniter.php(419): CodeIgniter\CodeIgniter->runController(Object(App\Controllers\Home))
#6 C:\xampp\htdocs\app_bank_sumut\system\CodeIgniter.php(326): CodeIgniter\CodeIgniter->handleRequest(NULL, Object(Config\Cache), false)
#7 C:\xampp\htdocs\app_bank_sumut\public\index.php(37): CodeIgniter\CodeIgniter->run()
#8 {main}
ERROR - 2023-05-03 22:50:05 --> Unknown column 'activity_chat.id_user' in 'on clause'
CRITICAL - 2023-05-03 22:50:05 --> Unknown column 'activity_chat.id_user' in 'on clause'
#0 C:\xampp\htdocs\app_bank_sumut\system\Database\MySQLi\Connection.php(292): mysqli->query('SELECT activity...', 0)
#1 C:\xampp\htdocs\app_bank_sumut\system\Database\BaseConnection.php(670): CodeIgniter\Database\MySQLi\Connection->execute('SELECT activity...')
#2 C:\xampp\htdocs\app_bank_sumut\system\Database\BaseConnection.php(598): CodeIgniter\Database\BaseConnection->simpleQuery('SELECT activity...')
#3 C:\xampp\htdocs\app_bank_sumut\app\Controllers\Home.php(995): CodeIgniter\Database\BaseConnection->query('SELECT activity...')
#4 C:\xampp\htdocs\app_bank_sumut\system\CodeIgniter.php(832): App\Controllers\Home->getActivityChat()
#5 C:\xampp\htdocs\app_bank_sumut\system\CodeIgniter.php(419): CodeIgniter\CodeIgniter->runController(Object(App\Controllers\Home))
#6 C:\xampp\htdocs\app_bank_sumut\system\CodeIgniter.php(326): CodeIgniter\CodeIgniter->handleRequest(NULL, Object(Config\Cache), false)
#7 C:\xampp\htdocs\app_bank_sumut\public\index.php(37): CodeIgniter\CodeIgniter->run()
#8 {main}
ERROR - 2023-05-03 22:51:05 --> Unknown column 'activity_chat.id_user' in 'on clause'
CRITICAL - 2023-05-03 22:51:05 --> Unknown column 'activity_chat.id_user' in 'on clause'
#0 C:\xampp\htdocs\app_bank_sumut\system\Database\MySQLi\Connection.php(292): mysqli->query('SELECT activity...', 0)
#1 C:\xampp\htdocs\app_bank_sumut\system\Database\BaseConnection.php(670): CodeIgniter\Database\MySQLi\Connection->execute('SELECT activity...')
#2 C:\xampp\htdocs\app_bank_sumut\system\Database\BaseConnection.php(598): CodeIgniter\Database\BaseConnection->simpleQuery('SELECT activity...')
#3 C:\xampp\htdocs\app_bank_sumut\app\Controllers\Home.php(995): CodeIgniter\Database\BaseConnection->query('SELECT activity...')
#4 C:\xampp\htdocs\app_bank_sumut\system\CodeIgniter.php(832): App\Controllers\Home->getActivityChat()
#5 C:\xampp\htdocs\app_bank_sumut\system\CodeIgniter.php(419): CodeIgniter\CodeIgniter->runController(Object(App\Controllers\Home))
#6 C:\xampp\htdocs\app_bank_sumut\system\CodeIgniter.php(326): CodeIgniter\CodeIgniter->handleRequest(NULL, Object(Config\Cache), false)
#7 C:\xampp\htdocs\app_bank_sumut\public\index.php(37): CodeIgniter\CodeIgniter->run()
#8 {main}
ERROR - 2023-05-03 22:52:05 --> Unknown column 'activity_chat.id_user' in 'on clause'
CRITICAL - 2023-05-03 22:52:05 --> Unknown column 'activity_chat.id_user' in 'on clause'
#0 C:\xampp\htdocs\app_bank_sumut\system\Database\MySQLi\Connection.php(292): mysqli->query('SELECT activity...', 0)
#1 C:\xampp\htdocs\app_bank_sumut\system\Database\BaseConnection.php(670): CodeIgniter\Database\MySQLi\Connection->execute('SELECT activity...')
#2 C:\xampp\htdocs\app_bank_sumut\system\Database\BaseConnection.php(598): CodeIgniter\Database\BaseConnection->simpleQuery('SELECT activity...')
#3 C:\xampp\htdocs\app_bank_sumut\app\Controllers\Home.php(995): CodeIgniter\Database\BaseConnection->query('SELECT activity...')
#4 C:\xampp\htdocs\app_bank_sumut\system\CodeIgniter.php(832): App\Controllers\Home->getActivityChat()
#5 C:\xampp\htdocs\app_bank_sumut\system\CodeIgniter.php(419): CodeIgniter\CodeIgniter->runController(Object(App\Controllers\Home))
#6 C:\xampp\htdocs\app_bank_sumut\system\CodeIgniter.php(326): CodeIgniter\CodeIgniter->handleRequest(NULL, Object(Config\Cache), false)
#7 C:\xampp\htdocs\app_bank_sumut\public\index.php(37): CodeIgniter\CodeIgniter->run()
#8 {main}
ERROR - 2023-05-03 22:52:46 --> Unknown column 'activity_chat.id_user' in 'on clause'
CRITICAL - 2023-05-03 22:52:46 --> Unknown column 'activity_chat.id_user' in 'on clause'
#0 C:\xampp\htdocs\app_bank_sumut\system\Database\MySQLi\Connection.php(292): mysqli->query('SELECT activity...', 0)
#1 C:\xampp\htdocs\app_bank_sumut\system\Database\BaseConnection.php(670): CodeIgniter\Database\MySQLi\Connection->execute('SELECT activity...')
#2 C:\xampp\htdocs\app_bank_sumut\system\Database\BaseConnection.php(598): CodeIgniter\Database\BaseConnection->simpleQuery('SELECT activity...')
#3 C:\xampp\htdocs\app_bank_sumut\app\Controllers\Home.php(722): CodeIgniter\Database\BaseConnection->query('SELECT activity...')
#4 C:\xampp\htdocs\app_bank_sumut\system\CodeIgniter.php(832): App\Controllers\Home->getMsg()
#5 C:\xampp\htdocs\app_bank_sumut\system\CodeIgniter.php(419): CodeIgniter\CodeIgniter->runController(Object(App\Controllers\Home))
#6 C:\xampp\htdocs\app_bank_sumut\system\CodeIgniter.php(326): CodeIgniter\CodeIgniter->handleRequest(NULL, Object(Config\Cache), false)
#7 C:\xampp\htdocs\app_bank_sumut\public\index.php(37): CodeIgniter\CodeIgniter->run()
#8 {main}
ERROR - 2023-05-03 22:52:52 --> Unknown column 'activity_chat.id_user' in 'on clause'
CRITICAL - 2023-05-03 22:52:52 --> Unknown column 'activity_chat.id_user' in 'on clause'
#0 C:\xampp\htdocs\app_bank_sumut\system\Database\MySQLi\Connection.php(292): mysqli->query('SELECT activity...', 0)
#1 C:\xampp\htdocs\app_bank_sumut\system\Database\BaseConnection.php(670): CodeIgniter\Database\MySQLi\Connection->execute('SELECT activity...')
#2 C:\xampp\htdocs\app_bank_sumut\system\Database\BaseConnection.php(598): CodeIgniter\Database\BaseConnection->simpleQuery('SELECT activity...')
#3 C:\xampp\htdocs\app_bank_sumut\app\Controllers\Home.php(722): CodeIgniter\Database\BaseConnection->query('SELECT activity...')
#4 C:\xampp\htdocs\app_bank_sumut\system\CodeIgniter.php(832): App\Controllers\Home->getMsg()
#5 C:\xampp\htdocs\app_bank_sumut\system\CodeIgniter.php(419): CodeIgniter\CodeIgniter->runController(Object(App\Controllers\Home))
#6 C:\xampp\htdocs\app_bank_sumut\system\CodeIgniter.php(326): CodeIgniter\CodeIgniter->handleRequest(NULL, Object(Config\Cache), false)
#7 C:\xampp\htdocs\app_bank_sumut\public\index.php(37): CodeIgniter\CodeIgniter->run()
#8 {main}
ERROR - 2023-05-03 22:52:55 --> Unknown column 'activity_chat.id_user' in 'on clause'
CRITICAL - 2023-05-03 22:52:55 --> Unknown column 'activity_chat.id_user' in 'on clause'
#0 C:\xampp\htdocs\app_bank_sumut\system\Database\MySQLi\Connection.php(292): mysqli->query('SELECT activity...', 0)
#1 C:\xampp\htdocs\app_bank_sumut\system\Database\BaseConnection.php(670): CodeIgniter\Database\MySQLi\Connection->execute('SELECT activity...')
#2 C:\xampp\htdocs\app_bank_sumut\system\Database\BaseConnection.php(598): CodeIgniter\Database\BaseConnection->simpleQuery('SELECT activity...')
#3 C:\xampp\htdocs\app_bank_sumut\app\Controllers\Home.php(722): CodeIgniter\Database\BaseConnection->query('SELECT activity...')
#4 C:\xampp\htdocs\app_bank_sumut\system\CodeIgniter.php(832): App\Controllers\Home->getMsg()
#5 C:\xampp\htdocs\app_bank_sumut\system\CodeIgniter.php(419): CodeIgniter\CodeIgniter->runController(Object(App\Controllers\Home))
#6 C:\xampp\htdocs\app_bank_sumut\system\CodeIgniter.php(326): CodeIgniter\CodeIgniter->handleRequest(NULL, Object(Config\Cache), false)
#7 C:\xampp\htdocs\app_bank_sumut\public\index.php(37): CodeIgniter\CodeIgniter->run()
#8 {main}
ERROR - 2023-05-03 22:54:12 --> Unknown column 'activity_chat.id_user' in 'on clause'
CRITICAL - 2023-05-03 22:54:12 --> Unknown column 'activity_chat.id_user' in 'on clause'
#0 C:\xampp\htdocs\app_bank_sumut\system\Database\MySQLi\Connection.php(292): mysqli->query('SELECT activity...', 0)
#1 C:\xampp\htdocs\app_bank_sumut\system\Database\BaseConnection.php(670): CodeIgniter\Database\MySQLi\Connection->execute('SELECT activity...')
#2 C:\xampp\htdocs\app_bank_sumut\system\Database\BaseConnection.php(598): CodeIgniter\Database\BaseConnection->simpleQuery('SELECT activity...')
#3 C:\xampp\htdocs\app_bank_sumut\app\Controllers\Home.php(722): CodeIgniter\Database\BaseConnection->query('SELECT activity...')
#4 C:\xampp\htdocs\app_bank_sumut\system\CodeIgniter.php(832): App\Controllers\Home->getMsg()
#5 C:\xampp\htdocs\app_bank_sumut\system\CodeIgniter.php(419): CodeIgniter\CodeIgniter->runController(Object(App\Controllers\Home))
#6 C:\xampp\htdocs\app_bank_sumut\system\CodeIgniter.php(326): CodeIgniter\CodeIgniter->handleRequest(NULL, Object(Config\Cache), false)
#7 C:\xampp\htdocs\app_bank_sumut\public\index.php(37): CodeIgniter\CodeIgniter->run()
#8 {main}
ERROR - 2023-05-03 22:54:13 --> Unknown column 'activity_chat.id_user' in 'on clause'
CRITICAL - 2023-05-03 22:54:13 --> Unknown column 'activity_chat.id_user' in 'on clause'
#0 C:\xampp\htdocs\app_bank_sumut\system\Database\MySQLi\Connection.php(292): mysqli->query('SELECT activity...', 0)
#1 C:\xampp\htdocs\app_bank_sumut\system\Database\BaseConnection.php(670): CodeIgniter\Database\MySQLi\Connection->execute('SELECT activity...')
#2 C:\xampp\htdocs\app_bank_sumut\system\Database\BaseConnection.php(598): CodeIgniter\Database\BaseConnection->simpleQuery('SELECT activity...')
#3 C:\xampp\htdocs\app_bank_sumut\app\Controllers\Home.php(722): CodeIgniter\Database\BaseConnection->query('SELECT activity...')
#4 C:\xampp\htdocs\app_bank_sumut\system\CodeIgniter.php(832): App\Controllers\Home->getMsg()
#5 C:\xampp\htdocs\app_bank_sumut\system\CodeIgniter.php(419): CodeIgniter\CodeIgniter->runController(Object(App\Controllers\Home))
#6 C:\xampp\htdocs\app_bank_sumut\system\CodeIgniter.php(326): CodeIgniter\CodeIgniter->handleRequest(NULL, Object(Config\Cache), false)
#7 C:\xampp\htdocs\app_bank_sumut\public\index.php(37): CodeIgniter\CodeIgniter->run()
#8 {main}
ERROR - 2023-05-03 22:54:15 --> Unknown column 'activity_chat.id_user' in 'on clause'
CRITICAL - 2023-05-03 22:54:15 --> Unknown column 'activity_chat.id_user' in 'on clause'
#0 C:\xampp\htdocs\app_bank_sumut\system\Database\MySQLi\Connection.php(292): mysqli->query('SELECT activity...', 0)
#1 C:\xampp\htdocs\app_bank_sumut\system\Database\BaseConnection.php(670): CodeIgniter\Database\MySQLi\Connection->execute('SELECT activity...')
#2 C:\xampp\htdocs\app_bank_sumut\system\Database\BaseConnection.php(598): CodeIgniter\Database\BaseConnection->simpleQuery('SELECT activity...')
#3 C:\xampp\htdocs\app_bank_sumut\app\Controllers\Home.php(722): CodeIgniter\Database\BaseConnection->query('SELECT activity...')
#4 C:\xampp\htdocs\app_bank_sumut\system\CodeIgniter.php(832): App\Controllers\Home->getMsg()
#5 C:\xampp\htdocs\app_bank_sumut\system\CodeIgniter.php(419): CodeIgniter\CodeIgniter->runController(Object(App\Controllers\Home))
#6 C:\xampp\htdocs\app_bank_sumut\system\CodeIgniter.php(326): CodeIgniter\CodeIgniter->handleRequest(NULL, Object(Config\Cache), false)
#7 C:\xampp\htdocs\app_bank_sumut\public\index.php(37): CodeIgniter\CodeIgniter->run()
#8 {main}
ERROR - 2023-05-03 22:54:18 --> Unknown column 'activity_chat.id_user' in 'on clause'
CRITICAL - 2023-05-03 22:54:18 --> Unknown column 'activity_chat.id_user' in 'on clause'
#0 C:\xampp\htdocs\app_bank_sumut\system\Database\MySQLi\Connection.php(292): mysqli->query('SELECT activity...', 0)
#1 C:\xampp\htdocs\app_bank_sumut\system\Database\BaseConnection.php(670): CodeIgniter\Database\MySQLi\Connection->execute('SELECT activity...')
#2 C:\xampp\htdocs\app_bank_sumut\system\Database\BaseConnection.php(598): CodeIgniter\Database\BaseConnection->simpleQuery('SELECT activity...')
#3 C:\xampp\htdocs\app_bank_sumut\app\Controllers\Home.php(722): CodeIgniter\Database\BaseConnection->query('SELECT activity...')
#4 C:\xampp\htdocs\app_bank_sumut\system\CodeIgniter.php(832): App\Controllers\Home->getMsg()
#5 C:\xampp\htdocs\app_bank_sumut\system\CodeIgniter.php(419): CodeIgniter\CodeIgniter->runController(Object(App\Controllers\Home))
#6 C:\xampp\htdocs\app_bank_sumut\system\CodeIgniter.php(326): CodeIgniter\CodeIgniter->handleRequest(NULL, Object(Config\Cache), false)
#7 C:\xampp\htdocs\app_bank_sumut\public\index.php(37): CodeIgniter\CodeIgniter->run()
#8 {main}
